Using pre-set license
Built from '2020.2/staging' branch; Version is '2020.2.7f1 (c53830e277f1) revision 12924976'; Using compiler version '192528614'; Build Type 'Release'
OS: 'Windows 10 Pro; OS build 19042.1348; Version 2009; 64bit' Language: 'ru' Physical Memory: 16264 MB
BatchMode: 1, IsHumanControllingUs: 0, StartBugReporterOnCrash: 0, Is64bit: 1, IsPro: 0

 COMMAND LINE ARGUMENTS:
C:\Program Files\Unity\Hub\Editor\2020.2.7f1\Editor\Unity.exe
-adb2
-batchMode
-noUpm
-name
AssetImportWorker0
-projectPath
C:/GitHub/GeekBrains/GBPlatformer
-logFile
Logs/AssetImportWorker0.log
-srvPort
58352
Successfully changed project path to: C:/GitHub/GeekBrains/GBPlatformer
C:/GitHub/GeekBrains/GBPlatformer
Using Asset Import Pipeline V2.
Refreshing native plugins compatible for Editor in 52.66 ms, found 1 plugins.
Preloading 0 native plugins for Editor in 0.00 ms.
Initialize engine version: 2020.2.7f1 (c53830e277f1)
[Subsystems] Discovering subsystems at path C:/Program Files/Unity/Hub/Editor/2020.2.7f1/Editor/Data/Resources/UnitySubsystems
[Subsystems] Discovering subsystems at path C:/GitHub/GeekBrains/GBPlatformer/Assets
GfxDevice: creating device client; threaded=0
Direct3D:
    Version:  Direct3D 11.0 [level 11.0]
    Renderer: NVIDIA Quadro M600M (ID=0x13b2)
    Vendor:   
    VRAM:     2007 MB
    Driver:   27.21.14.6294
Initialize mono
Mono path[0] = 'C:/Program Files/Unity/Hub/Editor/2020.2.7f1/Editor/Data/Managed'
Mono path[1] = 'C:/Program Files/Unity/Hub/Editor/2020.2.7f1/Editor/Data/MonoBleedingEdge/lib/mono/unityjit'
Mono config path = 'C:/Program Files/Unity/Hub/Editor/2020.2.7f1/Editor/Data/MonoBleedingEdge/etc'
Using monoOptions --debugger-agent=transport=dt_socket,embedding=1,server=y,suspend=n,address=127.0.0.1:56324
Begin MonoManager ReloadAssembly
Registering precompiled unity dll's ...
Register platform support module: C:/Program Files/Unity/Hub/Editor/2020.2.7f1/Editor/Data/PlaybackEngines/WindowsStandaloneSupport/UnityEditor.WindowsStandalone.Extensions.dll
Registered in 0.003500 seconds.
Native extension for WindowsStandalone target not found
Refreshing native plugins compatible for Editor in 54.15 ms, found 1 plugins.
Preloading 0 native plugins for Editor in 0.00 ms.
Invoked RoslynAnalysisRunner static constructor.
RoslynAnalysisRunner will not be running.
RoslynAnalysisRunner has terminated.
Mono: successfully reloaded assembly
- Completed reload, in  1.729 seconds
Platform modules already initialized, skipping
Registering precompiled user dll's ...
Registered in 0.002566 seconds.
Begin MonoManager ReloadAssembly
Native extension for WindowsStandalone target not found
Refreshing native plugins compatible for Editor in 47.10 ms, found 1 plugins.
Preloading 0 native plugins for Editor in 0.00 ms.
Invoked RoslynAnalysisRunner static constructor.
RoslynAnalysisRunner will not be running.
RoslynAnalysisRunner has terminated.
Mono: successfully reloaded assembly
- Completed reload, in  1.255 seconds
Platform modules already initialized, skipping
========================================================================
Worker process is ready to serve import requests
Launched and connected shader compiler UnityShaderCompiler.exe after 0.08 seconds
Refreshing native plugins compatible for Editor in 0.48 ms, found 1 plugins.
Preloading 0 native plugins for Editor in 0.00 ms.
Unloading 1976 Unused Serialized files (Serialized files now loaded: 0)
System memory in use before: 90.9 MB.
System memory in use after: 90.9 MB.

Unloading 25 unused Assets to reduce memory usage. Loaded Objects now: 2419.
Total: 3.135900 ms (FindLiveObjects: 0.230600 ms CreateObjectMapping: 0.079600 ms MarkObjects: 2.627400 ms  DeleteObjects: 0.196800 ms)

========================================================================
Received Import Request.
  path: Assets/Prefabs/Resources/Player.prefab
  artifactKey: Guid(66ffe75053c961b4abab2d6288504a58) Importer(815301076,1909f56bfc062723c751e8b465ee728b)
Start importing Assets/Prefabs/Resources/Player.prefab using Guid(66ffe75053c961b4abab2d6288504a58) Importer(815301076,1909f56bfc062723c751e8b465ee728b)  -> (artifact id: 'ebae8dae02ae54802d52a13eac538da4') in 0.167609 seconds
  Import took 0.176950 seconds .

========================================================================
Received Import Request.
  Time since last request: 22.272501 seconds.
  path: Assets/Prefabs/Resources/Player.prefab
  artifactKey: Guid(66ffe75053c961b4abab2d6288504a58) Importer(815301076,1909f56bfc062723c751e8b465ee728b)
Start importing Assets/Prefabs/Resources/Player.prefab using Guid(66ffe75053c961b4abab2d6288504a58) Importer(815301076,1909f56bfc062723c751e8b465ee728b)  -> (artifact id: 'c17499d0d91a952c047d3a2a61f85365') in 0.016248 seconds
  Import took 0.024366 seconds .

========================================================================
Received Prepare
Registering precompiled user dll's ...
Registered in 0.002423 seconds.
Begin MonoManager ReloadAssembly
Native extension for WindowsStandalone target not found
Refreshing native plugins compatible for Editor in 0.42 ms, found 1 plugins.
Preloading 0 native plugins for Editor in 0.00 ms.
Invoked RoslynAnalysisRunner static constructor.
RoslynAnalysisRunner will not be running.
RoslynAnalysisRunner has terminated.
Mono: successfully reloaded assembly
- Completed reload, in  1.155 seconds
Platform modules already initialized, skipping
Refreshing native plugins compatible for Editor in 0.53 ms, found 1 plugins.
Preloading 0 native plugins for Editor in 0.00 ms.
Unloading 1967 Unused Serialized files (Serialized files now loaded: 0)
System memory in use before: 93.7 MB.
System memory in use after: 93.7 MB.

Unloading 13 unused Assets to reduce memory usage. Loaded Objects now: 2430.
Total: 2.758400 ms (FindLiveObjects: 0.239900 ms CreateObjectMapping: 0.084300 ms MarkObjects: 2.232800 ms  DeleteObjects: 0.179800 ms)

========================================================================
Received Import Request.
  Time since last request: 120.286689 seconds.
  path: Assets/Prefabs/Resources/PlatformTwo 1.prefab
  artifactKey: Guid(da66d0c74e9c6ff4ca5a661a66017d85) Importer(815301076,1909f56bfc062723c751e8b465ee728b)
Start importing Assets/Prefabs/Resources/PlatformTwo 1.prefab using Guid(da66d0c74e9c6ff4ca5a661a66017d85) Importer(815301076,1909f56bfc062723c751e8b465ee728b)  -> (artifact id: 'a8324860c7eb8d9c551f2eb96fcd23fd') in 0.086282 seconds
  Import took 0.093520 seconds .

========================================================================
Received Import Request.
  Time since last request: 11.178942 seconds.
  path: Assets/Prefabs/Resources/PlatformOne.prefab
  artifactKey: Guid(da66d0c74e9c6ff4ca5a661a66017d85) Importer(815301076,1909f56bfc062723c751e8b465ee728b)
Start importing Assets/Prefabs/Resources/PlatformOne.prefab using Guid(da66d0c74e9c6ff4ca5a661a66017d85) Importer(815301076,1909f56bfc062723c751e8b465ee728b)  -> (artifact id: 'c2fe69db01aff99516ae3975eba0176a') in 0.014327 seconds
  Import took 0.024540 seconds .

========================================================================
Received Import Request.
  Time since last request: 0.026790 seconds.
  path: Assets/Prefabs/Resources/PlatformOne.prefab
  artifactKey: Guid(da66d0c74e9c6ff4ca5a661a66017d85) Importer(815301076,1909f56bfc062723c751e8b465ee728b)
Start importing Assets/Prefabs/Resources/PlatformOne.prefab using Guid(da66d0c74e9c6ff4ca5a661a66017d85) Importer(815301076,1909f56bfc062723c751e8b465ee728b)  -> (artifact id: 'c2fe69db01aff99516ae3975eba0176a') in 0.011672 seconds
  Import took 0.018589 seconds .

========================================================================
Received Import Request.
  Time since last request: 6.669008 seconds.
  path: Assets/Prefabs/Resources/PlatformOne.prefab
  artifactKey: Guid(da66d0c74e9c6ff4ca5a661a66017d85) Importer(815301076,1909f56bfc062723c751e8b465ee728b)
Start importing Assets/Prefabs/Resources/PlatformOne.prefab using Guid(da66d0c74e9c6ff4ca5a661a66017d85) Importer(815301076,1909f56bfc062723c751e8b465ee728b)  -> (artifact id: '57f8b189be6f22b09112d057d6c486ed') in 0.011414 seconds
  Import took 0.019292 seconds .

========================================================================
Received Import Request.
  Time since last request: 7.451454 seconds.
  path: Assets/Prefabs/Resources/PlatformOne.prefab
  artifactKey: Guid(da66d0c74e9c6ff4ca5a661a66017d85) Importer(815301076,1909f56bfc062723c751e8b465ee728b)
Start importing Assets/Prefabs/Resources/PlatformOne.prefab using Guid(da66d0c74e9c6ff4ca5a661a66017d85) Importer(815301076,1909f56bfc062723c751e8b465ee728b)  -> (artifact id: '1236b8247d7580cea3ecaf3eef58dd84') in 0.014790 seconds
  Import took 0.025199 seconds .

========================================================================
Received Import Request.
  Time since last request: 6.472764 seconds.
  path: Assets/Prefabs/Resources/PlatformOne.prefab
  artifactKey: Guid(da66d0c74e9c6ff4ca5a661a66017d85) Importer(815301076,1909f56bfc062723c751e8b465ee728b)
Start importing Assets/Prefabs/Resources/PlatformOne.prefab using Guid(da66d0c74e9c6ff4ca5a661a66017d85) Importer(815301076,1909f56bfc062723c751e8b465ee728b)  -> (artifact id: '4f34e62c7bb84b4d108f69c335cbabc8') in 0.014466 seconds
  Import took 0.025152 seconds .

========================================================================
Received Import Request.
  Time since last request: 6.633911 seconds.
  path: Assets/Prefabs/Resources/PlatformOne.prefab
  artifactKey: Guid(da66d0c74e9c6ff4ca5a661a66017d85) Importer(815301076,1909f56bfc062723c751e8b465ee728b)
Start importing Assets/Prefabs/Resources/PlatformOne.prefab using Guid(da66d0c74e9c6ff4ca5a661a66017d85) Importer(815301076,1909f56bfc062723c751e8b465ee728b)  -> (artifact id: 'd28b48515b30ca1d3237c8aee7cb5a7f') in 0.013261 seconds
  Import took 0.024124 seconds .

========================================================================
Received Import Request.
  Time since last request: 12.467954 seconds.
  path: Assets/Prefabs/Resources/PlatformOne.prefab
  artifactKey: Guid(da66d0c74e9c6ff4ca5a661a66017d85) Importer(815301076,1909f56bfc062723c751e8b465ee728b)
Start importing Assets/Prefabs/Resources/PlatformOne.prefab using Guid(da66d0c74e9c6ff4ca5a661a66017d85) Importer(815301076,1909f56bfc062723c751e8b465ee728b)  -> (artifact id: '554b1a172035e76e48202cec1f326b77') in 0.014051 seconds
  Import took 0.022385 seconds .

========================================================================
Received Import Request.
  Time since last request: 1.386090 seconds.
  path: Assets/Prefabs/Resources/PlatformOne.prefab
  artifactKey: Guid(da66d0c74e9c6ff4ca5a661a66017d85) Importer(815301076,1909f56bfc062723c751e8b465ee728b)
Start importing Assets/Prefabs/Resources/PlatformOne.prefab using Guid(da66d0c74e9c6ff4ca5a661a66017d85) Importer(815301076,1909f56bfc062723c751e8b465ee728b)  -> (artifact id: 'ae6106dbd0462c0ac8faaca3a8dfe07f') in 0.012525 seconds
  Import took 0.022198 seconds .

========================================================================
Received Import Request.
  Time since last request: 4.225707 seconds.
  path: Assets/Prefabs/Resources/PlatformOne.prefab
  artifactKey: Guid(da66d0c74e9c6ff4ca5a661a66017d85) Importer(815301076,1909f56bfc062723c751e8b465ee728b)
Start importing Assets/Prefabs/Resources/PlatformOne.prefab using Guid(da66d0c74e9c6ff4ca5a661a66017d85) Importer(815301076,1909f56bfc062723c751e8b465ee728b)  -> (artifact id: 'db0d8ab33a17c6f586922b6d3f8cf91d') in 0.011598 seconds
  Import took 0.018301 seconds .

========================================================================
Received Import Request.
  Time since last request: 533.379183 seconds.
  path: Assets/Code/Config/QuestConfig.cs
  artifactKey: Guid(c7e942726ee8cc14f979c16c8b585744) Importer(815301076,1909f56bfc062723c751e8b465ee728b)
Start importing Assets/Code/Config/QuestConfig.cs using Guid(c7e942726ee8cc14f979c16c8b585744) Importer(815301076,1909f56bfc062723c751e8b465ee728b)  -> (artifact id: 'ead657108ac4ac291a6366806b731049') in 0.076365 seconds
  Import took 0.088952 seconds .

========================================================================
Received Prepare
Registering precompiled user dll's ...
Registered in 0.002462 seconds.
Begin MonoManager ReloadAssembly
Native extension for WindowsStandalone target not found
Refreshing native plugins compatible for Editor in 0.42 ms, found 1 plugins.
Preloading 0 native plugins for Editor in 0.00 ms.
Invoked RoslynAnalysisRunner static constructor.
RoslynAnalysisRunner will not be running.
RoslynAnalysisRunner has terminated.
Mono: successfully reloaded assembly
- Completed reload, in  1.257 seconds
Platform modules already initialized, skipping
Refreshing native plugins compatible for Editor in 0.59 ms, found 1 plugins.
Preloading 0 native plugins for Editor in 0.00 ms.
Unloading 1968 Unused Serialized files (Serialized files now loaded: 0)
System memory in use before: 93.8 MB.
System memory in use after: 93.7 MB.

Unloading 13 unused Assets to reduce memory usage. Loaded Objects now: 2436.
Total: 3.770400 ms (FindLiveObjects: 0.623200 ms CreateObjectMapping: 0.166900 ms MarkObjects: 2.805500 ms  DeleteObjects: 0.173600 ms)

========================================================================
Received Import Request.
  Time since last request: 175.766064 seconds.
  path: Assets/Code/Config/QuestConfig.cs
  artifactKey: Guid(c7e942726ee8cc14f979c16c8b585744) Importer(815301076,1909f56bfc062723c751e8b465ee728b)
Start importing Assets/Code/Config/QuestConfig.cs using Guid(c7e942726ee8cc14f979c16c8b585744) Importer(815301076,1909f56bfc062723c751e8b465ee728b)  -> (artifact id: '9b33ce439b9ee9d91c46f373aa45362e') in 0.011132 seconds
  Import took 0.021731 seconds .

========================================================================
Received Prepare
Registering precompiled user dll's ...
Registered in 0.002398 seconds.
Begin MonoManager ReloadAssembly
Native extension for WindowsStandalone target not found
Refreshing native plugins compatible for Editor in 0.44 ms, found 1 plugins.
Preloading 0 native plugins for Editor in 0.00 ms.
Invoked RoslynAnalysisRunner static constructor.
RoslynAnalysisRunner will not be running.
RoslynAnalysisRunner has terminated.
Mono: successfully reloaded assembly
- Completed reload, in  1.199 seconds
Platform modules already initialized, skipping
Refreshing native plugins compatible for Editor in 0.50 ms, found 1 plugins.
Preloading 0 native plugins for Editor in 0.00 ms.
Unloading 1968 Unused Serialized files (Serialized files now loaded: 0)
System memory in use before: 93.8 MB.
System memory in use after: 93.8 MB.

Unloading 13 unused Assets to reduce memory usage. Loaded Objects now: 2440.
Total: 3.826500 ms (FindLiveObjects: 0.465600 ms CreateObjectMapping: 0.094200 ms MarkObjects: 3.107700 ms  DeleteObjects: 0.157100 ms)

========================================================================
Received Import Request.
  Time since last request: 180.831915 seconds.
  path: Assets/Code/Config/SpriteAnimCfg.asset
  artifactKey: Guid(2d9c2a53e95d44643839139b44c2d1a8) Importer(815301076,1909f56bfc062723c751e8b465ee728b)
Start importing Assets/Code/Config/SpriteAnimCfg.asset using Guid(2d9c2a53e95d44643839139b44c2d1a8) Importer(815301076,1909f56bfc062723c751e8b465ee728b)  -> (artifact id: '1c56de33db3cdc08f5d50bdec7cd41ae') in 0.024936 seconds
  Import took 0.033046 seconds .

========================================================================
Received Import Request.
  Time since last request: 0.011305 seconds.
  path: Assets/Code/Config/SpriteAnimCfg.asset
  artifactKey: Guid(2d9c2a53e95d44643839139b44c2d1a8) Importer(815301076,1909f56bfc062723c751e8b465ee728b)
Start importing Assets/Code/Config/SpriteAnimCfg.asset using Guid(2d9c2a53e95d44643839139b44c2d1a8) Importer(815301076,1909f56bfc062723c751e8b465ee728b)  -> (artifact id: '1c56de33db3cdc08f5d50bdec7cd41ae') in 0.005231 seconds
  Import took 0.012567 seconds .

========================================================================
Received Prepare
Registering precompiled user dll's ...
Registered in 0.003645 seconds.
Begin MonoManager ReloadAssembly
Native extension for WindowsStandalone target not found
Refreshing native plugins compatible for Editor in 0.43 ms, found 1 plugins.
Preloading 0 native plugins for Editor in 0.00 ms.
Invoked RoslynAnalysisRunner static constructor.
RoslynAnalysisRunner will not be running.
RoslynAnalysisRunner has terminated.
Mono: successfully reloaded assembly
- Completed reload, in  1.157 seconds
Platform modules already initialized, skipping
Refreshing native plugins compatible for Editor in 0.57 ms, found 1 plugins.
Preloading 0 native plugins for Editor in 0.00 ms.
Unloading 1968 Unused Serialized files (Serialized files now loaded: 0)
System memory in use before: 93.8 MB.
System memory in use after: 93.8 MB.

Unloading 13 unused Assets to reduce memory usage. Loaded Objects now: 2444.
Total: 4.334100 ms (FindLiveObjects: 0.394300 ms CreateObjectMapping: 0.095700 ms MarkObjects: 3.665700 ms  DeleteObjects: 0.177200 ms)

========================================================================
Received Prepare
Registering precompiled user dll's ...
Registered in 0.002806 seconds.
Begin MonoManager ReloadAssembly
Native extension for WindowsStandalone target not found
Refreshing native plugins compatible for Editor in 0.45 ms, found 1 plugins.
Preloading 0 native plugins for Editor in 0.00 ms.
Invoked RoslynAnalysisRunner static constructor.
RoslynAnalysisRunner will not be running.
RoslynAnalysisRunner has terminated.
Mono: successfully reloaded assembly
- Completed reload, in  1.233 seconds
Platform modules already initialized, skipping
Refreshing native plugins compatible for Editor in 0.77 ms, found 1 plugins.
Preloading 0 native plugins for Editor in 0.00 ms.
Unloading 1968 Unused Serialized files (Serialized files now loaded: 0)
System memory in use before: 93.8 MB.
System memory in use after: 93.8 MB.

Unloading 13 unused Assets to reduce memory usage. Loaded Objects now: 2448.
Total: 3.456300 ms (FindLiveObjects: 0.376000 ms CreateObjectMapping: 0.274300 ms MarkObjects: 2.552900 ms  DeleteObjects: 0.251500 ms)

========================================================================
Received Prepare
Registering precompiled user dll's ...
Registered in 0.002675 seconds.
Begin MonoManager ReloadAssembly
Native extension for WindowsStandalone target not found
Refreshing native plugins compatible for Editor in 0.44 ms, found 1 plugins.
Preloading 0 native plugins for Editor in 0.00 ms.
Invoked RoslynAnalysisRunner static constructor.
RoslynAnalysisRunner will not be running.
RoslynAnalysisRunner has terminated.
Mono: successfully reloaded assembly
- Completed reload, in  1.176 seconds
Platform modules already initialized, skipping
Refreshing native plugins compatible for Editor in 0.79 ms, found 1 plugins.
Preloading 0 native plugins for Editor in 0.00 ms.
Unloading 1968 Unused Serialized files (Serialized files now loaded: 0)
System memory in use before: 93.8 MB.
System memory in use after: 93.8 MB.

Unloading 13 unused Assets to reduce memory usage. Loaded Objects now: 2452.
Total: 2.706900 ms (FindLiveObjects: 0.271100 ms CreateObjectMapping: 0.140700 ms MarkObjects: 2.113200 ms  DeleteObjects: 0.180900 ms)

========================================================================
Received Import Request.
  Time since last request: 483.236758 seconds.
  path: Assets/Code/Config/QuestItemConfig.cs
  artifactKey: Guid(f38504d6c42dc8c49a58b159abd6b0bb) Importer(815301076,1909f56bfc062723c751e8b465ee728b)
Start importing Assets/Code/Config/QuestItemConfig.cs using Guid(f38504d6c42dc8c49a58b159abd6b0bb) Importer(815301076,1909f56bfc062723c751e8b465ee728b)  -> (artifact id: 'dfa4d491ea0cc8046bce128b8a31986a') in 0.008601 seconds
  Import took 0.018548 seconds .

========================================================================
Received Prepare
Registering precompiled user dll's ...
Registered in 0.002235 seconds.
Begin MonoManager ReloadAssembly
Native extension for WindowsStandalone target not found
Refreshing native plugins compatible for Editor in 0.46 ms, found 1 plugins.
Preloading 0 native plugins for Editor in 0.00 ms.
Invoked RoslynAnalysisRunner static constructor.
RoslynAnalysisRunner will not be running.
RoslynAnalysisRunner has terminated.
Mono: successfully reloaded assembly
- Completed reload, in  1.192 seconds
Platform modules already initialized, skipping
Refreshing native plugins compatible for Editor in 1.00 ms, found 1 plugins.
Preloading 0 native plugins for Editor in 0.00 ms.
Unloading 1969 Unused Serialized files (Serialized files now loaded: 0)
System memory in use before: 93.9 MB.
System memory in use after: 93.8 MB.

Unloading 13 unused Assets to reduce memory usage. Loaded Objects now: 2457.
Total: 7.524200 ms (FindLiveObjects: 0.469300 ms CreateObjectMapping: 0.200400 ms MarkObjects: 6.469400 ms  DeleteObjects: 0.381400 ms)

========================================================================
Received Prepare
Registering precompiled user dll's ...
Registered in 0.002274 seconds.
Begin MonoManager ReloadAssembly
Native extension for WindowsStandalone target not found
Refreshing native plugins compatible for Editor in 0.45 ms, found 1 plugins.
Preloading 0 native plugins for Editor in 0.00 ms.
Invoked RoslynAnalysisRunner static constructor.
RoslynAnalysisRunner will not be running.
RoslynAnalysisRunner has terminated.
Mono: successfully reloaded assembly
- Completed reload, in  1.143 seconds
Platform modules already initialized, skipping
Refreshing native plugins compatible for Editor in 0.52 ms, found 1 plugins.
Preloading 0 native plugins for Editor in 0.00 ms.
Unloading 1969 Unused Serialized files (Serialized files now loaded: 0)
System memory in use before: 93.9 MB.
System memory in use after: 93.9 MB.

Unloading 13 unused Assets to reduce memory usage. Loaded Objects now: 2461.
Total: 3.273600 ms (FindLiveObjects: 0.464300 ms CreateObjectMapping: 0.119100 ms MarkObjects: 2.381800 ms  DeleteObjects: 0.306700 ms)

========================================================================
Received Import Request.
  Time since last request: 197.086769 seconds.
  path: Assets/Code/Config/QuestItemConfig.cs
  artifactKey: Guid(f38504d6c42dc8c49a58b159abd6b0bb) Importer(815301076,1909f56bfc062723c751e8b465ee728b)
Start importing Assets/Code/Config/QuestItemConfig.cs using Guid(f38504d6c42dc8c49a58b159abd6b0bb) Importer(815301076,1909f56bfc062723c751e8b465ee728b)  -> (artifact id: 'df43ef56a542e241947bece35a2cb9c6') in 0.007677 seconds
  Import took 0.017379 seconds .

========================================================================
Received Prepare
Registering precompiled user dll's ...
Registered in 0.002351 seconds.
Begin MonoManager ReloadAssembly
Native extension for WindowsStandalone target not found
Refreshing native plugins compatible for Editor in 0.49 ms, found 1 plugins.
Preloading 0 native plugins for Editor in 0.00 ms.
Invoked RoslynAnalysisRunner static constructor.
RoslynAnalysisRunner will not be running.
RoslynAnalysisRunner has terminated.
Mono: successfully reloaded assembly
- Completed reload, in  1.271 seconds
Platform modules already initialized, skipping
Refreshing native plugins compatible for Editor in 0.50 ms, found 1 plugins.
Preloading 0 native plugins for Editor in 0.00 ms.
Unloading 1969 Unused Serialized files (Serialized files now loaded: 0)
System memory in use before: 93.9 MB.
System memory in use after: 93.9 MB.

Unloading 13 unused Assets to reduce memory usage. Loaded Objects now: 2465.
Total: 4.699400 ms (FindLiveObjects: 0.293900 ms CreateObjectMapping: 0.064800 ms MarkObjects: 4.143500 ms  DeleteObjects: 0.195200 ms)

========================================================================
Received Prepare
Registering precompiled user dll's ...
Registered in 0.002459 seconds.
Begin MonoManager ReloadAssembly
Native extension for WindowsStandalone target not found
Refreshing native plugins compatible for Editor in 0.51 ms, found 1 plugins.
Preloading 0 native plugins for Editor in 0.00 ms.
Invoked RoslynAnalysisRunner static constructor.
RoslynAnalysisRunner will not be running.
RoslynAnalysisRunner has terminated.
Mono: successfully reloaded assembly
- Completed reload, in  1.182 seconds
Platform modules already initialized, skipping
Refreshing native plugins compatible for Editor in 0.48 ms, found 1 plugins.
Preloading 0 native plugins for Editor in 0.00 ms.
Unloading 1970 Unused Serialized files (Serialized files now loaded: 0)
System memory in use before: 93.9 MB.
System memory in use after: 93.9 MB.

Unloading 13 unused Assets to reduce memory usage. Loaded Objects now: 2470.
Total: 4.788300 ms (FindLiveObjects: 0.376400 ms CreateObjectMapping: 0.124400 ms MarkObjects: 4.124700 ms  DeleteObjects: 0.144800 ms)

========================================================================
Received Prepare
Registering precompiled user dll's ...
Registered in 0.002655 seconds.
Begin MonoManager ReloadAssembly
Native extension for WindowsStandalone target not found
Refreshing native plugins compatible for Editor in 0.45 ms, found 1 plugins.
Preloading 0 native plugins for Editor in 0.00 ms.
Invoked RoslynAnalysisRunner static constructor.
RoslynAnalysisRunner will not be running.
RoslynAnalysisRunner has terminated.
Mono: successfully reloaded assembly
- Completed reload, in  1.154 seconds
Platform modules already initialized, skipping
Refreshing native plugins compatible for Editor in 0.48 ms, found 1 plugins.
Preloading 0 native plugins for Editor in 0.00 ms.
Unloading 1970 Unused Serialized files (Serialized files now loaded: 0)
System memory in use before: 93.9 MB.
System memory in use after: 93.9 MB.

Unloading 13 unused Assets to reduce memory usage. Loaded Objects now: 2474.
Total: 2.885400 ms (FindLiveObjects: 0.280600 ms CreateObjectMapping: 0.179000 ms MarkObjects: 2.201700 ms  DeleteObjects: 0.202900 ms)

========================================================================
Received Import Request.
  Time since last request: 537.999888 seconds.
  path: Assets/Configs/Resources/QuestCfg.asset
  artifactKey: Guid(65c2cf9c6cddf804aa7a8e30502d391f) Importer(815301076,1909f56bfc062723c751e8b465ee728b)
Start importing Assets/Configs/Resources/QuestCfg.asset using Guid(65c2cf9c6cddf804aa7a8e30502d391f) Importer(815301076,1909f56bfc062723c751e8b465ee728b)  -> (artifact id: '66aa9f9b693c816e7662bff25bad4bfc') in 0.023571 seconds
  Import took 0.035861 seconds .

========================================================================
Received Import Request.
  Time since last request: 0.035200 seconds.
  path: Assets/Configs/Resources/QuestCfg.asset
  artifactKey: Guid(65c2cf9c6cddf804aa7a8e30502d391f) Importer(815301076,1909f56bfc062723c751e8b465ee728b)
Start importing Assets/Configs/Resources/QuestCfg.asset using Guid(65c2cf9c6cddf804aa7a8e30502d391f) Importer(815301076,1909f56bfc062723c751e8b465ee728b)  -> (artifact id: '66aa9f9b693c816e7662bff25bad4bfc') in 0.005389 seconds
  Import took 0.012646 seconds .

========================================================================
Received Import Request.
  Time since last request: 6.392743 seconds.
  path: Assets/Configs/Resources/Quest577.asset
  artifactKey: Guid(65c2cf9c6cddf804aa7a8e30502d391f) Importer(815301076,1909f56bfc062723c751e8b465ee728b)
Start importing Assets/Configs/Resources/Quest577.asset using Guid(65c2cf9c6cddf804aa7a8e30502d391f) Importer(815301076,1909f56bfc062723c751e8b465ee728b)  -> (artifact id: 'de4e36f7b7eca749e4afb033165528d3') in 0.005091 seconds
  Import took 0.013081 seconds .

========================================================================
Received Import Request.
  Time since last request: 0.027759 seconds.
  path: Assets/Configs/Resources/Quest577.asset
  artifactKey: Guid(65c2cf9c6cddf804aa7a8e30502d391f) Importer(815301076,1909f56bfc062723c751e8b465ee728b)
Start importing Assets/Configs/Resources/Quest577.asset using Guid(65c2cf9c6cddf804aa7a8e30502d391f) Importer(815301076,1909f56bfc062723c751e8b465ee728b)  -> (artifact id: 'de4e36f7b7eca749e4afb033165528d3') in 0.004342 seconds
  Import took 0.011815 seconds .

========================================================================
Received Import Request.
  Time since last request: 34.223046 seconds.
  path: Assets/Configs/Resources/Quest578.asset
  artifactKey: Guid(e09f320497af86944a475c1869985914) Importer(815301076,1909f56bfc062723c751e8b465ee728b)
Start importing Assets/Configs/Resources/Quest578.asset using Guid(e09f320497af86944a475c1869985914) Importer(815301076,1909f56bfc062723c751e8b465ee728b)  -> (artifact id: '69c48cdb13c525713365bae64960bcaf') in 0.006483 seconds
  Import took 0.016587 seconds .

========================================================================
Received Import Request.
  Time since last request: 0.027383 seconds.
  path: Assets/Configs/Resources/Quest578.asset
  artifactKey: Guid(e09f320497af86944a475c1869985914) Importer(815301076,1909f56bfc062723c751e8b465ee728b)
Start importing Assets/Configs/Resources/Quest578.asset using Guid(e09f320497af86944a475c1869985914) Importer(815301076,1909f56bfc062723c751e8b465ee728b)  -> (artifact id: '69c48cdb13c525713365bae64960bcaf') in 0.005320 seconds
  Import took 0.012756 seconds .

========================================================================
Received Import Request.
  Time since last request: 40.530625 seconds.
  path: Assets/Configs/Resources/ItemCfg.asset
  artifactKey: Guid(d1231079c69732a4eb7f75b8320e723f) Importer(815301076,1909f56bfc062723c751e8b465ee728b)
Start importing Assets/Configs/Resources/ItemCfg.asset using Guid(d1231079c69732a4eb7f75b8320e723f) Importer(815301076,1909f56bfc062723c751e8b465ee728b)  -> (artifact id: '110d014e12247d7db1440fbdc091d4fc') in 0.011420 seconds
  Import took 0.021926 seconds .

========================================================================
Received Import Request.
  Time since last request: 0.035349 seconds.
  path: Assets/Configs/Resources/ItemCfg.asset
  artifactKey: Guid(d1231079c69732a4eb7f75b8320e723f) Importer(815301076,1909f56bfc062723c751e8b465ee728b)
Start importing Assets/Configs/Resources/ItemCfg.asset using Guid(d1231079c69732a4eb7f75b8320e723f) Importer(815301076,1909f56bfc062723c751e8b465ee728b)  -> (artifact id: '110d014e12247d7db1440fbdc091d4fc') in 0.003797 seconds
  Import took 0.010975 seconds .

========================================================================
Received Import Request.
  Time since last request: 11.889878 seconds.
  path: Assets/Configs/Resources/Coin.asset
  artifactKey: Guid(d1231079c69732a4eb7f75b8320e723f) Importer(815301076,1909f56bfc062723c751e8b465ee728b)
Start importing Assets/Configs/Resources/Coin.asset using Guid(d1231079c69732a4eb7f75b8320e723f) Importer(815301076,1909f56bfc062723c751e8b465ee728b)  -> (artifact id: '567f2fa6d3120e5001ceea2cf8373b6b') in 0.005813 seconds
  Import took 0.015359 seconds .

========================================================================
Received Import Request.
  Time since last request: 0.025526 seconds.
  path: Assets/Configs/Resources/Coin.asset
  artifactKey: Guid(d1231079c69732a4eb7f75b8320e723f) Importer(815301076,1909f56bfc062723c751e8b465ee728b)
Start importing Assets/Configs/Resources/Coin.asset using Guid(d1231079c69732a4eb7f75b8320e723f) Importer(815301076,1909f56bfc062723c751e8b465ee728b)  -> (artifact id: '567f2fa6d3120e5001ceea2cf8373b6b') in 0.005800 seconds
  Import took 0.012521 seconds .

========================================================================
Received Import Request.
  Time since last request: 9.806594 seconds.
  path: Assets/Configs/Resources/Coin577.asset
  artifactKey: Guid(d1231079c69732a4eb7f75b8320e723f) Importer(815301076,1909f56bfc062723c751e8b465ee728b)
Start importing Assets/Configs/Resources/Coin577.asset using Guid(d1231079c69732a4eb7f75b8320e723f) Importer(815301076,1909f56bfc062723c751e8b465ee728b)  -> (artifact id: '84f84bce530cfd0eeb7465edc8141246') in 0.005959 seconds
  Import took 0.012902 seconds .

========================================================================
Received Import Request.
  Time since last request: 0.029573 seconds.
  path: Assets/Configs/Resources/Coin577.asset
  artifactKey: Guid(d1231079c69732a4eb7f75b8320e723f) Importer(815301076,1909f56bfc062723c751e8b465ee728b)
Start importing Assets/Configs/Resources/Coin577.asset using Guid(d1231079c69732a4eb7f75b8320e723f) Importer(815301076,1909f56bfc062723c751e8b465ee728b)  -> (artifact id: '84f84bce530cfd0eeb7465edc8141246') in 0.004432 seconds
  Import took 0.011172 seconds .

========================================================================
Received Import Request.
  Time since last request: 33.958587 seconds.
  path: Assets/Configs/Resources/577_Coin.asset
  artifactKey: Guid(d1231079c69732a4eb7f75b8320e723f) Importer(815301076,1909f56bfc062723c751e8b465ee728b)
Start importing Assets/Configs/Resources/577_Coin.asset using Guid(d1231079c69732a4eb7f75b8320e723f) Importer(815301076,1909f56bfc062723c751e8b465ee728b)  -> (artifact id: '14fc3b83f735ac29e74928dbbe5f9863') in 0.005454 seconds
  Import took 0.013654 seconds .

========================================================================
Received Import Request.
  Time since last request: 0.031164 seconds.
  path: Assets/Configs/Resources/577_Coin.asset
  artifactKey: Guid(d1231079c69732a4eb7f75b8320e723f) Importer(815301076,1909f56bfc062723c751e8b465ee728b)
Start importing Assets/Configs/Resources/577_Coin.asset using Guid(d1231079c69732a4eb7f75b8320e723f) Importer(815301076,1909f56bfc062723c751e8b465ee728b)  -> (artifact id: '14fc3b83f735ac29e74928dbbe5f9863') in 0.005504 seconds
  Import took 0.012524 seconds .

========================================================================
Received Import Request.
  Time since last request: 8.225115 seconds.
  path: Assets/Configs/Resources/577_Quest.asset
  artifactKey: Guid(65c2cf9c6cddf804aa7a8e30502d391f) Importer(815301076,1909f56bfc062723c751e8b465ee728b)
Start importing Assets/Configs/Resources/577_Quest.asset using Guid(65c2cf9c6cddf804aa7a8e30502d391f) Importer(815301076,1909f56bfc062723c751e8b465ee728b)  -> (artifact id: '50eec011f0ca683a32de149e0089a763') in 0.006004 seconds
  Import took 0.014980 seconds .

========================================================================
Received Import Request.
  Time since last request: 0.026486 seconds.
  path: Assets/Configs/Resources/577_Quest.asset
  artifactKey: Guid(65c2cf9c6cddf804aa7a8e30502d391f) Importer(815301076,1909f56bfc062723c751e8b465ee728b)
Start importing Assets/Configs/Resources/577_Quest.asset using Guid(65c2cf9c6cddf804aa7a8e30502d391f) Importer(815301076,1909f56bfc062723c751e8b465ee728b)  -> (artifact id: '50eec011f0ca683a32de149e0089a763') in 0.004832 seconds
  Import took 0.011668 seconds .

========================================================================
Received Import Request.
  Time since last request: 13.762310 seconds.
  path: Assets/Configs/Resources/578_Quest.asset
  artifactKey: Guid(e09f320497af86944a475c1869985914) Importer(815301076,1909f56bfc062723c751e8b465ee728b)
Start importing Assets/Configs/Resources/578_Quest.asset using Guid(e09f320497af86944a475c1869985914) Importer(815301076,1909f56bfc062723c751e8b465ee728b)  -> (artifact id: '1f79e21b16658df40a0cc9d60c01790b') in 0.005058 seconds
  Import took 0.011438 seconds .

========================================================================
Received Import Request.
  Time since last request: 0.027855 seconds.
  path: Assets/Configs/Resources/578_Quest.asset
  artifactKey: Guid(e09f320497af86944a475c1869985914) Importer(815301076,1909f56bfc062723c751e8b465ee728b)
Start importing Assets/Configs/Resources/578_Quest.asset using Guid(e09f320497af86944a475c1869985914) Importer(815301076,1909f56bfc062723c751e8b465ee728b)  -> (artifact id: '1f79e21b16658df40a0cc9d60c01790b') in 0.005341 seconds
  Import took 0.011855 seconds .

========================================================================
Received Import Request.
  Time since last request: 375.247936 seconds.
  path: Assets/Configs/Resources/QuestStoryCfg.asset
  artifactKey: Guid(ca252e773045cf146b3993f42d1a76e0) Importer(815301076,1909f56bfc062723c751e8b465ee728b)
Start importing Assets/Configs/Resources/QuestStoryCfg.asset using Guid(ca252e773045cf146b3993f42d1a76e0) Importer(815301076,1909f56bfc062723c751e8b465ee728b)  -> (artifact id: 'dd4566973612a9b02e2ef4e750613129') in 0.006250 seconds
  Import took 0.014029 seconds .

========================================================================
Received Import Request.
  Time since last request: 0.034631 seconds.
  path: Assets/Configs/Resources/QuestStoryCfg.asset
  artifactKey: Guid(ca252e773045cf146b3993f42d1a76e0) Importer(815301076,1909f56bfc062723c751e8b465ee728b)
Start importing Assets/Configs/Resources/QuestStoryCfg.asset using Guid(ca252e773045cf146b3993f42d1a76e0) Importer(815301076,1909f56bfc062723c751e8b465ee728b)  -> (artifact id: 'dd4566973612a9b02e2ef4e750613129') in 0.004095 seconds
  Import took 0.009737 seconds .

========================================================================
Received Import Request.
  Time since last request: 17.340637 seconds.
  path: Assets/Configs/Resources/Story1.asset
  artifactKey: Guid(ca252e773045cf146b3993f42d1a76e0) Importer(815301076,1909f56bfc062723c751e8b465ee728b)
Start importing Assets/Configs/Resources/Story1.asset using Guid(ca252e773045cf146b3993f42d1a76e0) Importer(815301076,1909f56bfc062723c751e8b465ee728b)  -> (artifact id: 'c3458d7a67be78a3e86cee3803754c54') in 0.005208 seconds
  Import took 0.012150 seconds .

========================================================================
Received Import Request.
  Time since last request: 0.044377 seconds.
  path: Assets/Configs/Resources/Story1.asset
  artifactKey: Guid(ca252e773045cf146b3993f42d1a76e0) Importer(815301076,1909f56bfc062723c751e8b465ee728b)
Start importing Assets/Configs/Resources/Story1.asset using Guid(ca252e773045cf146b3993f42d1a76e0) Importer(815301076,1909f56bfc062723c751e8b465ee728b)  -> (artifact id: 'c3458d7a67be78a3e86cee3803754c54') in 0.004474 seconds
  Import took 0.011376 seconds .

========================================================================
Received Import Request.
  Time since last request: 12.732279 seconds.
  path: Assets/Configs/Resources/Story01.asset
  artifactKey: Guid(ca252e773045cf146b3993f42d1a76e0) Importer(815301076,1909f56bfc062723c751e8b465ee728b)
Start importing Assets/Configs/Resources/Story01.asset using Guid(ca252e773045cf146b3993f42d1a76e0) Importer(815301076,1909f56bfc062723c751e8b465ee728b)  -> (artifact id: '831e581a7f5f286683a8e96f457aea41') in 0.005444 seconds
  Import took 0.013038 seconds .

========================================================================
Received Import Request.
  Time since last request: 0.030839 seconds.
  path: Assets/Configs/Resources/Story01.asset
  artifactKey: Guid(ca252e773045cf146b3993f42d1a76e0) Importer(815301076,1909f56bfc062723c751e8b465ee728b)
Start importing Assets/Configs/Resources/Story01.asset using Guid(ca252e773045cf146b3993f42d1a76e0) Importer(815301076,1909f56bfc062723c751e8b465ee728b)  -> (artifact id: '831e581a7f5f286683a8e96f457aea41') in 0.005107 seconds
  Import took 0.011661 seconds .

========================================================================
Received Prepare
Registering precompiled user dll's ...
Registered in 0.005275 seconds.
Begin MonoManager ReloadAssembly
Native extension for WindowsStandalone target not found
Refreshing native plugins compatible for Editor in 0.77 ms, found 1 plugins.
Preloading 0 native plugins for Editor in 0.00 ms.
Invoked RoslynAnalysisRunner static constructor.
RoslynAnalysisRunner will not be running.
RoslynAnalysisRunner has terminated.
Mono: successfully reloaded assembly
- Completed reload, in  1.336 seconds
Platform modules already initialized, skipping
Refreshing native plugins compatible for Editor in 0.62 ms, found 1 plugins.
Preloading 0 native plugins for Editor in 0.00 ms.
Unloading 1971 Unused Serialized files (Serialized files now loaded: 0)
System memory in use before: 93.9 MB.
System memory in use after: 93.9 MB.

Unloading 13 unused Assets to reduce memory usage. Loaded Objects now: 2479.
Total: 4.043900 ms (FindLiveObjects: 0.834100 ms CreateObjectMapping: 0.253900 ms MarkObjects: 2.766300 ms  DeleteObjects: 0.186000 ms)

========================================================================
Received Prepare
Registering precompiled user dll's ...
Registered in 0.002250 seconds.
Begin MonoManager ReloadAssembly
Native extension for WindowsStandalone target not found
Refreshing native plugins compatible for Editor in 0.44 ms, found 1 plugins.
Preloading 0 native plugins for Editor in 0.00 ms.
Invoked RoslynAnalysisRunner static constructor.
RoslynAnalysisRunner will not be running.
RoslynAnalysisRunner has terminated.
Mono: successfully reloaded assembly
- Completed reload, in  1.195 seconds
Platform modules already initialized, skipping
Refreshing native plugins compatible for Editor in 0.47 ms, found 1 plugins.
Preloading 0 native plugins for Editor in 0.00 ms.
Unloading 1972 Unused Serialized files (Serialized files now loaded: 0)
System memory in use before: 94.0 MB.
System memory in use after: 94.0 MB.

Unloading 13 unused Assets to reduce memory usage. Loaded Objects now: 2484.
Total: 3.881600 ms (FindLiveObjects: 0.391500 ms CreateObjectMapping: 0.201600 ms MarkObjects: 3.102200 ms  DeleteObjects: 0.184600 ms)

========================================================================
Received Prepare
Registering precompiled user dll's ...
Registered in 0.003921 seconds.
Begin MonoManager ReloadAssembly
Native extension for WindowsStandalone target not found
Refreshing native plugins compatible for Editor in 0.42 ms, found 1 plugins.
Preloading 0 native plugins for Editor in 0.00 ms.
Invoked RoslynAnalysisRunner static constructor.
RoslynAnalysisRunner will not be running.
RoslynAnalysisRunner has terminated.
Mono: successfully reloaded assembly
- Completed reload, in  1.189 seconds
Platform modules already initialized, skipping
Refreshing native plugins compatible for Editor in 0.81 ms, found 1 plugins.
Preloading 0 native plugins for Editor in 0.00 ms.
Unloading 1972 Unused Serialized files (Serialized files now loaded: 0)
System memory in use before: 94.0 MB.
System memory in use after: 94.0 MB.

Unloading 13 unused Assets to reduce memory usage. Loaded Objects now: 2488.
Total: 3.626400 ms (FindLiveObjects: 0.400300 ms CreateObjectMapping: 0.149500 ms MarkObjects: 2.849600 ms  DeleteObjects: 0.225600 ms)

========================================================================
Received Prepare
Registering precompiled user dll's ...
Registered in 0.002536 seconds.
Begin MonoManager ReloadAssembly
Native extension for WindowsStandalone target not found
Refreshing native plugins compatible for Editor in 0.42 ms, found 1 plugins.
Preloading 0 native plugins for Editor in 0.00 ms.
Invoked RoslynAnalysisRunner static constructor.
RoslynAnalysisRunner will not be running.
RoslynAnalysisRunner has terminated.
Mono: successfully reloaded assembly
- Completed reload, in  1.133 seconds
Platform modules already initialized, skipping
Refreshing native plugins compatible for Editor in 0.46 ms, found 1 plugins.
Preloading 0 native plugins for Editor in 0.00 ms.
Unloading 1973 Unused Serialized files (Serialized files now loaded: 0)
System memory in use before: 94.0 MB.
System memory in use after: 94.0 MB.

Unloading 13 unused Assets to reduce memory usage. Loaded Objects now: 2493.
Total: 3.620900 ms (FindLiveObjects: 0.332800 ms CreateObjectMapping: 0.102600 ms MarkObjects: 2.976700 ms  DeleteObjects: 0.206700 ms)

========================================================================
Received Prepare
Registering precompiled user dll's ...
Registered in 0.002166 seconds.
Begin MonoManager ReloadAssembly
Native extension for WindowsStandalone target not found
Refreshing native plugins compatible for Editor in 0.54 ms, found 1 plugins.
Preloading 0 native plugins for Editor in 0.00 ms.
Invoked RoslynAnalysisRunner static constructor.
RoslynAnalysisRunner will not be running.
RoslynAnalysisRunner has terminated.
Mono: successfully reloaded assembly
- Completed reload, in  1.161 seconds
Platform modules already initialized, skipping
Refreshing native plugins compatible for Editor in 0.45 ms, found 1 plugins.
Preloading 0 native plugins for Editor in 0.00 ms.
Unloading 1973 Unused Serialized files (Serialized files now loaded: 0)
System memory in use before: 94.0 MB.
System memory in use after: 94.0 MB.

Unloading 13 unused Assets to reduce memory usage. Loaded Objects now: 2497.
Total: 3.547900 ms (FindLiveObjects: 0.533600 ms CreateObjectMapping: 0.179000 ms MarkObjects: 2.631800 ms  DeleteObjects: 0.200700 ms)

========================================================================
Received Prepare
Registering precompiled user dll's ...
Registered in 0.002401 seconds.
Begin MonoManager ReloadAssembly
Native extension for WindowsStandalone target not found
Refreshing native plugins compatible for Editor in 0.44 ms, found 1 plugins.
Preloading 0 native plugins for Editor in 0.00 ms.
Invoked RoslynAnalysisRunner static constructor.
RoslynAnalysisRunner will not be running.
RoslynAnalysisRunner has terminated.
Mono: successfully reloaded assembly
- Completed reload, in  1.116 seconds
Platform modules already initialized, skipping
Refreshing native plugins compatible for Editor in 0.48 ms, found 1 plugins.
Preloading 0 native plugins for Editor in 0.00 ms.
Unloading 1973 Unused Serialized files (Serialized files now loaded: 0)
System memory in use before: 94.0 MB.
System memory in use after: 94.0 MB.

Unloading 13 unused Assets to reduce memory usage. Loaded Objects now: 2501.
Total: 3.128200 ms (FindLiveObjects: 0.258000 ms CreateObjectMapping: 0.170000 ms MarkObjects: 2.525100 ms  DeleteObjects: 0.173300 ms)

========================================================================
Received Prepare
Registering precompiled user dll's ...
Registered in 0.003275 seconds.
Begin MonoManager ReloadAssembly
Native extension for WindowsStandalone target not found
Refreshing native plugins compatible for Editor in 0.42 ms, found 1 plugins.
Preloading 0 native plugins for Editor in 0.00 ms.
Invoked RoslynAnalysisRunner static constructor.
RoslynAnalysisRunner will not be running.
RoslynAnalysisRunner has terminated.
Mono: successfully reloaded assembly
- Completed reload, in  1.185 seconds
Platform modules already initialized, skipping
Refreshing native plugins compatible for Editor in 0.50 ms, found 1 plugins.
Preloading 0 native plugins for Editor in 0.00 ms.
Unloading 1973 Unused Serialized files (Serialized files now loaded: 0)
System memory in use before: 94.0 MB.
System memory in use after: 94.0 MB.

Unloading 13 unused Assets to reduce memory usage. Loaded Objects now: 2505.
Total: 2.384900 ms (FindLiveObjects: 0.223300 ms CreateObjectMapping: 0.080400 ms MarkObjects: 1.913600 ms  DeleteObjects: 0.166200 ms)

========================================================================
Received Prepare
Registering precompiled user dll's ...
Registered in 0.002594 seconds.
Begin MonoManager ReloadAssembly
Native extension for WindowsStandalone target not found
Refreshing native plugins compatible for Editor in 0.45 ms, found 1 plugins.
Preloading 0 native plugins for Editor in 0.00 ms.
Invoked RoslynAnalysisRunner static constructor.
RoslynAnalysisRunner will not be running.
RoslynAnalysisRunner has terminated.
Mono: successfully reloaded assembly
- Completed reload, in  1.207 seconds
Platform modules already initialized, skipping
Refreshing native plugins compatible for Editor in 0.47 ms, found 1 plugins.
Preloading 0 native plugins for Editor in 0.00 ms.
Unloading 1973 Unused Serialized files (Serialized files now loaded: 0)
System memory in use before: 94.0 MB.
System memory in use after: 94.0 MB.

Unloading 13 unused Assets to reduce memory usage. Loaded Objects now: 2509.
Total: 2.660500 ms (FindLiveObjects: 0.401500 ms CreateObjectMapping: 0.113700 ms MarkObjects: 1.957500 ms  DeleteObjects: 0.185700 ms)

========================================================================
Received Prepare
Registering precompiled user dll's ...
Registered in 0.002485 seconds.
Begin MonoManager ReloadAssembly
Native extension for WindowsStandalone target not found
Refreshing native plugins compatible for Editor in 0.56 ms, found 1 plugins.
Preloading 0 native plugins for Editor in 0.00 ms.
Invoked RoslynAnalysisRunner static constructor.
RoslynAnalysisRunner will not be running.
RoslynAnalysisRunner has terminated.
Mono: successfully reloaded assembly
- Completed reload, in  1.110 seconds
Platform modules already initialized, skipping
Refreshing native plugins compatible for Editor in 0.46 ms, found 1 plugins.
Preloading 0 native plugins for Editor in 0.00 ms.
Unloading 1973 Unused Serialized files (Serialized files now loaded: 0)
System memory in use before: 94.1 MB.
System memory in use after: 94.0 MB.

Unloading 13 unused Assets to reduce memory usage. Loaded Objects now: 2513.
Total: 3.645400 ms (FindLiveObjects: 0.254400 ms CreateObjectMapping: 0.094700 ms MarkObjects: 3.133200 ms  DeleteObjects: 0.161300 ms)

========================================================================
Received Prepare
Registering precompiled user dll's ...
Registered in 0.002356 seconds.
Begin MonoManager ReloadAssembly
Native extension for WindowsStandalone target not found
Refreshing native plugins compatible for Editor in 0.44 ms, found 1 plugins.
Preloading 0 native plugins for Editor in 0.00 ms.
Invoked RoslynAnalysisRunner static constructor.
RoslynAnalysisRunner will not be running.
RoslynAnalysisRunner has terminated.
Mono: successfully reloaded assembly
- Completed reload, in  1.176 seconds
Platform modules already initialized, skipping
Refreshing native plugins compatible for Editor in 0.45 ms, found 1 plugins.
Preloading 0 native plugins for Editor in 0.00 ms.
Unloading 1973 Unused Serialized files (Serialized files now loaded: 0)
System memory in use before: 94.1 MB.
System memory in use after: 94.1 MB.

Unloading 13 unused Assets to reduce memory usage. Loaded Objects now: 2517.
Total: 3.024400 ms (FindLiveObjects: 0.303300 ms CreateObjectMapping: 0.139000 ms MarkObjects: 2.384500 ms  DeleteObjects: 0.195500 ms)

========================================================================
Received Prepare
Registering precompiled user dll's ...
Registered in 0.002365 seconds.
Begin MonoManager ReloadAssembly
Native extension for WindowsStandalone target not found
Refreshing native plugins compatible for Editor in 0.59 ms, found 1 plugins.
Preloading 0 native plugins for Editor in 0.00 ms.
Invoked RoslynAnalysisRunner static constructor.
RoslynAnalysisRunner will not be running.
RoslynAnalysisRunner has terminated.
Mono: successfully reloaded assembly
- Completed reload, in  1.422 seconds
Platform modules already initialized, skipping
Refreshing native plugins compatible for Editor in 0.47 ms, found 1 plugins.
Preloading 0 native plugins for Editor in 0.00 ms.
Unloading 1973 Unused Serialized files (Serialized files now loaded: 0)
System memory in use before: 94.1 MB.
System memory in use after: 94.1 MB.

Unloading 13 unused Assets to reduce memory usage. Loaded Objects now: 2521.
Total: 3.460600 ms (FindLiveObjects: 0.352900 ms CreateObjectMapping: 0.129500 ms MarkObjects: 2.793600 ms  DeleteObjects: 0.168200 ms)

========================================================================
Received Prepare
Registering precompiled user dll's ...
Registered in 0.002233 seconds.
Begin MonoManager ReloadAssembly
Native extension for WindowsStandalone target not found
Refreshing native plugins compatible for Editor in 0.43 ms, found 1 plugins.
Preloading 0 native plugins for Editor in 0.00 ms.
Invoked RoslynAnalysisRunner static constructor.
RoslynAnalysisRunner will not be running.
RoslynAnalysisRunner has terminated.
Mono: successfully reloaded assembly
- Completed reload, in  1.063 seconds
Platform modules already initialized, skipping
Refreshing native plugins compatible for Editor in 0.54 ms, found 1 plugins.
Preloading 0 native plugins for Editor in 0.00 ms.
Unloading 1973 Unused Serialized files (Serialized files now loaded: 0)
System memory in use before: 94.1 MB.
System memory in use after: 94.1 MB.

Unloading 13 unused Assets to reduce memory usage. Loaded Objects now: 2525.
Total: 2.746300 ms (FindLiveObjects: 0.299800 ms CreateObjectMapping: 0.175400 ms MarkObjects: 2.067500 ms  DeleteObjects: 0.201600 ms)

========================================================================
Received Prepare
Registering precompiled user dll's ...
Registered in 0.002097 seconds.
Begin MonoManager ReloadAssembly
Native extension for WindowsStandalone target not found
Refreshing native plugins compatible for Editor in 0.68 ms, found 1 plugins.
Preloading 0 native plugins for Editor in 0.00 ms.
Invoked RoslynAnalysisRunner static constructor.
RoslynAnalysisRunner will not be running.
RoslynAnalysisRunner has terminated.
Mono: successfully reloaded assembly
- Completed reload, in  1.121 seconds
Platform modules already initialized, skipping
Refreshing native plugins compatible for Editor in 0.47 ms, found 1 plugins.
Preloading 0 native plugins for Editor in 0.00 ms.
Unloading 1973 Unused Serialized files (Serialized files now loaded: 0)
System memory in use before: 94.1 MB.
System memory in use after: 94.1 MB.

Unloading 13 unused Assets to reduce memory usage. Loaded Objects now: 2529.
Total: 3.657400 ms (FindLiveObjects: 0.368600 ms CreateObjectMapping: 0.237100 ms MarkObjects: 2.858700 ms  DeleteObjects: 0.191300 ms)

========================================================================
Received Prepare
Registering precompiled user dll's ...
Registered in 0.002440 seconds.
Begin MonoManager ReloadAssembly
Native extension for WindowsStandalone target not found
Refreshing native plugins compatible for Editor in 0.48 ms, found 1 plugins.
Preloading 0 native plugins for Editor in 0.00 ms.
Invoked RoslynAnalysisRunner static constructor.
RoslynAnalysisRunner will not be running.
RoslynAnalysisRunner has terminated.
Mono: successfully reloaded assembly
- Completed reload, in  1.157 seconds
Platform modules already initialized, skipping
Refreshing native plugins compatible for Editor in 0.47 ms, found 1 plugins.
Preloading 0 native plugins for Editor in 0.00 ms.
Unloading 1973 Unused Serialized files (Serialized files now loaded: 0)
System memory in use before: 94.1 MB.
System memory in use after: 94.1 MB.

Unloading 13 unused Assets to reduce memory usage. Loaded Objects now: 2533.
Total: 2.584700 ms (FindLiveObjects: 0.285200 ms CreateObjectMapping: 0.113300 ms MarkObjects: 1.972200 ms  DeleteObjects: 0.212100 ms)

========================================================================
Received Prepare
Registering precompiled user dll's ...
Registered in 0.002278 seconds.
Begin MonoManager ReloadAssembly
Native extension for WindowsStandalone target not found
Refreshing native plugins compatible for Editor in 0.46 ms, found 1 plugins.
Preloading 0 native plugins for Editor in 0.00 ms.
Invoked RoslynAnalysisRunner static constructor.
RoslynAnalysisRunner will not be running.
RoslynAnalysisRunner has terminated.
Mono: successfully reloaded assembly
- Completed reload, in  1.379 seconds
Platform modules already initialized, skipping
Refreshing native plugins compatible for Editor in 0.47 ms, found 1 plugins.
Preloading 0 native plugins for Editor in 0.00 ms.
Unloading 1973 Unused Serialized files (Serialized files now loaded: 0)
System memory in use before: 94.1 MB.
System memory in use after: 94.1 MB.

Unloading 13 unused Assets to reduce memory usage. Loaded Objects now: 2537.
Total: 2.724400 ms (FindLiveObjects: 0.279700 ms CreateObjectMapping: 0.094200 ms MarkObjects: 2.168700 ms  DeleteObjects: 0.179900 ms)

========================================================================
Received Prepare
Registering precompiled user dll's ...
Registered in 0.002149 seconds.
Begin MonoManager ReloadAssembly
Native extension for WindowsStandalone target not found
Refreshing native plugins compatible for Editor in 0.45 ms, found 1 plugins.
Preloading 0 native plugins for Editor in 0.00 ms.
Invoked RoslynAnalysisRunner static constructor.
RoslynAnalysisRunner will not be running.
RoslynAnalysisRunner has terminated.
Mono: successfully reloaded assembly
- Completed reload, in  1.205 seconds
Platform modules already initialized, skipping
Refreshing native plugins compatible for Editor in 0.45 ms, found 1 plugins.
Preloading 0 native plugins for Editor in 0.00 ms.
Unloading 1973 Unused Serialized files (Serialized files now loaded: 0)
System memory in use before: 94.1 MB.
System memory in use after: 94.1 MB.

Unloading 13 unused Assets to reduce memory usage. Loaded Objects now: 2541.
Total: 2.517900 ms (FindLiveObjects: 0.216800 ms CreateObjectMapping: 0.074500 ms MarkObjects: 2.046600 ms  DeleteObjects: 0.178100 ms)

========================================================================
Received Prepare
Registering precompiled user dll's ...
Registered in 0.002383 seconds.
Begin MonoManager ReloadAssembly
Native extension for WindowsStandalone target not found
Refreshing native plugins compatible for Editor in 0.46 ms, found 1 plugins.
Preloading 0 native plugins for Editor in 0.00 ms.
Invoked RoslynAnalysisRunner static constructor.
RoslynAnalysisRunner will not be running.
RoslynAnalysisRunner has terminated.
Mono: successfully reloaded assembly
- Completed reload, in  1.072 seconds
Platform modules already initialized, skipping
Refreshing native plugins compatible for Editor in 0.58 ms, found 1 plugins.
Preloading 0 native plugins for Editor in 0.00 ms.
Unloading 1973 Unused Serialized files (Serialized files now loaded: 0)
System memory in use before: 94.1 MB.
System memory in use after: 94.1 MB.

Unloading 13 unused Assets to reduce memory usage. Loaded Objects now: 2545.
Total: 3.706200 ms (FindLiveObjects: 0.470400 ms CreateObjectMapping: 0.218700 ms MarkObjects: 2.820900 ms  DeleteObjects: 0.194500 ms)

========================================================================
Received Prepare
Registering precompiled user dll's ...
Registered in 0.002524 seconds.
Begin MonoManager ReloadAssembly
Native extension for WindowsStandalone target not found
Refreshing native plugins compatible for Editor in 0.45 ms, found 1 plugins.
Preloading 0 native plugins for Editor in 0.00 ms.
Invoked RoslynAnalysisRunner static constructor.
RoslynAnalysisRunner will not be running.
RoslynAnalysisRunner has terminated.
Mono: successfully reloaded assembly
- Completed reload, in  1.172 seconds
Platform modules already initialized, skipping
Refreshing native plugins compatible for Editor in 0.45 ms, found 1 plugins.
Preloading 0 native plugins for Editor in 0.00 ms.
Unloading 1973 Unused Serialized files (Serialized files now loaded: 0)
System memory in use before: 94.1 MB.
System memory in use after: 94.1 MB.

Unloading 13 unused Assets to reduce memory usage. Loaded Objects now: 2549.
Total: 3.040400 ms (FindLiveObjects: 0.359300 ms CreateObjectMapping: 0.087100 ms MarkObjects: 2.411100 ms  DeleteObjects: 0.181400 ms)

========================================================================
Received Prepare
Registering precompiled user dll's ...
Registered in 0.002102 seconds.
Begin MonoManager ReloadAssembly
Native extension for WindowsStandalone target not found
Refreshing native plugins compatible for Editor in 0.44 ms, found 1 plugins.
Preloading 0 native plugins for Editor in 0.00 ms.
Invoked RoslynAnalysisRunner static constructor.
RoslynAnalysisRunner will not be running.
RoslynAnalysisRunner has terminated.
Mono: successfully reloaded assembly
- Completed reload, in  1.144 seconds
Platform modules already initialized, skipping
Refreshing native plugins compatible for Editor in 0.48 ms, found 1 plugins.
Preloading 0 native plugins for Editor in 0.00 ms.
Unloading 1973 Unused Serialized files (Serialized files now loaded: 0)
System memory in use before: 94.1 MB.
System memory in use after: 94.1 MB.

Unloading 13 unused Assets to reduce memory usage. Loaded Objects now: 2553.
Total: 3.992100 ms (FindLiveObjects: 0.306400 ms CreateObjectMapping: 0.216400 ms MarkObjects: 3.270600 ms  DeleteObjects: 0.197300 ms)

========================================================================
Received Prepare
Registering precompiled user dll's ...
Registered in 0.002151 seconds.
Begin MonoManager ReloadAssembly
Native extension for WindowsStandalone target not found
Refreshing native plugins compatible for Editor in 0.46 ms, found 1 plugins.
Preloading 0 native plugins for Editor in 0.00 ms.
Invoked RoslynAnalysisRunner static constructor.
RoslynAnalysisRunner will not be running.
RoslynAnalysisRunner has terminated.
Mono: successfully reloaded assembly
- Completed reload, in  1.237 seconds
Platform modules already initialized, skipping
Refreshing native plugins compatible for Editor in 0.46 ms, found 1 plugins.
Preloading 0 native plugins for Editor in 0.00 ms.
Unloading 1974 Unused Serialized files (Serialized files now loaded: 0)
System memory in use before: 94.2 MB.
System memory in use after: 94.2 MB.

Unloading 13 unused Assets to reduce memory usage. Loaded Objects now: 2558.
Total: 2.800300 ms (FindLiveObjects: 0.564500 ms CreateObjectMapping: 0.094600 ms MarkObjects: 1.961100 ms  DeleteObjects: 0.177700 ms)

========================================================================
Received Prepare
Registering precompiled user dll's ...
Registered in 0.002676 seconds.
Begin MonoManager ReloadAssembly
Native extension for WindowsStandalone target not found
Refreshing native plugins compatible for Editor in 0.42 ms, found 1 plugins.
Preloading 0 native plugins for Editor in 0.00 ms.
Invoked RoslynAnalysisRunner static constructor.
RoslynAnalysisRunner will not be running.
RoslynAnalysisRunner has terminated.
Mono: successfully reloaded assembly
- Completed reload, in  1.134 seconds
Platform modules already initialized, skipping
Refreshing native plugins compatible for Editor in 0.44 ms, found 1 plugins.
Preloading 0 native plugins for Editor in 0.00 ms.
Unloading 1974 Unused Serialized files (Serialized files now loaded: 0)
System memory in use before: 94.2 MB.
System memory in use after: 94.2 MB.

Unloading 13 unused Assets to reduce memory usage. Loaded Objects now: 2562.
Total: 2.594400 ms (FindLiveObjects: 0.272000 ms CreateObjectMapping: 0.105900 ms MarkObjects: 2.009600 ms  DeleteObjects: 0.186600 ms)

========================================================================
Received Prepare
Registering precompiled user dll's ...
Registered in 0.003059 seconds.
Begin MonoManager ReloadAssembly
Native extension for WindowsStandalone target not found
Refreshing native plugins compatible for Editor in 0.43 ms, found 1 plugins.
Preloading 0 native plugins for Editor in 0.00 ms.
Invoked RoslynAnalysisRunner static constructor.
RoslynAnalysisRunner will not be running.
RoslynAnalysisRunner has terminated.
Mono: successfully reloaded assembly
- Completed reload, in  1.183 seconds
Platform modules already initialized, skipping
Refreshing native plugins compatible for Editor in 0.98 ms, found 1 plugins.
Preloading 0 native plugins for Editor in 0.00 ms.
Unloading 1974 Unused Serialized files (Serialized files now loaded: 0)
System memory in use before: 94.2 MB.
System memory in use after: 94.2 MB.

Unloading 13 unused Assets to reduce memory usage. Loaded Objects now: 2566.
Total: 3.235300 ms (FindLiveObjects: 0.547800 ms CreateObjectMapping: 0.190600 ms MarkObjects: 2.343500 ms  DeleteObjects: 0.150900 ms)

========================================================================
Received Prepare
Registering precompiled user dll's ...
Registered in 0.002238 seconds.
Begin MonoManager ReloadAssembly
Native extension for WindowsStandalone target not found
Refreshing native plugins compatible for Editor in 0.42 ms, found 1 plugins.
Preloading 0 native plugins for Editor in 0.00 ms.
Invoked RoslynAnalysisRunner static constructor.
RoslynAnalysisRunner will not be running.
RoslynAnalysisRunner has terminated.
Mono: successfully reloaded assembly
- Completed reload, in  1.136 seconds
Platform modules already initialized, skipping
Refreshing native plugins compatible for Editor in 0.46 ms, found 1 plugins.
Preloading 0 native plugins for Editor in 0.00 ms.
Unloading 1974 Unused Serialized files (Serialized files now loaded: 0)
System memory in use before: 94.2 MB.
System memory in use after: 94.2 MB.

Unloading 13 unused Assets to reduce memory usage. Loaded Objects now: 2570.
Total: 3.351500 ms (FindLiveObjects: 0.187700 ms CreateObjectMapping: 0.060100 ms MarkObjects: 2.837000 ms  DeleteObjects: 0.265300 ms)

========================================================================
Received Prepare
Registering precompiled user dll's ...
Registered in 0.002158 seconds.
Begin MonoManager ReloadAssembly
Native extension for WindowsStandalone target not found
Refreshing native plugins compatible for Editor in 0.43 ms, found 1 plugins.
Preloading 0 native plugins for Editor in 0.00 ms.
Invoked RoslynAnalysisRunner static constructor.
RoslynAnalysisRunner will not be running.
RoslynAnalysisRunner has terminated.
Mono: successfully reloaded assembly
- Completed reload, in  1.153 seconds
Platform modules already initialized, skipping
Refreshing native plugins compatible for Editor in 0.48 ms, found 1 plugins.
Preloading 0 native plugins for Editor in 0.00 ms.
Unloading 1974 Unused Serialized files (Serialized files now loaded: 0)
System memory in use before: 94.2 MB.
System memory in use after: 94.2 MB.

Unloading 13 unused Assets to reduce memory usage. Loaded Objects now: 2574.
Total: 3.075500 ms (FindLiveObjects: 0.359800 ms CreateObjectMapping: 0.216700 ms MarkObjects: 2.314900 ms  DeleteObjects: 0.182200 ms)

========================================================================
Received Import Request.
  Time since last request: 7381.830902 seconds.
  path: ProjectSettings/TagManager.asset
  artifactKey: Guid(00000000000000003000000000000000) Importer(815301076,1909f56bfc062723c751e8b465ee728b)
Start importing ProjectSettings/TagManager.asset using Guid(00000000000000003000000000000000) Importer(815301076,1909f56bfc062723c751e8b465ee728b)  -> (artifact id: 'df5023a2193517e69fd593403f82f505') in 0.021215 seconds
  Import took 0.031319 seconds .

========================================================================
Received Import Request.
  Time since last request: 451.952346 seconds.
  path: Assets/Code/CoinMarker.cs
  artifactKey: Guid(520dd5adba4ae5648bf82b3dffdaaa5e) Importer(815301076,1909f56bfc062723c751e8b465ee728b)
Start importing Assets/Code/CoinMarker.cs using Guid(520dd5adba4ae5648bf82b3dffdaaa5e) Importer(815301076,1909f56bfc062723c751e8b465ee728b)  -> (artifact id: 'cab7838be3ccc125bb7ef1136b2333ce') in 0.006766 seconds
  Import took 0.015644 seconds .

========================================================================
Received Import Request.
  Time since last request: 17.690279 seconds.
  path: Assets/Code/CoinMarker.cs
  artifactKey: Guid(520dd5adba4ae5648bf82b3dffdaaa5e) Importer(815301076,1909f56bfc062723c751e8b465ee728b)
Start importing Assets/Code/CoinMarker.cs using Guid(520dd5adba4ae5648bf82b3dffdaaa5e) Importer(815301076,1909f56bfc062723c751e8b465ee728b)  -> (artifact id: 'b711dbed0f08b54f834724d80ea9d33e') in 0.004738 seconds
  Import took 0.012093 seconds .

========================================================================
Received Import Request.
  Time since last request: 691.747384 seconds.
  path: Assets/Code/CoinMarker.cs
  artifactKey: Guid(520dd5adba4ae5648bf82b3dffdaaa5e) Importer(815301076,1909f56bfc062723c751e8b465ee728b)
Start importing Assets/Code/CoinMarker.cs using Guid(520dd5adba4ae5648bf82b3dffdaaa5e) Importer(815301076,1909f56bfc062723c751e8b465ee728b)  -> (artifact id: '0f82f3da09213babc62317a67760288d') in 0.005269 seconds
  Import took 0.014730 seconds .

========================================================================
Received Prepare
Registering precompiled user dll's ...
Registered in 0.002446 seconds.
Begin MonoManager ReloadAssembly
Native extension for WindowsStandalone target not found
Refreshing native plugins compatible for Editor in 0.43 ms, found 1 plugins.
Preloading 0 native plugins for Editor in 0.00 ms.
Invoked RoslynAnalysisRunner static constructor.
RoslynAnalysisRunner will not be running.
RoslynAnalysisRunner has terminated.
Mono: successfully reloaded assembly
- Completed reload, in  1.197 seconds
Platform modules already initialized, skipping
Refreshing native plugins compatible for Editor in 0.49 ms, found 1 plugins.
Preloading 0 native plugins for Editor in 0.00 ms.
Unloading 1975 Unused Serialized files (Serialized files now loaded: 0)
System memory in use before: 94.2 MB.
System memory in use after: 94.2 MB.

Unloading 14 unused Assets to reduce memory usage. Loaded Objects now: 2579.
Total: 2.522900 ms (FindLiveObjects: 0.274800 ms CreateObjectMapping: 0.094100 ms MarkObjects: 1.951100 ms  DeleteObjects: 0.201400 ms)

