Using pre-set license
Built from '2020.2/staging' branch; Version is '2020.2.7f1 (c53830e277f1) revision 12924976'; Using compiler version '192528614'; Build Type 'Release'
OS: 'Windows 10 Pro; OS build 19042.1288; Version 2009; 64bit' Language: 'ru' Physical Memory: 16264 MB
BatchMode: 1, IsHumanControllingUs: 0, StartBugReporterOnCrash: 0, Is64bit: 1, IsPro: 0

 COMMAND LINE ARGUMENTS:
C:\Program Files\Unity\Hub\Editor\2020.2.7f1\Editor\Unity.exe
-adb2
-batchMode
-noUpm
-name
AssetImportWorker0
-projectPath
C:/GitHub/GeekBrains/GBPlatformer
-logFile
Logs/AssetImportWorker0.log
-srvPort
50429
Successfully changed project path to: C:/GitHub/GeekBrains/GBPlatformer
C:/GitHub/GeekBrains/GBPlatformer
Using Asset Import Pipeline V2.
Refreshing native plugins compatible for Editor in 47.67 ms, found 1 plugins.
Preloading 0 native plugins for Editor in 0.00 ms.
Initialize engine version: 2020.2.7f1 (c53830e277f1)
[Subsystems] Discovering subsystems at path C:/Program Files/Unity/Hub/Editor/2020.2.7f1/Editor/Data/Resources/UnitySubsystems
[Subsystems] Discovering subsystems at path C:/GitHub/GeekBrains/GBPlatformer/Assets
GfxDevice: creating device client; threaded=0
Direct3D:
    Version:  Direct3D 11.0 [level 11.0]
    Renderer: NVIDIA Quadro M600M (ID=0x13b2)
    Vendor:   
    VRAM:     2007 MB
    Driver:   27.21.14.6294
Initialize mono
Mono path[0] = 'C:/Program Files/Unity/Hub/Editor/2020.2.7f1/Editor/Data/Managed'
Mono path[1] = 'C:/Program Files/Unity/Hub/Editor/2020.2.7f1/Editor/Data/MonoBleedingEdge/lib/mono/unityjit'
Mono config path = 'C:/Program Files/Unity/Hub/Editor/2020.2.7f1/Editor/Data/MonoBleedingEdge/etc'
Using monoOptions --debugger-agent=transport=dt_socket,embedding=1,server=y,suspend=n,address=127.0.0.1:56016
Begin MonoManager ReloadAssembly
Registering precompiled unity dll's ...
Register platform support module: C:/Program Files/Unity/Hub/Editor/2020.2.7f1/Editor/Data/PlaybackEngines/WindowsStandaloneSupport/UnityEditor.WindowsStandalone.Extensions.dll
Registered in 0.003170 seconds.
Native extension for WindowsStandalone target not found
Refreshing native plugins compatible for Editor in 44.24 ms, found 1 plugins.
Preloading 0 native plugins for Editor in 0.00 ms.
Invoked RoslynAnalysisRunner static constructor.
RoslynAnalysisRunner will not be running.
RoslynAnalysisRunner has terminated.
Mono: successfully reloaded assembly
- Completed reload, in  1.493 seconds
Platform modules already initialized, skipping
Registering precompiled user dll's ...
Registered in 0.001502 seconds.
Begin MonoManager ReloadAssembly
Native extension for WindowsStandalone target not found
Refreshing native plugins compatible for Editor in 45.53 ms, found 1 plugins.
Preloading 0 native plugins for Editor in 0.00 ms.
Invoked RoslynAnalysisRunner static constructor.
RoslynAnalysisRunner will not be running.
RoslynAnalysisRunner has terminated.
Mono: successfully reloaded assembly
- Completed reload, in  1.218 seconds
Platform modules already initialized, skipping
========================================================================
Worker process is ready to serve import requests
Launched and connected shader compiler UnityShaderCompiler.exe after 0.09 seconds
Refreshing native plugins compatible for Editor in 0.43 ms, found 1 plugins.
Preloading 0 native plugins for Editor in 0.00 ms.
Unloading 1806 Unused Serialized files (Serialized files now loaded: 0)
System memory in use before: 84.5 MB.
System memory in use after: 84.5 MB.

Unloading 24 unused Assets to reduce memory usage. Loaded Objects now: 2248.
Total: 2.831200 ms (FindLiveObjects: 0.324100 ms CreateObjectMapping: 0.214600 ms MarkObjects: 2.094200 ms  DeleteObjects: 0.196800 ms)

========================================================================
Received Import Request.
  path: Assets/Sprites/Character Animation
  artifactKey: Guid(793185f569fd0294bb46095230ad1581) Importer(815301076,1909f56bfc062723c751e8b465ee728b)
Start importing Assets/Sprites/Character Animation using Guid(793185f569fd0294bb46095230ad1581) Importer(815301076,1909f56bfc062723c751e8b465ee728b)  -> (artifact id: '920d273d31c02375ab75e5ee3624a59c') in 0.006333 seconds
  Import took 0.011095 seconds .

========================================================================
Received Import Request.
  Time since last request: 0.000542 seconds.
  path: Assets/Sprites/Character Animation/Eye.png
  artifactKey: Guid(5c876788e2f95d4489b9f4b1e3ef9849) Importer(815301076,1909f56bfc062723c751e8b465ee728b)
Start importing Assets/Sprites/Character Animation/Eye.png using Guid(5c876788e2f95d4489b9f4b1e3ef9849) Importer(815301076,1909f56bfc062723c751e8b465ee728b)  -> (artifact id: 'd530900a52486c282fbd3896dc774f9c') in 0.208648 seconds
  Import took 0.212258 seconds .

========================================================================
Received Import Request.
  Time since last request: 0.000328 seconds.
  path: Assets/Sprites/Character Animation/RightHand&Arm.png
  artifactKey: Guid(5bb3ffdcdf06e1045af884701ee01974) Importer(815301076,1909f56bfc062723c751e8b465ee728b)
Start importing Assets/Sprites/Character Animation/RightHand&Arm.png using Guid(5bb3ffdcdf06e1045af884701ee01974) Importer(815301076,1909f56bfc062723c751e8b465ee728b)  -> (artifact id: '12968102d3d7b3eabe56979ed7bc3eb5') in 0.017504 seconds
  Import took 0.022196 seconds .

========================================================================
Received Import Request.
  Time since last request: 0.000557 seconds.
  path: Assets/Sprites/Character Animation/LeftHand&Arm.png
  artifactKey: Guid(849f842e0fa45644b93aa7a57251ee58) Importer(815301076,1909f56bfc062723c751e8b465ee728b)
Start importing Assets/Sprites/Character Animation/LeftHand&Arm.png using Guid(849f842e0fa45644b93aa7a57251ee58) Importer(815301076,1909f56bfc062723c751e8b465ee728b)  -> (artifact id: '7bfae5ad1fc7fa244a69f1157e10288c') in 0.013920 seconds
  Import took 0.019032 seconds .

========================================================================
Received Import Request.
  Time since last request: 0.000385 seconds.
  path: Assets/Sprites/Character Animation/Body.png
  artifactKey: Guid(c96f177bc0299e14498aba02f4c34409) Importer(815301076,1909f56bfc062723c751e8b465ee728b)
Start importing Assets/Sprites/Character Animation/Body.png using Guid(c96f177bc0299e14498aba02f4c34409) Importer(815301076,1909f56bfc062723c751e8b465ee728b)  -> (artifact id: 'af988d886b4f6510a70e81daf44df19c') in 0.025104 seconds
  Import took 0.030361 seconds .

========================================================================
Received Import Request.
  Time since last request: 0.000351 seconds.
  path: Assets/Sprites/Character Animation/Foot.png
  artifactKey: Guid(534e0cd84cad6714f9527689ec0aff79) Importer(815301076,1909f56bfc062723c751e8b465ee728b)
Start importing Assets/Sprites/Character Animation/Foot.png using Guid(534e0cd84cad6714f9527689ec0aff79) Importer(815301076,1909f56bfc062723c751e8b465ee728b)  -> (artifact id: 'bef4b282b1754b0b04f6e4db5c473193') in 0.015452 seconds
  Import took 0.022431 seconds .

========================================================================
Received Import Request.
  Time since last request: 0.000469 seconds.
  path: Assets/Sprites
  artifactKey: Guid(8ae02e682375570409d42dbe7ec2f5af) Importer(815301076,1909f56bfc062723c751e8b465ee728b)
Start importing Assets/Sprites using Guid(8ae02e682375570409d42dbe7ec2f5af) Importer(815301076,1909f56bfc062723c751e8b465ee728b)  -> (artifact id: '2ef93bf4722b23972be236e56bd41e1f') in 0.004128 seconds
  Import took 0.010486 seconds .

========================================================================
Received Import Request.
  Time since last request: 7.982240 seconds.
  path: Assets/Sprites/Character Animation/Idle
  artifactKey: Guid(b7f0d1d5338d1184ca6b04bc184ba3a6) Importer(815301076,1909f56bfc062723c751e8b465ee728b)
Start importing Assets/Sprites/Character Animation/Idle using Guid(b7f0d1d5338d1184ca6b04bc184ba3a6) Importer(815301076,1909f56bfc062723c751e8b465ee728b)  -> (artifact id: '547792ededa91c9336f721b7c6c78cd2') in 0.003415 seconds
  Import took 0.012874 seconds .

========================================================================
Received Import Request.
  Time since last request: 0.088383 seconds.
  path: Assets/Sprites/Character Animation/Idle/2x.png
  artifactKey: Guid(dd3cc307ddf45074781b8aecf9e6c090) Importer(815301076,1909f56bfc062723c751e8b465ee728b)
Start importing Assets/Sprites/Character Animation/Idle/2x.png using Guid(dd3cc307ddf45074781b8aecf9e6c090) Importer(815301076,1909f56bfc062723c751e8b465ee728b)  -> (artifact id: '6c162e4e0cd38f7b8980108c61e28975') in 0.072022 seconds
  Import took 0.076532 seconds .

========================================================================
Received Import Request.
  Time since last request: 0.000425 seconds.
  path: Assets/Sprites/Character Animation/Idle/blink.png
  artifactKey: Guid(f9ce12747dd8ffb4ebe5f14ab04f32b1) Importer(815301076,1909f56bfc062723c751e8b465ee728b)
Start importing Assets/Sprites/Character Animation/Idle/blink.png using Guid(f9ce12747dd8ffb4ebe5f14ab04f32b1) Importer(815301076,1909f56bfc062723c751e8b465ee728b)  -> (artifact id: 'bad82998bcb12121767196db6fe93431') in 0.020991 seconds
  Import took 0.026121 seconds .

========================================================================
Received Import Request.
  Time since last request: 2628.486163 seconds.
  path: Assets/Sprites/Character Animation/Run
  artifactKey: Guid(3e3c28bc891b27243a2f5e4ebacb659f) Importer(815301076,1909f56bfc062723c751e8b465ee728b)
Start importing Assets/Sprites/Character Animation/Run using Guid(3e3c28bc891b27243a2f5e4ebacb659f) Importer(815301076,1909f56bfc062723c751e8b465ee728b)  -> (artifact id: 'a2d3a5d04107d0bd152e1e05a776c9bb') in 0.004056 seconds
  Import took 0.013356 seconds .

========================================================================
Received Import Request.
  Time since last request: 0.732659 seconds.
  path: Assets/Sprites/Character Animation/Run/2x.png
  artifactKey: Guid(29ad5d5f2cee0114884952cc2730fb66) Importer(815301076,1909f56bfc062723c751e8b465ee728b)
Start importing Assets/Sprites/Character Animation/Run/2x.png using Guid(29ad5d5f2cee0114884952cc2730fb66) Importer(815301076,1909f56bfc062723c751e8b465ee728b)  -> (artifact id: '7fd49c88657aa5606bb5134c3b297fca') in 0.149975 seconds
  Import took 0.159376 seconds .

========================================================================
Received Import Request.
  Time since last request: 0.005353 seconds.
  path: Assets/Sprites/Character Animation/Run/2x.png
  artifactKey: Guid(29ad5d5f2cee0114884952cc2730fb66) Importer(815301076,1909f56bfc062723c751e8b465ee728b)
Start importing Assets/Sprites/Character Animation/Run/2x.png using Guid(29ad5d5f2cee0114884952cc2730fb66) Importer(815301076,1909f56bfc062723c751e8b465ee728b)  -> (artifact id: '7fd49c88657aa5606bb5134c3b297fca') in 0.097420 seconds
  Import took 0.101279 seconds .

========================================================================
Received Import Request.
  Time since last request: 9.575599 seconds.
  path: Assets/Sprites/Character Animation/Run/2x.png
  artifactKey: Guid(29ad5d5f2cee0114884952cc2730fb66) Importer(815301076,1909f56bfc062723c751e8b465ee728b)
Start importing Assets/Sprites/Character Animation/Run/2x.png using Guid(29ad5d5f2cee0114884952cc2730fb66) Importer(815301076,1909f56bfc062723c751e8b465ee728b)  -> (artifact id: 'b3de7a0ba010c3a2c22172a49fd49e23') in 0.013345 seconds
  Import took 0.022252 seconds .

========================================================================
Received Import Request.
  Time since last request: 139.815465 seconds.
  path: Assets/Sprites/Character Animation/Run/2x.png
  artifactKey: Guid(29ad5d5f2cee0114884952cc2730fb66) Importer(815301076,1909f56bfc062723c751e8b465ee728b)
Start importing Assets/Sprites/Character Animation/Run/2x.png using Guid(29ad5d5f2cee0114884952cc2730fb66) Importer(815301076,1909f56bfc062723c751e8b465ee728b)  -> (artifact id: '054161c480428677f71269018d785550') in 0.084963 seconds
  Import took 0.093598 seconds .

========================================================================
Received Import Request.
  Time since last request: 27.560560 seconds.
  path: Assets/Sprites/Character Animation/Idle/blink.png
  artifactKey: Guid(f9ce12747dd8ffb4ebe5f14ab04f32b1) Importer(815301076,1909f56bfc062723c751e8b465ee728b)
Start importing Assets/Sprites/Character Animation/Idle/blink.png using Guid(f9ce12747dd8ffb4ebe5f14ab04f32b1) Importer(815301076,1909f56bfc062723c751e8b465ee728b)  -> (artifact id: '7756b506772c2db16e733bfa6026c7f5') in 0.051809 seconds
  Import took 0.060109 seconds .

========================================================================
Received Import Request.
  Time since last request: 114.788407 seconds.
  path: Assets/Sprites/Character Animation/Idle/2x.png
  artifactKey: Guid(dd3cc307ddf45074781b8aecf9e6c090) Importer(815301076,1909f56bfc062723c751e8b465ee728b)
Start importing Assets/Sprites/Character Animation/Idle/2x.png using Guid(dd3cc307ddf45074781b8aecf9e6c090) Importer(815301076,1909f56bfc062723c751e8b465ee728b)  -> (artifact id: 'cb99df831fdb299a5af1349b2d05b748') in 0.081312 seconds
  Import took 0.088896 seconds .

========================================================================
Received Import Request.
  Time since last request: 22.696287 seconds.
  path: Assets/Sprites/Character Animation/Idle/blink.png
  artifactKey: Guid(f9ce12747dd8ffb4ebe5f14ab04f32b1) Importer(815301076,1909f56bfc062723c751e8b465ee728b)
Start importing Assets/Sprites/Character Animation/Idle/blink.png using Guid(f9ce12747dd8ffb4ebe5f14ab04f32b1) Importer(815301076,1909f56bfc062723c751e8b465ee728b)  -> (artifact id: '14fe8c27c3c23205a9c0164472b9d5b9') in 0.009732 seconds
  Import took 0.014697 seconds .

========================================================================
Received Import Request.
  Time since last request: 0.002909 seconds.
  path: Assets/Sprites/Character Animation/Idle/blink.png
  artifactKey: Guid(f9ce12747dd8ffb4ebe5f14ab04f32b1) Importer(815301076,1909f56bfc062723c751e8b465ee728b)
Start importing Assets/Sprites/Character Animation/Idle/blink.png using Guid(f9ce12747dd8ffb4ebe5f14ab04f32b1) Importer(815301076,1909f56bfc062723c751e8b465ee728b)  -> (artifact id: '14fe8c27c3c23205a9c0164472b9d5b9') in 0.009753 seconds
  Import took 0.013696 seconds .

========================================================================
Received Import Request.
  Time since last request: 1.434438 seconds.
  path: Assets/Sprites/Character Animation/Jump
  artifactKey: Guid(9493159753b7661478fd7e33c289d5eb) Importer(815301076,1909f56bfc062723c751e8b465ee728b)
Start importing Assets/Sprites/Character Animation/Jump using Guid(9493159753b7661478fd7e33c289d5eb) Importer(815301076,1909f56bfc062723c751e8b465ee728b)  -> (artifact id: '0511137592d716f295ef3e9369e3e7ed') in 0.004730 seconds
  Import took 0.009454 seconds .

========================================================================
Received Import Request.
  Time since last request: 0.071819 seconds.
  path: Assets/Sprites/Character Animation/Jump/2x.png
  artifactKey: Guid(ac275666a28f0fa40876859dbb51e5e1) Importer(815301076,1909f56bfc062723c751e8b465ee728b)
Start importing Assets/Sprites/Character Animation/Jump/2x.png using Guid(ac275666a28f0fa40876859dbb51e5e1) Importer(815301076,1909f56bfc062723c751e8b465ee728b)  -> (artifact id: '2e43d4962119da600bf9fa150dfff89a') in 0.021116 seconds
  Import took 0.025610 seconds .

========================================================================
Received Import Request.
  Time since last request: 6.353455 seconds.
  path: Assets/Sprites/Character Animation/Jump/2x.png
  artifactKey: Guid(ac275666a28f0fa40876859dbb51e5e1) Importer(815301076,1909f56bfc062723c751e8b465ee728b)
Start importing Assets/Sprites/Character Animation/Jump/2x.png using Guid(ac275666a28f0fa40876859dbb51e5e1) Importer(815301076,1909f56bfc062723c751e8b465ee728b)  -> (artifact id: '1064ae74c879e955c50e68a67ca37e64') in 0.018962 seconds
  Import took 0.023895 seconds .

========================================================================
Received Import Request.
  Time since last request: 15.336022 seconds.
  path: Assets/Sprites/Character Animation/Run/2x.png
  artifactKey: Guid(29ad5d5f2cee0114884952cc2730fb66) Importer(815301076,1909f56bfc062723c751e8b465ee728b)
Start importing Assets/Sprites/Character Animation/Run/2x.png using Guid(29ad5d5f2cee0114884952cc2730fb66) Importer(815301076,1909f56bfc062723c751e8b465ee728b)  -> (artifact id: '3a29b62c2c1d22130e35eaf7aae9b8bf') in 0.096407 seconds
  Import took 0.104374 seconds .

========================================================================
Received Import Request.
  Time since last request: 524.388477 seconds.
  path: Assets/Sprites/Character Animation/Idle/2x.png
  artifactKey: Guid(dd3cc307ddf45074781b8aecf9e6c090) Importer(815301076,1909f56bfc062723c751e8b465ee728b)
Start importing Assets/Sprites/Character Animation/Idle/2x.png using Guid(dd3cc307ddf45074781b8aecf9e6c090) Importer(815301076,1909f56bfc062723c751e8b465ee728b)  -> (artifact id: '79836aad7d870fba0c3291478dae2ac2') in 0.078518 seconds
  Import took 0.088526 seconds .

========================================================================
Received Import Request.
  Time since last request: 20.355903 seconds.
  path: Assets/Sprites/Character Animation/Idle/2x.png
  artifactKey: Guid(dd3cc307ddf45074781b8aecf9e6c090) Importer(815301076,1909f56bfc062723c751e8b465ee728b)
Start importing Assets/Sprites/Character Animation/Idle/2x.png using Guid(dd3cc307ddf45074781b8aecf9e6c090) Importer(815301076,1909f56bfc062723c751e8b465ee728b)  -> (artifact id: '3acb14166344feda2002b41cc3c47b13') in 0.060413 seconds
  Import took 0.068971 seconds .

========================================================================
Received Import Request.
  Time since last request: 21.207374 seconds.
  path: Assets/Sprites/Character Animation/Idle/blink.png
  artifactKey: Guid(f9ce12747dd8ffb4ebe5f14ab04f32b1) Importer(815301076,1909f56bfc062723c751e8b465ee728b)
Start importing Assets/Sprites/Character Animation/Idle/blink.png using Guid(f9ce12747dd8ffb4ebe5f14ab04f32b1) Importer(815301076,1909f56bfc062723c751e8b465ee728b)  -> (artifact id: '00f89f59230da498765c5dca5a0a29d0') in 0.013139 seconds
  Import took 0.022459 seconds .

========================================================================
Received Import Request.
  Time since last request: 6.457937 seconds.
  path: Assets/Sprites/Character Animation/Jump/2x.png
  artifactKey: Guid(ac275666a28f0fa40876859dbb51e5e1) Importer(815301076,1909f56bfc062723c751e8b465ee728b)
Start importing Assets/Sprites/Character Animation/Jump/2x.png using Guid(ac275666a28f0fa40876859dbb51e5e1) Importer(815301076,1909f56bfc062723c751e8b465ee728b)  -> (artifact id: '2b1466f3fd6e783c49156a8a57c133ee') in 0.016281 seconds
  Import took 0.020446 seconds .

========================================================================
Received Import Request.
  Time since last request: 5.467843 seconds.
  path: Assets/Sprites/Character Animation/Run/2x.png
  artifactKey: Guid(29ad5d5f2cee0114884952cc2730fb66) Importer(815301076,1909f56bfc062723c751e8b465ee728b)
Start importing Assets/Sprites/Character Animation/Run/2x.png using Guid(29ad5d5f2cee0114884952cc2730fb66) Importer(815301076,1909f56bfc062723c751e8b465ee728b)  -> (artifact id: '46372bcb25fd95f48570b8632354e642') in 0.100872 seconds
  Import took 0.125057 seconds .

========================================================================
Received Import Request.
  Time since last request: 172.554366 seconds.
  path: Assets/Sprites/Character Animation/Idle/2x.png
  artifactKey: Guid(dd3cc307ddf45074781b8aecf9e6c090) Importer(815301076,1909f56bfc062723c751e8b465ee728b)
Start importing Assets/Sprites/Character Animation/Idle/2x.png using Guid(dd3cc307ddf45074781b8aecf9e6c090) Importer(815301076,1909f56bfc062723c751e8b465ee728b)  -> (artifact id: '5b30d825e774980d11d491d5a1945a9d') in 0.057209 seconds
  Import took 0.062566 seconds .

========================================================================
Received Import Request.
  Time since last request: 268.625731 seconds.
  path: Assets/Sprites/Character Animation/Idle/2x.png
  artifactKey: Guid(dd3cc307ddf45074781b8aecf9e6c090) Importer(815301076,1909f56bfc062723c751e8b465ee728b)
Start importing Assets/Sprites/Character Animation/Idle/2x.png using Guid(dd3cc307ddf45074781b8aecf9e6c090) Importer(815301076,1909f56bfc062723c751e8b465ee728b)  -> (artifact id: 'be7eb2481b824a43bb154b777069d471') in 0.068184 seconds
  Import took 0.075984 seconds .

========================================================================
Received Import Request.
  Time since last request: 130.901638 seconds.
  path: Assets/Sprites/Character Animation/Idle/blink.png
  artifactKey: Guid(f9ce12747dd8ffb4ebe5f14ab04f32b1) Importer(815301076,1909f56bfc062723c751e8b465ee728b)
Start importing Assets/Sprites/Character Animation/Idle/blink.png using Guid(f9ce12747dd8ffb4ebe5f14ab04f32b1) Importer(815301076,1909f56bfc062723c751e8b465ee728b)  -> (artifact id: '02cd73270ace3edcf3fe219728ae98a6') in 0.013194 seconds
  Import took 0.017943 seconds .

========================================================================
Received Import Request.
  Time since last request: 10.241448 seconds.
  path: Assets/Sprites/Character Animation/Run/2x.png
  artifactKey: Guid(29ad5d5f2cee0114884952cc2730fb66) Importer(815301076,1909f56bfc062723c751e8b465ee728b)
Start importing Assets/Sprites/Character Animation/Run/2x.png using Guid(29ad5d5f2cee0114884952cc2730fb66) Importer(815301076,1909f56bfc062723c751e8b465ee728b)  -> (artifact id: '20387487a59597d05912015ccab3dd33') in 0.100699 seconds
  Import took 0.109760 seconds .

========================================================================
Received Import Request.
  Time since last request: 9.674015 seconds.
  path: Assets/Sprites/Character Animation/Jump/2x.png
  artifactKey: Guid(ac275666a28f0fa40876859dbb51e5e1) Importer(815301076,1909f56bfc062723c751e8b465ee728b)
Start importing Assets/Sprites/Character Animation/Jump/2x.png using Guid(ac275666a28f0fa40876859dbb51e5e1) Importer(815301076,1909f56bfc062723c751e8b465ee728b)  -> (artifact id: 'f5ce54531dfc4039a9fb8c7c0e97ed0d') in 0.019745 seconds
  Import took 0.030118 seconds .

========================================================================
Received Import Request.
  Time since last request: 160.376543 seconds.
  path: Assets/Sprites/Character Animation/Idle/blink.png
  artifactKey: Guid(f9ce12747dd8ffb4ebe5f14ab04f32b1) Importer(815301076,1909f56bfc062723c751e8b465ee728b)
Start importing Assets/Sprites/Character Animation/Idle/blink.png using Guid(f9ce12747dd8ffb4ebe5f14ab04f32b1) Importer(815301076,1909f56bfc062723c751e8b465ee728b)  -> (artifact id: 'ee9d48f626e01230ec15bf0b48ec901e') in 0.065214 seconds
  Import took 0.070218 seconds .

