Using pre-set license
Built from '2020.2/staging' branch; Version is '2020.2.7f1 (c53830e277f1) revision 12924976'; Using compiler version '192528614'; Build Type 'Release'
OS: 'Windows 10 Pro; OS build 19041.985; Version 2004; 64bit' Language: 'ru' Physical Memory: 8140 MB
BatchMode: 1, IsHumanControllingUs: 0, StartBugReporterOnCrash: 0, Is64bit: 1, IsPro: 0

 COMMAND LINE ARGUMENTS:
C:\Program Files\Unity\Hub\Editor\2020.2.7f1\Editor\Unity.exe
-adb2
-batchMode
-noUpm
-name
AssetImportWorker0
-projectPath
C:/GitRep/GeekBrains/SecondCourse/MyShooter
-logFile
Logs/AssetImportWorker0.log
-srvPort
62240
Successfully changed project path to: C:/GitRep/GeekBrains/SecondCourse/MyShooter
C:/GitRep/GeekBrains/SecondCourse/MyShooter
Using Asset Import Pipeline V2.
Refreshing native plugins compatible for Editor in 125.73 ms, found 0 plugins.
Preloading 0 native plugins for Editor in 0.00 ms.
Initialize engine version: 2020.2.7f1 (c53830e277f1)
[Subsystems] Discovering subsystems at path C:/Program Files/Unity/Hub/Editor/2020.2.7f1/Editor/Data/Resources/UnitySubsystems
[Subsystems] Discovering subsystems at path C:/GitRep/GeekBrains/SecondCourse/MyShooter/Assets
GfxDevice: creating device client; threaded=0
Direct3D:
    Version:  Direct3D 11.0 [level 11.0]
    Renderer: NVIDIA GeForce GTX 660 Ti (ID=0x1183)
    Vendor:   
    VRAM:     1998 MB
    Driver:   27.21.14.5671
Initialize mono
Mono path[0] = 'C:/Program Files/Unity/Hub/Editor/2020.2.7f1/Editor/Data/Managed'
Mono path[1] = 'C:/Program Files/Unity/Hub/Editor/2020.2.7f1/Editor/Data/MonoBleedingEdge/lib/mono/unityjit'
Mono config path = 'C:/Program Files/Unity/Hub/Editor/2020.2.7f1/Editor/Data/MonoBleedingEdge/etc'
Using monoOptions --debugger-agent=transport=dt_socket,embedding=1,server=y,suspend=n,address=127.0.0.1:56888
Begin MonoManager ReloadAssembly
Registering precompiled unity dll's ...
Register platform support module: C:/Program Files/Unity/Hub/Editor/2020.2.7f1/Editor/Data/PlaybackEngines/WindowsStandaloneSupport/UnityEditor.WindowsStandalone.Extensions.dll
Registered in 0.004251 seconds.
Native extension for WindowsStandalone target not found
Refreshing native plugins compatible for Editor in 64.44 ms, found 0 plugins.
Preloading 0 native plugins for Editor in 0.00 ms.
Invoked RoslynAnalysisRunner static constructor.
RoslynAnalysisRunner will not be running.
RoslynAnalysisRunner has terminated.
Mono: successfully reloaded assembly
- Completed reload, in  2.084 seconds
Platform modules already initialized, skipping
Registering precompiled user dll's ...
Registered in 0.006615 seconds.
Begin MonoManager ReloadAssembly
Native extension for WindowsStandalone target not found
Refreshing native plugins compatible for Editor in 0.69 ms, found 0 plugins.
Preloading 0 native plugins for Editor in 0.00 ms.
Invoked RoslynAnalysisRunner static constructor.
RoslynAnalysisRunner will not be running.
RoslynAnalysisRunner has terminated.
Mono: successfully reloaded assembly
- Completed reload, in  2.374 seconds
Platform modules already initialized, skipping
========================================================================
Worker process is ready to serve import requests
Launched and connected shader compiler UnityShaderCompiler.exe after 0.14 seconds
Refreshing native plugins compatible for Editor in 0.87 ms, found 0 plugins.
Preloading 0 native plugins for Editor in 0.00 ms.
Unloading 1495 Unused Serialized files (Serialized files now loaded: 0)
System memory in use before: 72.9 MB.
System memory in use after: 73.0 MB.

Unloading 34 unused Assets to reduce memory usage. Loaded Objects now: 1924.
Total: 2.538700 ms (FindLiveObjects: 0.340600 ms CreateObjectMapping: 0.089700 ms MarkObjects: 2.024000 ms  DeleteObjects: 0.083000 ms)

========================================================================
Received Import Request.
  path: Assets/Scenes
  artifactKey: Guid(f7dde9147eecd93468c57618d235a76d) Importer(815301076,1909f56bfc062723c751e8b465ee728b)
Start importing Assets/Scenes using Guid(f7dde9147eecd93468c57618d235a76d) Importer(815301076,1909f56bfc062723c751e8b465ee728b)  -> (artifact id: 'b058ff70ed506a18d992ae755148af5e') in 0.007208 seconds
  Import took 0.010699 seconds .

========================================================================
Received Import Request.
  Time since last request: 0.000306 seconds.
  path: Assets/Scenes/SampleScene
  artifactKey: Guid(ddf915addeafdb94ca8ce6bbe568416f) Importer(815301076,1909f56bfc062723c751e8b465ee728b)
Start importing Assets/Scenes/SampleScene using Guid(ddf915addeafdb94ca8ce6bbe568416f) Importer(815301076,1909f56bfc062723c751e8b465ee728b)  -> (artifact id: 'b73107f2efe6dfaf9ea1ca0b1c6f5fa0') in 0.004404 seconds
  Import took 0.008137 seconds .

========================================================================
Received Import Request.
  Time since last request: 0.000445 seconds.
  path: Assets/Scenes/SampleScene.unity
  artifactKey: Guid(9fc0d4010bbf28b4594072e72b8655ab) Importer(815301076,1909f56bfc062723c751e8b465ee728b)
Start importing Assets/Scenes/SampleScene.unity using Guid(9fc0d4010bbf28b4594072e72b8655ab) Importer(815301076,1909f56bfc062723c751e8b465ee728b)  -> (artifact id: 'eb857b97ec11103fefb11dd4f0685157') in 0.076558 seconds
  Import took 0.082621 seconds .

========================================================================
Received Import Request.
  Time since last request: 0.000346 seconds.
  path: Assets/Scenes/SampleScene/NavMesh.asset
  artifactKey: Guid(83eb8cb8883866a4db65184f2dbf6528) Importer(815301076,1909f56bfc062723c751e8b465ee728b)
Start importing Assets/Scenes/SampleScene/NavMesh.asset using Guid(83eb8cb8883866a4db65184f2dbf6528) Importer(815301076,1909f56bfc062723c751e8b465ee728b)  -> (artifact id: '4350a4aa5c02e2225a5ef299b70c4de6') in 0.061651 seconds
  Import took 0.065675 seconds .

========================================================================
Received Import Request.
  Time since last request: 0.000410 seconds.
  path: Assets/Scenes/SampleScene.unity
  artifactKey: Guid(9fc0d4010bbf28b4594072e72b8655ab) Importer(815301076,1909f56bfc062723c751e8b465ee728b)
Start importing Assets/Scenes/SampleScene.unity using Guid(9fc0d4010bbf28b4594072e72b8655ab) Importer(815301076,1909f56bfc062723c751e8b465ee728b)  -> (artifact id: 'eb857b97ec11103fefb11dd4f0685157') in 0.006547 seconds
  Import took 0.011812 seconds .

========================================================================
Received Import Request.
  Time since last request: 49.328733 seconds.
  path: Assets/Scripts
  artifactKey: Guid(ac014bd960cec094a9a8cacb03faa966) Importer(815301076,1909f56bfc062723c751e8b465ee728b)
Start importing Assets/Scripts using Guid(ac014bd960cec094a9a8cacb03faa966) Importer(815301076,1909f56bfc062723c751e8b465ee728b)  -> (artifact id: '900fe18d967e485adbd75b4407b4c248') in 0.003395 seconds
  Import took 0.007165 seconds .

========================================================================
Received Import Request.
  Time since last request: 3.509334 seconds.
  path: Assets/Scripts/Control1.cs
  artifactKey: Guid(2766860c042beef4da700a1aac7955f8) Importer(815301076,1909f56bfc062723c751e8b465ee728b)
Start importing Assets/Scripts/Control1.cs using Guid(2766860c042beef4da700a1aac7955f8) Importer(815301076,1909f56bfc062723c751e8b465ee728b)  -> (artifact id: '18c5ce7192cb49c012a8552b2d3fac95') in 0.014411 seconds
  Import took 0.017766 seconds .

========================================================================
Received Import Request.
  Time since last request: 0.003432 seconds.
  path: Assets/Scripts/Control1.cs
  artifactKey: Guid(2766860c042beef4da700a1aac7955f8) Importer(815301076,1909f56bfc062723c751e8b465ee728b)
Start importing Assets/Scripts/Control1.cs using Guid(2766860c042beef4da700a1aac7955f8) Importer(815301076,1909f56bfc062723c751e8b465ee728b)  -> (artifact id: '18c5ce7192cb49c012a8552b2d3fac95') in 0.003867 seconds
  Import took 0.007405 seconds .

========================================================================
Received Prepare
Registering precompiled user dll's ...
Registered in 0.007869 seconds.
Begin MonoManager ReloadAssembly
Native extension for WindowsStandalone target not found
Refreshing native plugins compatible for Editor in 0.86 ms, found 0 plugins.
Preloading 0 native plugins for Editor in 0.00 ms.
Invoked RoslynAnalysisRunner static constructor.
RoslynAnalysisRunner will not be running.
RoslynAnalysisRunner has terminated.
Mono: successfully reloaded assembly
- Completed reload, in  2.138 seconds
Platform modules already initialized, skipping
Refreshing native plugins compatible for Editor in 0.69 ms, found 0 plugins.
Preloading 0 native plugins for Editor in 0.00 ms.
Unloading 1461 Unused Serialized files (Serialized files now loaded: 0)
System memory in use before: 70.7 MB.
System memory in use after: 70.8 MB.

Unloading 25 unused Assets to reduce memory usage. Loaded Objects now: 1927.
Total: 2.274800 ms (FindLiveObjects: 0.285700 ms CreateObjectMapping: 0.104100 ms MarkObjects: 1.847000 ms  DeleteObjects: 0.029100 ms)

========================================================================
Received Prepare
Registering precompiled user dll's ...
Registered in 0.006079 seconds.
Begin MonoManager ReloadAssembly
Native extension for WindowsStandalone target not found
Refreshing native plugins compatible for Editor in 0.68 ms, found 0 plugins.
Preloading 0 native plugins for Editor in 0.00 ms.
Invoked RoslynAnalysisRunner static constructor.
RoslynAnalysisRunner will not be running.
RoslynAnalysisRunner has terminated.
Mono: successfully reloaded assembly
- Completed reload, in  1.574 seconds
Platform modules already initialized, skipping
Refreshing native plugins compatible for Editor in 0.74 ms, found 0 plugins.
Preloading 0 native plugins for Editor in 0.00 ms.
Unloading 1461 Unused Serialized files (Serialized files now loaded: 0)
System memory in use before: 70.7 MB.
System memory in use after: 70.8 MB.

Unloading 25 unused Assets to reduce memory usage. Loaded Objects now: 1930.
Total: 3.504800 ms (FindLiveObjects: 0.317100 ms CreateObjectMapping: 1.099900 ms MarkObjects: 2.037000 ms  DeleteObjects: 0.047400 ms)

========================================================================
Received Prepare
Registering precompiled user dll's ...
Registered in 0.009028 seconds.
Begin MonoManager ReloadAssembly
Native extension for WindowsStandalone target not found
Refreshing native plugins compatible for Editor in 0.95 ms, found 0 plugins.
Preloading 0 native plugins for Editor in 0.00 ms.
Invoked RoslynAnalysisRunner static constructor.
RoslynAnalysisRunner will not be running.
RoslynAnalysisRunner has terminated.
Mono: successfully reloaded assembly
- Completed reload, in  3.105 seconds
Platform modules already initialized, skipping
Refreshing native plugins compatible for Editor in 0.69 ms, found 0 plugins.
Preloading 0 native plugins for Editor in 0.00 ms.
Unloading 1461 Unused Serialized files (Serialized files now loaded: 0)
System memory in use before: 70.7 MB.
System memory in use after: 70.8 MB.

Unloading 25 unused Assets to reduce memory usage. Loaded Objects now: 1933.
Total: 2.399700 ms (FindLiveObjects: 0.315200 ms CreateObjectMapping: 0.077800 ms MarkObjects: 1.963100 ms  DeleteObjects: 0.042200 ms)

========================================================================
Received Prepare
Registering precompiled user dll's ...
Registered in 0.005510 seconds.
Begin MonoManager ReloadAssembly
Native extension for WindowsStandalone target not found
Refreshing native plugins compatible for Editor in 1.16 ms, found 0 plugins.
Preloading 0 native plugins for Editor in 0.00 ms.
Invoked RoslynAnalysisRunner static constructor.
RoslynAnalysisRunner will not be running.
RoslynAnalysisRunner has terminated.
Mono: successfully reloaded assembly
- Completed reload, in  1.696 seconds
Platform modules already initialized, skipping
Refreshing native plugins compatible for Editor in 1.07 ms, found 0 plugins.
Preloading 0 native plugins for Editor in 0.00 ms.
Unloading 1461 Unused Serialized files (Serialized files now loaded: 0)
System memory in use before: 70.7 MB.
System memory in use after: 70.8 MB.

Unloading 25 unused Assets to reduce memory usage. Loaded Objects now: 1936.
Total: 2.370000 ms (FindLiveObjects: 0.271300 ms CreateObjectMapping: 0.074100 ms MarkObjects: 1.991400 ms  DeleteObjects: 0.032000 ms)

========================================================================
Received Prepare
Registering precompiled user dll's ...
Registered in 0.011721 seconds.
Begin MonoManager ReloadAssembly
Native extension for WindowsStandalone target not found
Refreshing native plugins compatible for Editor in 5.13 ms, found 0 plugins.
Preloading 0 native plugins for Editor in 0.00 ms.
Invoked RoslynAnalysisRunner static constructor.
RoslynAnalysisRunner will not be running.
RoslynAnalysisRunner has terminated.
Mono: successfully reloaded assembly
- Completed reload, in  2.430 seconds
Platform modules already initialized, skipping
Refreshing native plugins compatible for Editor in 1.17 ms, found 0 plugins.
Preloading 0 native plugins for Editor in 0.00 ms.
Unloading 1461 Unused Serialized files (Serialized files now loaded: 0)
System memory in use before: 70.7 MB.
System memory in use after: 70.9 MB.

Unloading 25 unused Assets to reduce memory usage. Loaded Objects now: 1939.
Total: 2.799500 ms (FindLiveObjects: 0.310900 ms CreateObjectMapping: 0.084400 ms MarkObjects: 2.351100 ms  DeleteObjects: 0.051300 ms)

========================================================================
Received Prepare
Registering precompiled user dll's ...
Registered in 0.006994 seconds.
Begin MonoManager ReloadAssembly
Native extension for WindowsStandalone target not found
Refreshing native plugins compatible for Editor in 0.68 ms, found 0 plugins.
Preloading 0 native plugins for Editor in 0.00 ms.
Invoked RoslynAnalysisRunner static constructor.
RoslynAnalysisRunner will not be running.
RoslynAnalysisRunner has terminated.
Mono: successfully reloaded assembly
- Completed reload, in  1.668 seconds
Platform modules already initialized, skipping
Refreshing native plugins compatible for Editor in 0.75 ms, found 0 plugins.
Preloading 0 native plugins for Editor in 0.00 ms.
Unloading 1461 Unused Serialized files (Serialized files now loaded: 0)
System memory in use before: 70.8 MB.
System memory in use after: 70.9 MB.

Unloading 25 unused Assets to reduce memory usage. Loaded Objects now: 1942.
Total: 2.208500 ms (FindLiveObjects: 0.262000 ms CreateObjectMapping: 0.073800 ms MarkObjects: 1.841800 ms  DeleteObjects: 0.029800 ms)

========================================================================
Received Import Request.
  Time since last request: 944.841700 seconds.
  path: Assets
  artifactKey: Guid(00000000000000001000000000000000) Importer(815301076,1909f56bfc062723c751e8b465ee728b)
Start importing Assets using Guid(00000000000000001000000000000000) Importer(815301076,1909f56bfc062723c751e8b465ee728b)  -> (artifact id: 'f89434ac489deb914593f829e0a47671') in 0.008536 seconds
  Import took 0.012612 seconds .

========================================================================
Received Import Request.
  Time since last request: 0.000867 seconds.
  path: Assets
  artifactKey: Guid(00000000000000001000000000000000) Importer(815301076,1909f56bfc062723c751e8b465ee728b)
Start importing Assets using Guid(00000000000000001000000000000000) Importer(815301076,1909f56bfc062723c751e8b465ee728b)  -> (artifact id: 'f89434ac489deb914593f829e0a47671') in 0.003963 seconds
  Import took 0.007261 seconds .

========================================================================
Received Import Request.
  Time since last request: 9.082922 seconds.
  path: Assets/Animation
  artifactKey: Guid(db3146f9e8a2d3c4ea804b8401bbfc01) Importer(815301076,1909f56bfc062723c751e8b465ee728b)
Start importing Assets/Animation using Guid(db3146f9e8a2d3c4ea804b8401bbfc01) Importer(815301076,1909f56bfc062723c751e8b465ee728b)  -> (artifact id: '2fea1a03d20ddbc3df2ccadee5480bc9') in 0.005326 seconds
  Import took 0.009534 seconds .

========================================================================
Received Import Request.
  Time since last request: 9.384918 seconds.
  path: Assets/Animation/Tree
  artifactKey: Guid(02d4fbeda01e0c140810ad79da79c3f4) Importer(815301076,1909f56bfc062723c751e8b465ee728b)
Start importing Assets/Animation/Tree using Guid(02d4fbeda01e0c140810ad79da79c3f4) Importer(815301076,1909f56bfc062723c751e8b465ee728b)  -> (artifact id: '28835ff242a2cb3106b0a0df26bc0105') in 0.005867 seconds
  Import took 0.009957 seconds .

========================================================================
Received Import Request.
  Time since last request: 0.000452 seconds.
  path: Assets/Animation/Tree
  artifactKey: Guid(02d4fbeda01e0c140810ad79da79c3f4) Importer(815301076,1909f56bfc062723c751e8b465ee728b)
Start importing Assets/Animation/Tree using Guid(02d4fbeda01e0c140810ad79da79c3f4) Importer(815301076,1909f56bfc062723c751e8b465ee728b)  -> (artifact id: '28835ff242a2cb3106b0a0df26bc0105') in 0.003659 seconds
  Import took 0.007572 seconds .

========================================================================
Received Import Request.
  Time since last request: 34.485936 seconds.
  path: Assets/Animation/Tree/Tree.controller
  artifactKey: Guid(cc2726d54dafbf54995eab124d305628) Importer(815301076,1909f56bfc062723c751e8b465ee728b)
Start importing Assets/Animation/Tree/Tree.controller using Guid(cc2726d54dafbf54995eab124d305628) Importer(815301076,1909f56bfc062723c751e8b465ee728b)  -> (artifact id: '7c968a9d7569c4db1a46775b2a6eb8b5') in 0.022171 seconds
  Import took 0.027025 seconds .

========================================================================
Received Import Request.
  Time since last request: 88.527532 seconds.
  path: Assets/Animation/Tree/New Animation.anim
  artifactKey: Guid(25bfe637ce9049846a761a51e25159db) Importer(815301076,1909f56bfc062723c751e8b465ee728b)
Start importing Assets/Animation/Tree/New Animation.anim using Guid(25bfe637ce9049846a761a51e25159db) Importer(815301076,1909f56bfc062723c751e8b465ee728b)  -> (artifact id: '7faa3c85aa5458389d40bd0838804b7f') in 0.007875 seconds
  Import took 0.011607 seconds .

========================================================================
Received Import Request.
  Time since last request: 0.007521 seconds.
  path: Assets/Animation/Tree/New Animation.anim
  artifactKey: Guid(25bfe637ce9049846a761a51e25159db) Importer(815301076,1909f56bfc062723c751e8b465ee728b)
Start importing Assets/Animation/Tree/New Animation.anim using Guid(25bfe637ce9049846a761a51e25159db) Importer(815301076,1909f56bfc062723c751e8b465ee728b)  -> (artifact id: '7faa3c85aa5458389d40bd0838804b7f') in 0.005310 seconds
  Import took 0.009522 seconds .

========================================================================
Received Import Request.
  Time since last request: 5.028302 seconds.
  path: Assets/Animation/Tree/ForestTreeSpruce_02 (2).controller
  artifactKey: Guid(ebc3e719f8bb9d948bb56e94d0e71cd8) Importer(815301076,1909f56bfc062723c751e8b465ee728b)
Start importing Assets/Animation/Tree/ForestTreeSpruce_02 (2).controller using Guid(ebc3e719f8bb9d948bb56e94d0e71cd8) Importer(815301076,1909f56bfc062723c751e8b465ee728b)  -> (artifact id: '8200fdb2bb9fd3a12aee3e131ec6c1b2') in 0.004644 seconds
  Import took 0.008936 seconds .

========================================================================
Received Prepare
Registering precompiled user dll's ...
Registered in 0.009502 seconds.
Begin MonoManager ReloadAssembly
Native extension for WindowsStandalone target not found
Refreshing native plugins compatible for Editor in 0.73 ms, found 0 plugins.
Preloading 0 native plugins for Editor in 0.00 ms.
Invoked RoslynAnalysisRunner static constructor.
RoslynAnalysisRunner will not be running.
RoslynAnalysisRunner has terminated.
Mono: successfully reloaded assembly
- Completed reload, in  1.354 seconds
Platform modules already initialized, skipping
Refreshing native plugins compatible for Editor in 0.72 ms, found 0 plugins.
Preloading 0 native plugins for Editor in 0.00 ms.
Unloading 1461 Unused Serialized files (Serialized files now loaded: 0)
System memory in use before: 70.8 MB.
System memory in use after: 70.9 MB.

Unloading 25 unused Assets to reduce memory usage. Loaded Objects now: 1945.
Total: 2.828900 ms (FindLiveObjects: 0.353300 ms CreateObjectMapping: 0.075500 ms MarkObjects: 2.370500 ms  DeleteObjects: 0.028100 ms)

========================================================================
Received Prepare
Registering precompiled user dll's ...
Registered in 0.010144 seconds.
Begin MonoManager ReloadAssembly
Native extension for WindowsStandalone target not found
Refreshing native plugins compatible for Editor in 0.69 ms, found 0 plugins.
Preloading 0 native plugins for Editor in 0.00 ms.
Invoked RoslynAnalysisRunner static constructor.
RoslynAnalysisRunner will not be running.
RoslynAnalysisRunner has terminated.
Mono: successfully reloaded assembly
- Completed reload, in  1.419 seconds
Platform modules already initialized, skipping
Refreshing native plugins compatible for Editor in 0.71 ms, found 0 plugins.
Preloading 0 native plugins for Editor in 0.00 ms.
Unloading 1461 Unused Serialized files (Serialized files now loaded: 0)
System memory in use before: 70.8 MB.
System memory in use after: 70.9 MB.

Unloading 25 unused Assets to reduce memory usage. Loaded Objects now: 1948.
Total: 2.380700 ms (FindLiveObjects: 0.252900 ms CreateObjectMapping: 0.072300 ms MarkObjects: 2.027800 ms  DeleteObjects: 0.026100 ms)

========================================================================
Received Prepare
Registering precompiled user dll's ...
Registered in 0.005974 seconds.
Begin MonoManager ReloadAssembly
Native extension for WindowsStandalone target not found
Refreshing native plugins compatible for Editor in 0.68 ms, found 0 plugins.
Preloading 0 native plugins for Editor in 0.00 ms.
Invoked RoslynAnalysisRunner static constructor.
RoslynAnalysisRunner will not be running.
RoslynAnalysisRunner has terminated.
Mono: successfully reloaded assembly
- Completed reload, in  1.350 seconds
Platform modules already initialized, skipping
Refreshing native plugins compatible for Editor in 0.99 ms, found 0 plugins.
Preloading 0 native plugins for Editor in 0.00 ms.
Unloading 1461 Unused Serialized files (Serialized files now loaded: 0)
System memory in use before: 70.8 MB.
System memory in use after: 70.9 MB.

Unloading 25 unused Assets to reduce memory usage. Loaded Objects now: 1951.
Total: 2.983200 ms (FindLiveObjects: 0.533100 ms CreateObjectMapping: 0.178600 ms MarkObjects: 2.238200 ms  DeleteObjects: 0.031900 ms)

========================================================================
Received Prepare
Registering precompiled user dll's ...
Registered in 0.005608 seconds.
Begin MonoManager ReloadAssembly
Native extension for WindowsStandalone target not found
Refreshing native plugins compatible for Editor in 0.68 ms, found 0 plugins.
Preloading 0 native plugins for Editor in 0.00 ms.
Invoked RoslynAnalysisRunner static constructor.
RoslynAnalysisRunner will not be running.
RoslynAnalysisRunner has terminated.
Mono: successfully reloaded assembly
- Completed reload, in  1.416 seconds
Platform modules already initialized, skipping
Refreshing native plugins compatible for Editor in 0.70 ms, found 0 plugins.
Preloading 0 native plugins for Editor in 0.00 ms.
Unloading 1461 Unused Serialized files (Serialized files now loaded: 0)
System memory in use before: 70.8 MB.
System memory in use after: 70.9 MB.

Unloading 25 unused Assets to reduce memory usage. Loaded Objects now: 1954.
Total: 2.208300 ms (FindLiveObjects: 0.256000 ms CreateObjectMapping: 0.073400 ms MarkObjects: 1.854200 ms  DeleteObjects: 0.023300 ms)

========================================================================
Received Prepare
Registering precompiled user dll's ...
Registered in 0.006665 seconds.
Begin MonoManager ReloadAssembly
Native extension for WindowsStandalone target not found
Refreshing native plugins compatible for Editor in 0.68 ms, found 0 plugins.
Preloading 0 native plugins for Editor in 0.00 ms.
Invoked RoslynAnalysisRunner static constructor.
RoslynAnalysisRunner will not be running.
RoslynAnalysisRunner has terminated.
Mono: successfully reloaded assembly
- Completed reload, in  1.278 seconds
Platform modules already initialized, skipping
Refreshing native plugins compatible for Editor in 0.95 ms, found 0 plugins.
Preloading 0 native plugins for Editor in 0.00 ms.
Unloading 1461 Unused Serialized files (Serialized files now loaded: 0)
System memory in use before: 70.8 MB.
System memory in use after: 70.9 MB.

Unloading 25 unused Assets to reduce memory usage. Loaded Objects now: 1957.
Total: 2.319900 ms (FindLiveObjects: 0.295500 ms CreateObjectMapping: 0.096900 ms MarkObjects: 1.902700 ms  DeleteObjects: 0.023700 ms)

========================================================================
Received Prepare
Registering precompiled user dll's ...
Registered in 0.011887 seconds.
Begin MonoManager ReloadAssembly
Native extension for WindowsStandalone target not found
Refreshing native plugins compatible for Editor in 0.98 ms, found 0 plugins.
Preloading 0 native plugins for Editor in 0.00 ms.
Invoked RoslynAnalysisRunner static constructor.
RoslynAnalysisRunner will not be running.
RoslynAnalysisRunner has terminated.
Mono: successfully reloaded assembly
- Completed reload, in  1.854 seconds
Platform modules already initialized, skipping
Refreshing native plugins compatible for Editor in 0.69 ms, found 0 plugins.
Preloading 0 native plugins for Editor in 0.00 ms.
Unloading 1461 Unused Serialized files (Serialized files now loaded: 0)
System memory in use before: 70.8 MB.
System memory in use after: 70.9 MB.

Unloading 25 unused Assets to reduce memory usage. Loaded Objects now: 1960.
Total: 3.359300 ms (FindLiveObjects: 0.314800 ms CreateObjectMapping: 0.075600 ms MarkObjects: 2.933500 ms  DeleteObjects: 0.033800 ms)

========================================================================
Received Import Request.
  Time since last request: 5277.629864 seconds.
  path: Assets/FreeDimensionForge
  artifactKey: Guid(f451385c4cd479b4d97825c2484ef435) Importer(815301076,1909f56bfc062723c751e8b465ee728b)
Start importing Assets/FreeDimensionForge using Guid(f451385c4cd479b4d97825c2484ef435) Importer(815301076,1909f56bfc062723c751e8b465ee728b)  -> (artifact id: 'cb335fe4937bc8c6f34a83c01f7be530') in 0.009749 seconds
  Import took 0.013385 seconds .

========================================================================
Received Import Request.
  Time since last request: 0.858411 seconds.
  path: Assets/FreeDimensionForge/LowPolyEnvironmentsPack
  artifactKey: Guid(9d28c427932e8d440b47e2181b63d7b3) Importer(815301076,1909f56bfc062723c751e8b465ee728b)
Start importing Assets/FreeDimensionForge/LowPolyEnvironmentsPack using Guid(9d28c427932e8d440b47e2181b63d7b3) Importer(815301076,1909f56bfc062723c751e8b465ee728b)  -> (artifact id: '6e4357c8d07b7a29d630fa4c153ebee3') in 0.005311 seconds
  Import took 0.009042 seconds .

========================================================================
Received Import Request.
  Time since last request: 0.740522 seconds.
  path: Assets/FreeDimensionForge/LowPolyEnvironmentsPack/Art
  artifactKey: Guid(87a0f91d4ac4cac4b8fc6860e236b972) Importer(815301076,1909f56bfc062723c751e8b465ee728b)
Start importing Assets/FreeDimensionForge/LowPolyEnvironmentsPack/Art using Guid(87a0f91d4ac4cac4b8fc6860e236b972) Importer(815301076,1909f56bfc062723c751e8b465ee728b)  -> (artifact id: 'e47d38cd7fc30df348366b9ac79644af') in 0.005069 seconds
  Import took 0.008744 seconds .

========================================================================
Received Import Request.
  Time since last request: 0.007461 seconds.
  path: Assets/FreeDimensionForge/LowPolyEnvironmentsPack/Art
  artifactKey: Guid(87a0f91d4ac4cac4b8fc6860e236b972) Importer(815301076,1909f56bfc062723c751e8b465ee728b)
Start importing Assets/FreeDimensionForge/LowPolyEnvironmentsPack/Art using Guid(87a0f91d4ac4cac4b8fc6860e236b972) Importer(815301076,1909f56bfc062723c751e8b465ee728b)  -> (artifact id: 'e47d38cd7fc30df348366b9ac79644af') in 0.003891 seconds
  Import took 0.007170 seconds .

========================================================================
Received Import Request.
  Time since last request: 0.502381 seconds.
  path: Assets/FreeDimensionForge/LowPolyEnvironmentsPack/Art/ForestEnvironmentPack
  artifactKey: Guid(cea89b5a3d9ab23409c5f4bb3e282ce2) Importer(815301076,1909f56bfc062723c751e8b465ee728b)
Start importing Assets/FreeDimensionForge/LowPolyEnvironmentsPack/Art/ForestEnvironmentPack using Guid(cea89b5a3d9ab23409c5f4bb3e282ce2) Importer(815301076,1909f56bfc062723c751e8b465ee728b)  -> (artifact id: '1f640c9c16e5f7f0adf46ff7bc78ffb7') in 0.005555 seconds
  Import took 0.009048 seconds .

========================================================================
Received Import Request.
  Time since last request: 1.438389 seconds.
  path: Assets/FreeDimensionForge/LowPolyEnvironmentsPack/Art/ForestEnvironmentPack/Prefabs
  artifactKey: Guid(6e1fb629752282743b160e9ee8c131d5) Importer(815301076,1909f56bfc062723c751e8b465ee728b)
Start importing Assets/FreeDimensionForge/LowPolyEnvironmentsPack/Art/ForestEnvironmentPack/Prefabs using Guid(6e1fb629752282743b160e9ee8c131d5) Importer(815301076,1909f56bfc062723c751e8b465ee728b)  -> (artifact id: '712dcd4f2299137d7861559db8e5660d') in 0.005567 seconds
  Import took 0.009946 seconds .

========================================================================
Received Import Request.
  Time since last request: 0.057251 seconds.
  path: Assets/FreeDimensionForge/LowPolyEnvironmentsPack/Art/ForestEnvironmentPack/Prefabs/ForestAxe.prefab
  artifactKey: Guid(abcf5a75abc219c4ab38d041d5e0cd9d) Importer(815301076,1909f56bfc062723c751e8b465ee728b)
Start importing Assets/FreeDimensionForge/LowPolyEnvironmentsPack/Art/ForestEnvironmentPack/Prefabs/ForestAxe.prefab using Guid(abcf5a75abc219c4ab38d041d5e0cd9d) Importer(815301076,1909f56bfc062723c751e8b465ee728b)  -> (artifact id: '40a94d03bb17f09301e06319f8531ee7') in 0.159725 seconds
  Import took 0.163174 seconds .

========================================================================
Received Import Request.
  Time since last request: 0.000328 seconds.
  path: Assets/FreeDimensionForge/LowPolyEnvironmentsPack/Art/ForestEnvironmentPack/Prefabs/ForestTreeTrunk_02.prefab
  artifactKey: Guid(a73ff1c5585990b4492ba43baca1719c) Importer(815301076,1909f56bfc062723c751e8b465ee728b)
Start importing Assets/FreeDimensionForge/LowPolyEnvironmentsPack/Art/ForestEnvironmentPack/Prefabs/ForestTreeTrunk_02.prefab using Guid(a73ff1c5585990b4492ba43baca1719c) Importer(815301076,1909f56bfc062723c751e8b465ee728b)  -> (artifact id: '65097e1acdcea877bf280655ebf9ab03') in 0.023610 seconds
  Import took 0.027881 seconds .

========================================================================
Received Import Request.
  Time since last request: 0.000449 seconds.
  path: Assets/FreeDimensionForge/LowPolyEnvironmentsPack/Art/ForestEnvironmentPack/Prefabs/ForestMushroom02.prefab
  artifactKey: Guid(a23c20d2f3f5cca4b8d20c8669af7144) Importer(815301076,1909f56bfc062723c751e8b465ee728b)
Start importing Assets/FreeDimensionForge/LowPolyEnvironmentsPack/Art/ForestEnvironmentPack/Prefabs/ForestMushroom02.prefab using Guid(a23c20d2f3f5cca4b8d20c8669af7144) Importer(815301076,1909f56bfc062723c751e8b465ee728b)  -> (artifact id: 'fec78cf1fa2a889912f5546e4f8f43b2') in 0.030897 seconds
  Import took 0.035750 seconds .

========================================================================
Received Import Request.
  Time since last request: 0.000458 seconds.
  path: Assets/FreeDimensionForge/LowPolyEnvironmentsPack/Art/ForestEnvironmentPack/Prefabs/ForestRiverStraightCube.prefab
  artifactKey: Guid(a3aca4e74aeda13419c8eef0d7566084) Importer(815301076,1909f56bfc062723c751e8b465ee728b)
Start importing Assets/FreeDimensionForge/LowPolyEnvironmentsPack/Art/ForestEnvironmentPack/Prefabs/ForestRiverStraightCube.prefab using Guid(a3aca4e74aeda13419c8eef0d7566084) Importer(815301076,1909f56bfc062723c751e8b465ee728b)  -> (artifact id: '56d54512745800468e414377dfd2bb22') in 0.027452 seconds
  Import took 0.035341 seconds .

========================================================================
Received Import Request.
  Time since last request: 0.001040 seconds.
  path: Assets/FreeDimensionForge/LowPolyEnvironmentsPack/Art/ForestEnvironmentPack/Prefabs/ForestCanoe.prefab
  artifactKey: Guid(f6c2d9f9bce84fe4696cf5ab0104b163) Importer(815301076,1909f56bfc062723c751e8b465ee728b)
Start importing Assets/FreeDimensionForge/LowPolyEnvironmentsPack/Art/ForestEnvironmentPack/Prefabs/ForestCanoe.prefab using Guid(f6c2d9f9bce84fe4696cf5ab0104b163) Importer(815301076,1909f56bfc062723c751e8b465ee728b)  -> (artifact id: 'c0b1661102dae34b6d447652ca9cb6fa') in 0.027150 seconds
  Import took 0.031666 seconds .

========================================================================
Received Import Request.
  Time since last request: 0.000590 seconds.
  path: Assets/FreeDimensionForge/LowPolyEnvironmentsPack/Art/ForestEnvironmentPack/Prefabs/ForestLakeCube.prefab
  artifactKey: Guid(93602bff4df8d064c8667d1a19545a5e) Importer(815301076,1909f56bfc062723c751e8b465ee728b)
Start importing Assets/FreeDimensionForge/LowPolyEnvironmentsPack/Art/ForestEnvironmentPack/Prefabs/ForestLakeCube.prefab using Guid(93602bff4df8d064c8667d1a19545a5e) Importer(815301076,1909f56bfc062723c751e8b465ee728b)  -> (artifact id: '19abe3314a254261d02a3fc471b26e2b') in 0.025643 seconds
  Import took 0.032943 seconds .

========================================================================
Received Import Request.
  Time since last request: 0.000457 seconds.
  path: Assets/FreeDimensionForge/LowPolyEnvironmentsPack/Art/ForestEnvironmentPack/Prefabs/ForestTent_01.prefab
  artifactKey: Guid(a5a01801ab4c97d46a7b6f97c5b13d50) Importer(815301076,1909f56bfc062723c751e8b465ee728b)
Start importing Assets/FreeDimensionForge/LowPolyEnvironmentsPack/Art/ForestEnvironmentPack/Prefabs/ForestTent_01.prefab using Guid(a5a01801ab4c97d46a7b6f97c5b13d50) Importer(815301076,1909f56bfc062723c751e8b465ee728b)  -> (artifact id: '5230974da8acdc10251eaa9f756aba5f') in 0.024411 seconds
  Import took 0.028721 seconds .

========================================================================
Received Import Request.
  Time since last request: 0.000815 seconds.
  path: Assets/FreeDimensionForge/LowPolyEnvironmentsPack/Art/ForestEnvironmentPack/Prefabs/ForestCrossingCube_01.prefab
  artifactKey: Guid(9b58bf7da640e264f99ddad9a8e75523) Importer(815301076,1909f56bfc062723c751e8b465ee728b)
Start importing Assets/FreeDimensionForge/LowPolyEnvironmentsPack/Art/ForestEnvironmentPack/Prefabs/ForestCrossingCube_01.prefab using Guid(9b58bf7da640e264f99ddad9a8e75523) Importer(815301076,1909f56bfc062723c751e8b465ee728b)  -> (artifact id: 'caf52a0d41dd3122433fb85764042680') in 0.022578 seconds
  Import took 0.029792 seconds .

========================================================================
Received Import Request.
  Time since last request: 0.000406 seconds.
  path: Assets/FreeDimensionForge/LowPolyEnvironmentsPack/Art/ForestEnvironmentPack/Prefabs/ForestLake.prefab
  artifactKey: Guid(257e42b9a9f55ec43b4032bf0a9efc30) Importer(815301076,1909f56bfc062723c751e8b465ee728b)
Start importing Assets/FreeDimensionForge/LowPolyEnvironmentsPack/Art/ForestEnvironmentPack/Prefabs/ForestLake.prefab using Guid(257e42b9a9f55ec43b4032bf0a9efc30) Importer(815301076,1909f56bfc062723c751e8b465ee728b)  -> (artifact id: '837c801168450e7599a54e798f519956') in 0.017925 seconds
  Import took 0.023734 seconds .

========================================================================
Received Import Request.
  Time since last request: 0.000883 seconds.
  path: Assets/FreeDimensionForge/LowPolyEnvironmentsPack/Art/ForestEnvironmentPack/Prefabs/ForestEnd.prefab
  artifactKey: Guid(e40f6ce8b4f626a4a9208bd6ccbd6dd5) Importer(815301076,1909f56bfc062723c751e8b465ee728b)
Start importing Assets/FreeDimensionForge/LowPolyEnvironmentsPack/Art/ForestEnvironmentPack/Prefabs/ForestEnd.prefab using Guid(e40f6ce8b4f626a4a9208bd6ccbd6dd5) Importer(815301076,1909f56bfc062723c751e8b465ee728b)  -> (artifact id: '2ca8aa4d2eacfd9d6f66d75f71d27ab9') in 0.029217 seconds
  Import took 0.035092 seconds .

========================================================================
Received Import Request.
  Time since last request: 0.000779 seconds.
  path: Assets/FreeDimensionForge/LowPolyEnvironmentsPack/Art/ForestEnvironmentPack/Prefabs/ForestTreeTrunkBrunch.prefab
  artifactKey: Guid(d57e371ebbd018f458be73d34f70900b) Importer(815301076,1909f56bfc062723c751e8b465ee728b)
Start importing Assets/FreeDimensionForge/LowPolyEnvironmentsPack/Art/ForestEnvironmentPack/Prefabs/ForestTreeTrunkBrunch.prefab using Guid(d57e371ebbd018f458be73d34f70900b) Importer(815301076,1909f56bfc062723c751e8b465ee728b)  -> (artifact id: '79ffe63da7d0213e412caa015aa978e6') in 0.048922 seconds
  Import took 0.053781 seconds .

========================================================================
Received Import Request.
  Time since last request: 0.000402 seconds.
  path: Assets/FreeDimensionForge/LowPolyEnvironmentsPack/Art/ForestEnvironmentPack/Prefabs/ForestTreeTrunkTable.prefab
  artifactKey: Guid(a55dcee0f0a34ab42b37482d2825d6fd) Importer(815301076,1909f56bfc062723c751e8b465ee728b)
Start importing Assets/FreeDimensionForge/LowPolyEnvironmentsPack/Art/ForestEnvironmentPack/Prefabs/ForestTreeTrunkTable.prefab using Guid(a55dcee0f0a34ab42b37482d2825d6fd) Importer(815301076,1909f56bfc062723c751e8b465ee728b)  -> (artifact id: '51c5604cae0c0523ce4710f1344f479a') in 0.018822 seconds
  Import took 0.024670 seconds .

========================================================================
Received Import Request.
  Time since last request: 0.000375 seconds.
  path: Assets/FreeDimensionForge/LowPolyEnvironmentsPack/Art/ForestEnvironmentPack/Prefabs/ForestTree_01.prefab
  artifactKey: Guid(7d1fa95dc6661a44a80d774bdf1b74f5) Importer(815301076,1909f56bfc062723c751e8b465ee728b)
Start importing Assets/FreeDimensionForge/LowPolyEnvironmentsPack/Art/ForestEnvironmentPack/Prefabs/ForestTree_01.prefab using Guid(7d1fa95dc6661a44a80d774bdf1b74f5) Importer(815301076,1909f56bfc062723c751e8b465ee728b)  -> (artifact id: 'f2da38131fd5dddf36e328539d21efb8') in 0.027564 seconds
  Import took 0.031849 seconds .

========================================================================
Received Import Request.
  Time since last request: 0.000302 seconds.
  path: Assets/FreeDimensionForge/LowPolyEnvironmentsPack/Art/ForestEnvironmentPack/Prefabs/ForestTent_02.prefab
  artifactKey: Guid(5163812787245d64da24668d953181cc) Importer(815301076,1909f56bfc062723c751e8b465ee728b)
Start importing Assets/FreeDimensionForge/LowPolyEnvironmentsPack/Art/ForestEnvironmentPack/Prefabs/ForestTent_02.prefab using Guid(5163812787245d64da24668d953181cc) Importer(815301076,1909f56bfc062723c751e8b465ee728b)  -> (artifact id: 'd98840ade9e24384f6dc37e716adbf63') in 0.025523 seconds
  Import took 0.032345 seconds .

========================================================================
Received Import Request.
  Time since last request: 0.000135 seconds.
  path: Assets/FreeDimensionForge/LowPolyEnvironmentsPack/Art/ForestEnvironmentPack/Prefabs/ForestPaddle.prefab
  artifactKey: Guid(f866f48ee40da9a4c9cb662cfab62f55) Importer(815301076,1909f56bfc062723c751e8b465ee728b)
Start importing Assets/FreeDimensionForge/LowPolyEnvironmentsPack/Art/ForestEnvironmentPack/Prefabs/ForestPaddle.prefab using Guid(f866f48ee40da9a4c9cb662cfab62f55) Importer(815301076,1909f56bfc062723c751e8b465ee728b)  -> (artifact id: '1788338ead5549342b8ed5d783c81e03') in 0.024769 seconds
  Import took 0.029394 seconds .

========================================================================
Received Import Request.
  Time since last request: 0.000379 seconds.
  path: Assets/FreeDimensionForge/LowPolyEnvironmentsPack/Art/ForestEnvironmentPack/Prefabs/ForestTreeSpruce_02.prefab
  artifactKey: Guid(185207286880b5e44a7940a40f7f409c) Importer(815301076,1909f56bfc062723c751e8b465ee728b)
Start importing Assets/FreeDimensionForge/LowPolyEnvironmentsPack/Art/ForestEnvironmentPack/Prefabs/ForestTreeSpruce_02.prefab using Guid(185207286880b5e44a7940a40f7f409c) Importer(815301076,1909f56bfc062723c751e8b465ee728b)  -> (artifact id: 'f23dbba18e7aec2fec163e07f56bbdf2') in 0.029234 seconds
  Import took 0.033129 seconds .

========================================================================
Received Import Request.
  Time since last request: 0.000451 seconds.
  path: Assets/FreeDimensionForge/LowPolyEnvironmentsPack/Art/ForestEnvironmentPack/Prefabs/ForestRiverCurveCube.prefab
  artifactKey: Guid(8649bfe99b212f14eb2013a76849b8d0) Importer(815301076,1909f56bfc062723c751e8b465ee728b)
Start importing Assets/FreeDimensionForge/LowPolyEnvironmentsPack/Art/ForestEnvironmentPack/Prefabs/ForestRiverCurveCube.prefab using Guid(8649bfe99b212f14eb2013a76849b8d0) Importer(815301076,1909f56bfc062723c751e8b465ee728b)  -> (artifact id: '81db680809a53796c9cf301978eee60e') in 0.029370 seconds
  Import took 0.033242 seconds .

========================================================================
Received Import Request.
  Time since last request: 0.000405 seconds.
  path: Assets/FreeDimensionForge/LowPolyEnvironmentsPack/Art/ForestEnvironmentPack/Prefabs/ForestRiverStraight.prefab
  artifactKey: Guid(d1b37b7a95bfc7b43aa1b59e57783aca) Importer(815301076,1909f56bfc062723c751e8b465ee728b)
Start importing Assets/FreeDimensionForge/LowPolyEnvironmentsPack/Art/ForestEnvironmentPack/Prefabs/ForestRiverStraight.prefab using Guid(d1b37b7a95bfc7b43aa1b59e57783aca) Importer(815301076,1909f56bfc062723c751e8b465ee728b)  -> (artifact id: 'e61cb4b11c5496b22745059e0258e011') in 0.030142 seconds
  Import took 0.034233 seconds .

========================================================================
Received Import Request.
  Time since last request: 0.000322 seconds.
  path: Assets/FreeDimensionForge/LowPolyEnvironmentsPack/Art/ForestEnvironmentPack/Prefabs/ForestTent_03.prefab
  artifactKey: Guid(637162b888d88194cb404bcffb42573a) Importer(815301076,1909f56bfc062723c751e8b465ee728b)
Start importing Assets/FreeDimensionForge/LowPolyEnvironmentsPack/Art/ForestEnvironmentPack/Prefabs/ForestTent_03.prefab using Guid(637162b888d88194cb404bcffb42573a) Importer(815301076,1909f56bfc062723c751e8b465ee728b)  -> (artifact id: 'ae0e1c96a84c0e1a0a3d461bca4c5980') in 0.040751 seconds
  Import took 0.045665 seconds .

========================================================================
Received Import Request.
  Time since last request: 0.000386 seconds.
  path: Assets/FreeDimensionForge/LowPolyEnvironmentsPack/Art/ForestEnvironmentPack/Prefabs/ForestStraightCube.prefab
  artifactKey: Guid(4eb8d5a3d6d17bf46bc7995145af9f5c) Importer(815301076,1909f56bfc062723c751e8b465ee728b)
Start importing Assets/FreeDimensionForge/LowPolyEnvironmentsPack/Art/ForestEnvironmentPack/Prefabs/ForestStraightCube.prefab using Guid(4eb8d5a3d6d17bf46bc7995145af9f5c) Importer(815301076,1909f56bfc062723c751e8b465ee728b)  -> (artifact id: 'b8686ee9dcae2de3947988dad980de48') in 0.020014 seconds
  Import took 0.024158 seconds .

========================================================================
Received Import Request.
  Time since last request: 0.000379 seconds.
  path: Assets/FreeDimensionForge/LowPolyEnvironmentsPack/Art/ForestEnvironmentPack/Prefabs/ForestTree_02.prefab
  artifactKey: Guid(e99ed4ce967aa8a4c8b6e9d19ebbd8b8) Importer(815301076,1909f56bfc062723c751e8b465ee728b)
Start importing Assets/FreeDimensionForge/LowPolyEnvironmentsPack/Art/ForestEnvironmentPack/Prefabs/ForestTree_02.prefab using Guid(e99ed4ce967aa8a4c8b6e9d19ebbd8b8) Importer(815301076,1909f56bfc062723c751e8b465ee728b)  -> (artifact id: 'c61d31b029ad722a5f5c5fdf34837908') in 0.024088 seconds
  Import took 0.030028 seconds .

========================================================================
Received Import Request.
  Time since last request: 0.000094 seconds.
  path: Assets/FreeDimensionForge/LowPolyEnvironmentsPack/Art/ForestEnvironmentPack/Prefabs/ForestMushroom01.prefab
  artifactKey: Guid(2376b0bc23c563543a8ec1756b256f2a) Importer(815301076,1909f56bfc062723c751e8b465ee728b)
Start importing Assets/FreeDimensionForge/LowPolyEnvironmentsPack/Art/ForestEnvironmentPack/Prefabs/ForestMushroom01.prefab using Guid(2376b0bc23c563543a8ec1756b256f2a) Importer(815301076,1909f56bfc062723c751e8b465ee728b)  -> (artifact id: '8a20eb6f3131eca854326e2819d14232') in 0.021080 seconds
  Import took 0.029451 seconds .

========================================================================
Received Import Request.
  Time since last request: 0.000438 seconds.
  path: Assets/FreeDimensionForge/LowPolyEnvironmentsPack/Art/ForestEnvironmentPack/Prefabs/ForestCurveCube.prefab
  artifactKey: Guid(80a51c2c7e3e1ac4bbad2257548a2ffc) Importer(815301076,1909f56bfc062723c751e8b465ee728b)
Start importing Assets/FreeDimensionForge/LowPolyEnvironmentsPack/Art/ForestEnvironmentPack/Prefabs/ForestCurveCube.prefab using Guid(80a51c2c7e3e1ac4bbad2257548a2ffc) Importer(815301076,1909f56bfc062723c751e8b465ee728b)  -> (artifact id: 'de3ec42c8a68e7606a891384ff408adb') in 0.026468 seconds
  Import took 0.032822 seconds .

========================================================================
Received Import Request.
  Time since last request: 0.000095 seconds.
  path: Assets/FreeDimensionForge/LowPolyEnvironmentsPack/Art/ForestEnvironmentPack/Prefabs/ForestCrossing_01.prefab
  artifactKey: Guid(6046fb9467fcf5844a4ac5f9fe3a08ad) Importer(815301076,1909f56bfc062723c751e8b465ee728b)
Start importing Assets/FreeDimensionForge/LowPolyEnvironmentsPack/Art/ForestEnvironmentPack/Prefabs/ForestCrossing_01.prefab using Guid(6046fb9467fcf5844a4ac5f9fe3a08ad) Importer(815301076,1909f56bfc062723c751e8b465ee728b)  -> (artifact id: 'aacb2118bb76c850e968d4211396e8e9') in 0.021187 seconds
  Import took 0.027033 seconds .

========================================================================
Received Import Request.
  Time since last request: 0.000392 seconds.
  path: Assets/FreeDimensionForge/LowPolyEnvironmentsPack/Art/ForestEnvironmentPack/Prefabs/ForestFire.prefab
  artifactKey: Guid(deb2a7132a29f404cb23a1820ed42cc4) Importer(815301076,1909f56bfc062723c751e8b465ee728b)
Start importing Assets/FreeDimensionForge/LowPolyEnvironmentsPack/Art/ForestEnvironmentPack/Prefabs/ForestFire.prefab using Guid(deb2a7132a29f404cb23a1820ed42cc4) Importer(815301076,1909f56bfc062723c751e8b465ee728b)  -> (artifact id: '6a989d5c8c4f9ae45f6f29f610d9d99b') in 0.022801 seconds
  Import took 0.026725 seconds .

========================================================================
Received Import Request.
  Time since last request: 0.000276 seconds.
  path: Assets/FreeDimensionForge/LowPolyEnvironmentsPack/Art/ForestEnvironmentPack/Prefabs/ForestTreeTrunk_01.prefab
  artifactKey: Guid(0ec824720ae65bd4cbe0e6de04e30367) Importer(815301076,1909f56bfc062723c751e8b465ee728b)
Start importing Assets/FreeDimensionForge/LowPolyEnvironmentsPack/Art/ForestEnvironmentPack/Prefabs/ForestTreeTrunk_01.prefab using Guid(0ec824720ae65bd4cbe0e6de04e30367) Importer(815301076,1909f56bfc062723c751e8b465ee728b)  -> (artifact id: 'be3f8404316ab7a507d97d28e67ad712') in 0.027820 seconds
  Import took 0.038353 seconds .

========================================================================
Received Import Request.
  Time since last request: 0.000101 seconds.
  path: Assets/FreeDimensionForge/LowPolyEnvironmentsPack/Art/ForestEnvironmentPack/Prefabs/ForestCrossing_02.prefab
  artifactKey: Guid(0ed2b84e4ae56a94d88d181ac8fcf6a4) Importer(815301076,1909f56bfc062723c751e8b465ee728b)
Start importing Assets/FreeDimensionForge/LowPolyEnvironmentsPack/Art/ForestEnvironmentPack/Prefabs/ForestCrossing_02.prefab using Guid(0ed2b84e4ae56a94d88d181ac8fcf6a4) Importer(815301076,1909f56bfc062723c751e8b465ee728b)  -> (artifact id: 'fab5fd90aef7dbf1a9e4dc588b55f35e') in 0.020795 seconds
  Import took 0.025667 seconds .

========================================================================
Received Import Request.
  Time since last request: 0.000471 seconds.
  path: Assets/FreeDimensionForge/LowPolyEnvironmentsPack/Art/ForestEnvironmentPack/Prefabs/ForestTreeSpruce_03.prefab
  artifactKey: Guid(6f59c1996fe1647439ef5e357585fa9e) Importer(815301076,1909f56bfc062723c751e8b465ee728b)
Start importing Assets/FreeDimensionForge/LowPolyEnvironmentsPack/Art/ForestEnvironmentPack/Prefabs/ForestTreeSpruce_03.prefab using Guid(6f59c1996fe1647439ef5e357585fa9e) Importer(815301076,1909f56bfc062723c751e8b465ee728b)  -> (artifact id: 'da04f95ffb67dfd2dcee9a67c7a690ec') in 0.029133 seconds
  Import took 0.034044 seconds .

========================================================================
Received Import Request.
  Time since last request: 0.000570 seconds.
  path: Assets/FreeDimensionForge/LowPolyEnvironmentsPack/Art/ForestEnvironmentPack/Prefabs/ForestEmptyCube.prefab
  artifactKey: Guid(ab34e4c350b5b634e944d18ce310ec3b) Importer(815301076,1909f56bfc062723c751e8b465ee728b)
Start importing Assets/FreeDimensionForge/LowPolyEnvironmentsPack/Art/ForestEnvironmentPack/Prefabs/ForestEmptyCube.prefab using Guid(ab34e4c350b5b634e944d18ce310ec3b) Importer(815301076,1909f56bfc062723c751e8b465ee728b)  -> (artifact id: '7d6718ac35440731f0c7a8d5c5833c22') in 0.047637 seconds
  Import took 0.053836 seconds .

========================================================================
Received Import Request.
  Time since last request: 0.000429 seconds.
  path: Assets/FreeDimensionForge/LowPolyEnvironmentsPack/Art/ForestEnvironmentPack/Prefabs/ForestBoat.prefab
  artifactKey: Guid(adf0c288a9757be4f9690e18cf978cb7) Importer(815301076,1909f56bfc062723c751e8b465ee728b)
Start importing Assets/FreeDimensionForge/LowPolyEnvironmentsPack/Art/ForestEnvironmentPack/Prefabs/ForestBoat.prefab using Guid(adf0c288a9757be4f9690e18cf978cb7) Importer(815301076,1909f56bfc062723c751e8b465ee728b)  -> (artifact id: '9a24d0623a53ec2757d5ac5335e6d0f4') in 0.035518 seconds
  Import took 0.041264 seconds .

========================================================================
Received Import Request.
  Time since last request: 0.000100 seconds.
  path: Assets/FreeDimensionForge/LowPolyEnvironmentsPack/Art/ForestEnvironmentPack/Prefabs/ForestCrossingCube_02.prefab
  artifactKey: Guid(1a44e477f33d3684d8546c3985432593) Importer(815301076,1909f56bfc062723c751e8b465ee728b)
Start importing Assets/FreeDimensionForge/LowPolyEnvironmentsPack/Art/ForestEnvironmentPack/Prefabs/ForestCrossingCube_02.prefab using Guid(1a44e477f33d3684d8546c3985432593) Importer(815301076,1909f56bfc062723c751e8b465ee728b)  -> (artifact id: '352e0419a6638abd9d697b8d63458e27') in 0.034127 seconds
  Import took 0.038365 seconds .

========================================================================
Received Import Request.
  Time since last request: 0.000572 seconds.
  path: Assets/FreeDimensionForge/LowPolyEnvironmentsPack/Art/ForestEnvironmentPack/Prefabs/ForestStartCube.prefab
  artifactKey: Guid(f0b95aad47c607d419b8e95b6ea16456) Importer(815301076,1909f56bfc062723c751e8b465ee728b)
Start importing Assets/FreeDimensionForge/LowPolyEnvironmentsPack/Art/ForestEnvironmentPack/Prefabs/ForestStartCube.prefab using Guid(f0b95aad47c607d419b8e95b6ea16456) Importer(815301076,1909f56bfc062723c751e8b465ee728b)  -> (artifact id: '3de93ebf7cdd869763d1b4ec83c700fc') in 0.026459 seconds
  Import took 0.032123 seconds .

========================================================================
Received Import Request.
  Time since last request: 0.000436 seconds.
  path: Assets/FreeDimensionForge/LowPolyEnvironmentsPack/Art/ForestEnvironmentPack/Prefabs/ForestTreeSpruce_01.prefab
  artifactKey: Guid(0109d8d1cc1f67d41b7a72cbeb9d9463) Importer(815301076,1909f56bfc062723c751e8b465ee728b)
Start importing Assets/FreeDimensionForge/LowPolyEnvironmentsPack/Art/ForestEnvironmentPack/Prefabs/ForestTreeSpruce_01.prefab using Guid(0109d8d1cc1f67d41b7a72cbeb9d9463) Importer(815301076,1909f56bfc062723c751e8b465ee728b)  -> (artifact id: '3bd643af13770a3f2ac19705c4049714') in 0.020872 seconds
  Import took 0.025353 seconds .

========================================================================
Received Import Request.
  Time since last request: 0.000682 seconds.
  path: Assets/FreeDimensionForge/LowPolyEnvironmentsPack/Art/ForestEnvironmentPack/Prefabs/ForestCabin.prefab
  artifactKey: Guid(2c6139628bf17834f84d427befedb9f0) Importer(815301076,1909f56bfc062723c751e8b465ee728b)
Start importing Assets/FreeDimensionForge/LowPolyEnvironmentsPack/Art/ForestEnvironmentPack/Prefabs/ForestCabin.prefab using Guid(2c6139628bf17834f84d427befedb9f0) Importer(815301076,1909f56bfc062723c751e8b465ee728b)  -> (artifact id: 'db0e6e2a6baa2be9f687b5065ca2db19') in 0.030136 seconds
  Import took 0.035837 seconds .

========================================================================
Received Import Request.
  Time since last request: 0.000441 seconds.
  path: Assets/FreeDimensionForge/LowPolyEnvironmentsPack/Art/ForestEnvironmentPack/Prefabs/ForestEndCube.prefab
  artifactKey: Guid(c41ad0a6fd8afbb47ae4397d938373a3) Importer(815301076,1909f56bfc062723c751e8b465ee728b)
Start importing Assets/FreeDimensionForge/LowPolyEnvironmentsPack/Art/ForestEnvironmentPack/Prefabs/ForestEndCube.prefab using Guid(c41ad0a6fd8afbb47ae4397d938373a3) Importer(815301076,1909f56bfc062723c751e8b465ee728b)  -> (artifact id: '5f13345171d6cda5adab342f1a3fa100') in 0.023643 seconds
  Import took 0.027726 seconds .

========================================================================
Received Import Request.
  Time since last request: 0.000512 seconds.
  path: Assets/FreeDimensionForge/LowPolyEnvironmentsPack/Art/ForestEnvironmentPack/Prefabs/ForestBridge_02.prefab
  artifactKey: Guid(ce3722c701253c3498f8d0aa88413d00) Importer(815301076,1909f56bfc062723c751e8b465ee728b)
Start importing Assets/FreeDimensionForge/LowPolyEnvironmentsPack/Art/ForestEnvironmentPack/Prefabs/ForestBridge_02.prefab using Guid(ce3722c701253c3498f8d0aa88413d00) Importer(815301076,1909f56bfc062723c751e8b465ee728b)  -> (artifact id: '4bbdfe5937a3e05baeaf87251f75fe15') in 0.032196 seconds
  Import took 0.037073 seconds .

========================================================================
Received Import Request.
  Time since last request: 0.001275 seconds.
  path: Assets/FreeDimensionForge/LowPolyEnvironmentsPack/Art/ForestEnvironmentPack/Prefabs/ForestRiverCurve.prefab
  artifactKey: Guid(43631788bbf6c334c99fece93270ffc4) Importer(815301076,1909f56bfc062723c751e8b465ee728b)
Start importing Assets/FreeDimensionForge/LowPolyEnvironmentsPack/Art/ForestEnvironmentPack/Prefabs/ForestRiverCurve.prefab using Guid(43631788bbf6c334c99fece93270ffc4) Importer(815301076,1909f56bfc062723c751e8b465ee728b)  -> (artifact id: '16cc712d2220932b238ad02982a550e1') in 0.024788 seconds
  Import took 0.029461 seconds .

========================================================================
Received Import Request.
  Time since last request: 0.000382 seconds.
  path: Assets/FreeDimensionForge/LowPolyEnvironmentsPack/Art/ForestEnvironmentPack/Prefabs/ForestCurve.prefab
  artifactKey: Guid(d10b86d110729064f9b83800f884ab74) Importer(815301076,1909f56bfc062723c751e8b465ee728b)
Start importing Assets/FreeDimensionForge/LowPolyEnvironmentsPack/Art/ForestEnvironmentPack/Prefabs/ForestCurve.prefab using Guid(d10b86d110729064f9b83800f884ab74) Importer(815301076,1909f56bfc062723c751e8b465ee728b)  -> (artifact id: '23db095cd0f2ac60e75817760f207d85') in 0.020346 seconds
  Import took 0.025027 seconds .

========================================================================
Received Import Request.
  Time since last request: 0.000967 seconds.
  path: Assets/FreeDimensionForge/LowPolyEnvironmentsPack/Art/ForestEnvironmentPack/Prefabs/ForestStart.prefab
  artifactKey: Guid(2394fb2256b498a41b6142005b9576b2) Importer(815301076,1909f56bfc062723c751e8b465ee728b)
Start importing Assets/FreeDimensionForge/LowPolyEnvironmentsPack/Art/ForestEnvironmentPack/Prefabs/ForestStart.prefab using Guid(2394fb2256b498a41b6142005b9576b2) Importer(815301076,1909f56bfc062723c751e8b465ee728b)  -> (artifact id: '9a9433d2998455888151e1bb6306c697') in 0.029626 seconds
  Import took 0.034975 seconds .

========================================================================
Received Import Request.
  Time since last request: 0.000396 seconds.
  path: Assets/FreeDimensionForge/LowPolyEnvironmentsPack/Art/ForestEnvironmentPack/Prefabs/ForestCloud.prefab
  artifactKey: Guid(be610da9ab7250443b94152afd92835f) Importer(815301076,1909f56bfc062723c751e8b465ee728b)
Start importing Assets/FreeDimensionForge/LowPolyEnvironmentsPack/Art/ForestEnvironmentPack/Prefabs/ForestCloud.prefab using Guid(be610da9ab7250443b94152afd92835f) Importer(815301076,1909f56bfc062723c751e8b465ee728b)  -> (artifact id: '47984b77d3276413a5855287e107d6b6') in 0.027247 seconds
  Import took 0.032184 seconds .

========================================================================
Received Import Request.
  Time since last request: 0.000414 seconds.
  path: Assets/FreeDimensionForge/LowPolyEnvironmentsPack/Art/ForestEnvironmentPack/Prefabs/ForestStraight.prefab
  artifactKey: Guid(9ea5006d00aa472499ba0ca360b48c70) Importer(815301076,1909f56bfc062723c751e8b465ee728b)
Start importing Assets/FreeDimensionForge/LowPolyEnvironmentsPack/Art/ForestEnvironmentPack/Prefabs/ForestStraight.prefab using Guid(9ea5006d00aa472499ba0ca360b48c70) Importer(815301076,1909f56bfc062723c751e8b465ee728b)  -> (artifact id: '70c976c251f9fb3440614f17379c1384') in 0.028937 seconds
  Import took 0.033513 seconds .

========================================================================
Received Import Request.
  Time since last request: 0.000535 seconds.
  path: Assets/FreeDimensionForge/LowPolyEnvironmentsPack/Art/ForestEnvironmentPack/Prefabs/ForestTreeTrunkBench.prefab
  artifactKey: Guid(12610459618e49643a0bf2e85919e2d0) Importer(815301076,1909f56bfc062723c751e8b465ee728b)
Start importing Assets/FreeDimensionForge/LowPolyEnvironmentsPack/Art/ForestEnvironmentPack/Prefabs/ForestTreeTrunkBench.prefab using Guid(12610459618e49643a0bf2e85919e2d0) Importer(815301076,1909f56bfc062723c751e8b465ee728b)  -> (artifact id: '60d5a7dddd26b986436d37c2c778673d') in 0.021888 seconds
  Import took 0.026372 seconds .

========================================================================
Received Import Request.
  Time since last request: 0.000876 seconds.
  path: Assets/FreeDimensionForge/LowPolyEnvironmentsPack/Art/ForestEnvironmentPack/Prefabs/ForestEmpty.prefab
  artifactKey: Guid(bb57c1e01794ba34cb07e4798e196cf8) Importer(815301076,1909f56bfc062723c751e8b465ee728b)
Start importing Assets/FreeDimensionForge/LowPolyEnvironmentsPack/Art/ForestEnvironmentPack/Prefabs/ForestEmpty.prefab using Guid(bb57c1e01794ba34cb07e4798e196cf8) Importer(815301076,1909f56bfc062723c751e8b465ee728b)  -> (artifact id: '9074a94c39e7e610021fd77f6cc03fb0') in 0.022903 seconds
  Import took 0.028438 seconds .

========================================================================
Received Import Request.
  Time since last request: 0.000119 seconds.
  path: Assets/FreeDimensionForge/LowPolyEnvironmentsPack/Art/ForestEnvironmentPack/Prefabs/ForestStone.prefab
  artifactKey: Guid(dc840a55578ddf8478be0c7c187906d9) Importer(815301076,1909f56bfc062723c751e8b465ee728b)
Start importing Assets/FreeDimensionForge/LowPolyEnvironmentsPack/Art/ForestEnvironmentPack/Prefabs/ForestStone.prefab using Guid(dc840a55578ddf8478be0c7c187906d9) Importer(815301076,1909f56bfc062723c751e8b465ee728b)  -> (artifact id: '0f2f37c02ee7a2383cb382314b3755c7') in 0.023856 seconds
  Import took 0.030744 seconds .

========================================================================
Received Import Request.
  Time since last request: 0.000587 seconds.
  path: Assets/FreeDimensionForge/LowPolyEnvironmentsPack/Art/ForestEnvironmentPack/Prefabs/ForestBridge_01.prefab
  artifactKey: Guid(8a8b564f3cd379349b2b01487d59f8c6) Importer(815301076,1909f56bfc062723c751e8b465ee728b)
Start importing Assets/FreeDimensionForge/LowPolyEnvironmentsPack/Art/ForestEnvironmentPack/Prefabs/ForestBridge_01.prefab using Guid(8a8b564f3cd379349b2b01487d59f8c6) Importer(815301076,1909f56bfc062723c751e8b465ee728b)  -> (artifact id: '719ec996d8aa0b0e30daf7e270b0f229') in 0.022056 seconds
  Import took 0.026543 seconds .

========================================================================
Received Prepare
Registering precompiled user dll's ...
Registered in 0.006087 seconds.
Begin MonoManager ReloadAssembly
Native extension for WindowsStandalone target not found
Refreshing native plugins compatible for Editor in 0.74 ms, found 0 plugins.
Preloading 0 native plugins for Editor in 0.00 ms.
Invoked RoslynAnalysisRunner static constructor.
RoslynAnalysisRunner will not be running.
RoslynAnalysisRunner has terminated.
Mono: successfully reloaded assembly
- Completed reload, in  1.355 seconds
Platform modules already initialized, skipping
Refreshing native plugins compatible for Editor in 0.74 ms, found 0 plugins.
Preloading 0 native plugins for Editor in 0.00 ms.
Unloading 1461 Unused Serialized files (Serialized files now loaded: 0)
System memory in use before: 74.3 MB.
System memory in use after: 74.4 MB.

Unloading 25 unused Assets to reduce memory usage. Loaded Objects now: 1972.
Total: 2.212100 ms (FindLiveObjects: 0.237500 ms CreateObjectMapping: 0.071800 ms MarkObjects: 1.878800 ms  DeleteObjects: 0.022000 ms)

========================================================================
Received Import Request.
  Time since last request: 948.978616 seconds.
  path: Assets/FreeDimensionForge/LowPolyEnvironmentsPack/Art/ForestEnvironmentPack/Prefabs/ForestTreeSpruce_01.prefab
  artifactKey: Guid(0109d8d1cc1f67d41b7a72cbeb9d9463) Importer(815301076,1909f56bfc062723c751e8b465ee728b)
Start importing Assets/FreeDimensionForge/LowPolyEnvironmentsPack/Art/ForestEnvironmentPack/Prefabs/ForestTreeSpruce_01.prefab using Guid(0109d8d1cc1f67d41b7a72cbeb9d9463) Importer(815301076,1909f56bfc062723c751e8b465ee728b)  -> (artifact id: '808a5c8a4e7800b12e53543d99d6be46') in 0.088782 seconds
  Import took 0.094465 seconds .

========================================================================
Received Import Request.
  Time since last request: 2.559649 seconds.
  path: Assets/FreeDimensionForge/LowPolyEnvironmentsPack/Art/ForestEnvironmentPack/Prefabs/ForestTreeSpruce_01.prefab
  artifactKey: Guid(0109d8d1cc1f67d41b7a72cbeb9d9463) Importer(815301076,1909f56bfc062723c751e8b465ee728b)
Start importing Assets/FreeDimensionForge/LowPolyEnvironmentsPack/Art/ForestEnvironmentPack/Prefabs/ForestTreeSpruce_01.prefab using Guid(0109d8d1cc1f67d41b7a72cbeb9d9463) Importer(815301076,1909f56bfc062723c751e8b465ee728b)  -> (artifact id: '256ff49da838962d9a09552926a031e3') in 0.013642 seconds
  Import took 0.017704 seconds .

========================================================================
Received Import Request.
  Time since last request: 0.044798 seconds.
  path: Assets/FreeDimensionForge/LowPolyEnvironmentsPack/Art/ForestEnvironmentPack/Prefabs/ForestTreeSpruce_01.prefab
  artifactKey: Guid(0109d8d1cc1f67d41b7a72cbeb9d9463) Importer(815301076,1909f56bfc062723c751e8b465ee728b)
Start importing Assets/FreeDimensionForge/LowPolyEnvironmentsPack/Art/ForestEnvironmentPack/Prefabs/ForestTreeSpruce_01.prefab using Guid(0109d8d1cc1f67d41b7a72cbeb9d9463) Importer(815301076,1909f56bfc062723c751e8b465ee728b)  -> (artifact id: '256ff49da838962d9a09552926a031e3') in 0.014584 seconds
  Import took 0.018710 seconds .

========================================================================
Received Prepare
Registering precompiled user dll's ...
Registered in 0.007872 seconds.
Begin MonoManager ReloadAssembly
Native extension for WindowsStandalone target not found
Refreshing native plugins compatible for Editor in 0.76 ms, found 0 plugins.
Preloading 0 native plugins for Editor in 0.00 ms.
Invoked RoslynAnalysisRunner static constructor.
RoslynAnalysisRunner will not be running.
RoslynAnalysisRunner has terminated.
Mono: successfully reloaded assembly
- Completed reload, in  1.541 seconds
Platform modules already initialized, skipping
Refreshing native plugins compatible for Editor in 0.70 ms, found 0 plugins.
Preloading 0 native plugins for Editor in 0.00 ms.
Unloading 1461 Unused Serialized files (Serialized files now loaded: 0)
System memory in use before: 74.3 MB.
System memory in use after: 74.5 MB.

Unloading 25 unused Assets to reduce memory usage. Loaded Objects now: 1976.
Total: 2.737400 ms (FindLiveObjects: 0.338500 ms CreateObjectMapping: 0.275000 ms MarkObjects: 2.095600 ms  DeleteObjects: 0.026200 ms)

========================================================================
Received Prepare
Registering precompiled user dll's ...
Registered in 0.005930 seconds.
Begin MonoManager ReloadAssembly
Native extension for WindowsStandalone target not found
Refreshing native plugins compatible for Editor in 0.70 ms, found 0 plugins.
Preloading 0 native plugins for Editor in 0.00 ms.
Invoked RoslynAnalysisRunner static constructor.
RoslynAnalysisRunner will not be running.
RoslynAnalysisRunner has terminated.
Mono: successfully reloaded assembly
- Completed reload, in  1.460 seconds
Platform modules already initialized, skipping
Refreshing native plugins compatible for Editor in 1.05 ms, found 0 plugins.
Preloading 0 native plugins for Editor in 0.00 ms.
Unloading 1461 Unused Serialized files (Serialized files now loaded: 0)
System memory in use before: 74.4 MB.
System memory in use after: 74.5 MB.

Unloading 25 unused Assets to reduce memory usage. Loaded Objects now: 1979.
Total: 2.594400 ms (FindLiveObjects: 0.296800 ms CreateObjectMapping: 0.075200 ms MarkObjects: 2.195500 ms  DeleteObjects: 0.025300 ms)

========================================================================
Received Import Request.
  Time since last request: 655.678746 seconds.
  path: Assets/Standard Assets
  artifactKey: Guid(c6195a43a0187a34e9c6be23520d3766) Importer(815301076,1909f56bfc062723c751e8b465ee728b)
Start importing Assets/Standard Assets using Guid(c6195a43a0187a34e9c6be23520d3766) Importer(815301076,1909f56bfc062723c751e8b465ee728b)  -> (artifact id: '684331ab1a204e8684c1a7bfbdacacac') in 0.010218 seconds
  Import took 0.017911 seconds .

========================================================================
Received Import Request.
  Time since last request: 1.013262 seconds.
  path: Assets/Standard Assets/Environment
  artifactKey: Guid(6ca8c4e270f964e0da9f731d7d34b123) Importer(815301076,1909f56bfc062723c751e8b465ee728b)
Start importing Assets/Standard Assets/Environment using Guid(6ca8c4e270f964e0da9f731d7d34b123) Importer(815301076,1909f56bfc062723c751e8b465ee728b)  -> (artifact id: 'bb908165bee33bfe36f998be063b3041') in 0.004760 seconds
  Import took 0.008824 seconds .

========================================================================
Received Import Request.
  Time since last request: 0.634332 seconds.
  path: Assets/Standard Assets/Environment/Water
  artifactKey: Guid(4f65f58f1750429468db4bef75317815) Importer(815301076,1909f56bfc062723c751e8b465ee728b)
Start importing Assets/Standard Assets/Environment/Water using Guid(4f65f58f1750429468db4bef75317815) Importer(815301076,1909f56bfc062723c751e8b465ee728b)  -> (artifact id: '9ac3f61802bb17fca6dbad26648be7aa') in 0.006419 seconds
  Import took 0.009927 seconds .

========================================================================
Received Import Request.
  Time since last request: 0.710633 seconds.
  path: Assets/Standard Assets/Environment/Water/Water4
  artifactKey: Guid(17e234879cb994b7f93d7437c10d23d6) Importer(815301076,1909f56bfc062723c751e8b465ee728b)
Start importing Assets/Standard Assets/Environment/Water/Water4 using Guid(17e234879cb994b7f93d7437c10d23d6) Importer(815301076,1909f56bfc062723c751e8b465ee728b)  -> (artifact id: '0cd6c6f4d9bedf442eaa0b562156c14f') in 0.005265 seconds
  Import took 0.009434 seconds .

========================================================================
Received Import Request.
  Time since last request: 18.737250 seconds.
  path: Assets/Prefab
  artifactKey: Guid(f3460b9bde27d0d4ba9a4f4ec070ab80) Importer(815301076,1909f56bfc062723c751e8b465ee728b)
Start importing Assets/Prefab using Guid(f3460b9bde27d0d4ba9a4f4ec070ab80) Importer(815301076,1909f56bfc062723c751e8b465ee728b)  -> (artifact id: '45eb96ecd933a610fbc9a1f9e4bd27c2') in 0.005240 seconds
  Import took 0.009378 seconds .

========================================================================
Received Import Request.
  Time since last request: 0.090025 seconds.
  path: Assets/Prefab/Aid.prefab
  artifactKey: Guid(62e55e9b15fc7284dae83fa662225597) Importer(815301076,1909f56bfc062723c751e8b465ee728b)
Start importing Assets/Prefab/Aid.prefab using Guid(62e55e9b15fc7284dae83fa662225597) Importer(815301076,1909f56bfc062723c751e8b465ee728b)  -> (artifact id: '1c1b56c36b1e10a6250ef0422dae35e2') in 0.079292 seconds
  Import took 0.083467 seconds .

========================================================================
Received Import Request.
  Time since last request: 0.000340 seconds.
  path: Assets/Prefab/Turel.prefab
  artifactKey: Guid(6e5ebab1fdc6fff499cb86e598d054c2) Importer(815301076,1909f56bfc062723c751e8b465ee728b)
Start importing Assets/Prefab/Turel.prefab using Guid(6e5ebab1fdc6fff499cb86e598d054c2) Importer(815301076,1909f56bfc062723c751e8b465ee728b)  -> (artifact id: '7742768c87a87a7907c9d53781533bb7') in 0.026035 seconds
  Import took 0.029775 seconds .

========================================================================
Received Import Request.
  Time since last request: 0.000445 seconds.
  path: Assets/Prefab/WayPoint (7).prefab
  artifactKey: Guid(88df7f9f165ad774ebee64b09d321ea2) Importer(815301076,1909f56bfc062723c751e8b465ee728b)
Start importing Assets/Prefab/WayPoint (7).prefab using Guid(88df7f9f165ad774ebee64b09d321ea2) Importer(815301076,1909f56bfc062723c751e8b465ee728b)  -> (artifact id: '4d51091acb71e498a313ffe8dac35ccb') in 0.008665 seconds
  Import took 0.012870 seconds .

========================================================================
Received Import Request.
  Time since last request: 0.000157 seconds.
  path: Assets/Prefab/Mine.prefab
  artifactKey: Guid(3d667b9bd953b36458884c85b0119df3) Importer(815301076,1909f56bfc062723c751e8b465ee728b)
Start importing Assets/Prefab/Mine.prefab using Guid(3d667b9bd953b36458884c85b0119df3) Importer(815301076,1909f56bfc062723c751e8b465ee728b)  -> (artifact id: 'a0afae1c6baada8c831a18cb2811748d') in 0.016143 seconds
  Import took 0.023171 seconds .

========================================================================
Received Import Request.
  Time since last request: 0.000444 seconds.
  path: Assets/Prefab/BulletEnemy.prefab
  artifactKey: Guid(5a0f7bcdbaf83fb4c8818bd9fcd272b7) Importer(815301076,1909f56bfc062723c751e8b465ee728b)
Start importing Assets/Prefab/BulletEnemy.prefab using Guid(5a0f7bcdbaf83fb4c8818bd9fcd272b7) Importer(815301076,1909f56bfc062723c751e8b465ee728b)  -> (artifact id: 'f7f29081c6f3e56675a99429b2dbf23f') in 0.018748 seconds
  Import took 0.025493 seconds .

========================================================================
Received Import Request.
  Time since last request: 0.000417 seconds.
  path: Assets/Prefab/Mine Variant.prefab
  artifactKey: Guid(6c0a2456e34432f4aa3928c687f39883) Importer(815301076,1909f56bfc062723c751e8b465ee728b)
Start importing Assets/Prefab/Mine Variant.prefab using Guid(6c0a2456e34432f4aa3928c687f39883) Importer(815301076,1909f56bfc062723c751e8b465ee728b)  -> (artifact id: '4a05cdc11418e8a3e6d77fd60ac0f033') in 0.027198 seconds
  Import took 0.031945 seconds .

========================================================================
Received Import Request.
  Time since last request: 0.000110 seconds.
  path: Assets/Prefab/WayPoint (4).prefab
  artifactKey: Guid(16ad703ce658bc5458876f52292c368b) Importer(815301076,1909f56bfc062723c751e8b465ee728b)
Start importing Assets/Prefab/WayPoint (4).prefab using Guid(16ad703ce658bc5458876f52292c368b) Importer(815301076,1909f56bfc062723c751e8b465ee728b)  -> (artifact id: '4d5e9b778e975dc2b3dc5cf3d7d61287') in 0.008531 seconds
  Import took 0.013008 seconds .

========================================================================
Received Import Request.
  Time since last request: 0.000522 seconds.
  path: Assets/Prefab/Key.prefab
  artifactKey: Guid(7ba8914d568ba9e4b8d1c6be8bd45867) Importer(815301076,1909f56bfc062723c751e8b465ee728b)
Start importing Assets/Prefab/Key.prefab using Guid(7ba8914d568ba9e4b8d1c6be8bd45867) Importer(815301076,1909f56bfc062723c751e8b465ee728b)  -> (artifact id: '0faf16d1dd1d49389ca36644f55b6596') in 0.019356 seconds
  Import took 0.024611 seconds .

========================================================================
Received Import Request.
  Time since last request: 0.000607 seconds.
  path: Assets/Prefab/WayPoint (5).prefab
  artifactKey: Guid(804f2a506e7aced4498c1dc7b6e81a38) Importer(815301076,1909f56bfc062723c751e8b465ee728b)
Start importing Assets/Prefab/WayPoint (5).prefab using Guid(804f2a506e7aced4498c1dc7b6e81a38) Importer(815301076,1909f56bfc062723c751e8b465ee728b)  -> (artifact id: '6caa9e4c83c3650d5f9a6d3222e8def3') in 0.015159 seconds
  Import took 0.024509 seconds .

========================================================================
Received Import Request.
  Time since last request: 0.000505 seconds.
  path: Assets/Prefab/MyButton.prefab
  artifactKey: Guid(6283d8998e16163418672d2fe84d6d6a) Importer(815301076,1909f56bfc062723c751e8b465ee728b)
Start importing Assets/Prefab/MyButton.prefab using Guid(6283d8998e16163418672d2fe84d6d6a) Importer(815301076,1909f56bfc062723c751e8b465ee728b)  -> (artifact id: '4c86ede58531750df067c33dccd3f35b') in 0.017802 seconds
  Import took 0.023088 seconds .

========================================================================
Received Import Request.
  Time since last request: 0.000440 seconds.
  path: Assets/Prefab/WayPoint (6).prefab
  artifactKey: Guid(c374776b126387d489cece6fda366614) Importer(815301076,1909f56bfc062723c751e8b465ee728b)
Start importing Assets/Prefab/WayPoint (6).prefab using Guid(c374776b126387d489cece6fda366614) Importer(815301076,1909f56bfc062723c751e8b465ee728b)  -> (artifact id: '1cd53aed0ceb3ef610d3736a72da1d2a') in 0.007471 seconds
  Import took 0.011147 seconds .

========================================================================
Received Import Request.
  Time since last request: 0.000370 seconds.
  path: Assets/Prefab/EnemyBomb.prefab
  artifactKey: Guid(d37ddfb843dd0d64cbdf2a40e461dce9) Importer(815301076,1909f56bfc062723c751e8b465ee728b)
Start importing Assets/Prefab/EnemyBomb.prefab using Guid(d37ddfb843dd0d64cbdf2a40e461dce9) Importer(815301076,1909f56bfc062723c751e8b465ee728b)  -> (artifact id: 'c6decabba1c5c21bb6cd5b8c5adb216d') in 0.028228 seconds
  Import took 0.037402 seconds .

========================================================================
Received Import Request.
  Time since last request: 0.000429 seconds.
  path: Assets/Prefab/Bullet.prefab
  artifactKey: Guid(7905ecd9817c90744b7b4c094d839365) Importer(815301076,1909f56bfc062723c751e8b465ee728b)
Start importing Assets/Prefab/Bullet.prefab using Guid(7905ecd9817c90744b7b4c094d839365) Importer(815301076,1909f56bfc062723c751e8b465ee728b)  -> (artifact id: '6cc1097d5ab51f28300053c5e09e6a65') in 0.014671 seconds
  Import took 0.022117 seconds .

========================================================================
Received Import Request.
  Time since last request: 0.000655 seconds.
  path: Assets/Prefab/Enemy.prefab
  artifactKey: Guid(42ebbbe71398ef541afcfd484744d076) Importer(815301076,1909f56bfc062723c751e8b465ee728b)
Start importing Assets/Prefab/Enemy.prefab using Guid(42ebbbe71398ef541afcfd484744d076) Importer(815301076,1909f56bfc062723c751e8b465ee728b)  -> (artifact id: 'f9ba60d0ca708aec68a3fb980741a00a') in 0.022780 seconds
  Import took 0.028539 seconds .

========================================================================
Received Import Request.
  Time since last request: 0.000447 seconds.
  path: Assets/Prefab/Ammo.prefab
  artifactKey: Guid(174302d483362d94ba8786125c34a2fb) Importer(815301076,1909f56bfc062723c751e8b465ee728b)
Start importing Assets/Prefab/Ammo.prefab using Guid(174302d483362d94ba8786125c34a2fb) Importer(815301076,1909f56bfc062723c751e8b465ee728b)  -> (artifact id: 'd7e1a833912650dcd855ebb7ae35310c') in 0.023935 seconds
  Import took 0.030487 seconds .

========================================================================
Received Import Request.
  Time since last request: 32.425639 seconds.
  path: Assets/Prefab/Water/Water4/Prefabs
  artifactKey: Guid(d25c4f81e90442d4bbda4d5285669c95) Importer(815301076,1909f56bfc062723c751e8b465ee728b)
Start importing Assets/Prefab/Water/Water4/Prefabs using Guid(d25c4f81e90442d4bbda4d5285669c95) Importer(815301076,1909f56bfc062723c751e8b465ee728b)  -> (artifact id: 'b6e7dc3ded8423f57c638879d88d86d1') in 0.006399 seconds
  Import took 0.011541 seconds .

========================================================================
Received Import Request.
  Time since last request: 0.063673 seconds.
  path: Assets/Prefab/Water/Water4/Prefabs/Water4Advanced.prefab
  artifactKey: Guid(b544816461f324e56a39767fdeb5b114) Importer(815301076,1909f56bfc062723c751e8b465ee728b)
Start importing Assets/Prefab/Water/Water4/Prefabs/Water4Advanced.prefab using Guid(b544816461f324e56a39767fdeb5b114) Importer(815301076,1909f56bfc062723c751e8b465ee728b)  -> (artifact id: '4ed543f3dac07a1d00ffefcdbe246465') in 0.032474 seconds
  Import took 0.036717 seconds .

========================================================================
Received Import Request.
  Time since last request: 0.000287 seconds.
  path: Assets/Prefab/Water/Water4/Prefabs/Water4Simple.prefab
  artifactKey: Guid(843740dbe549a4a6ba9556d1b80001f5) Importer(815301076,1909f56bfc062723c751e8b465ee728b)
Start importing Assets/Prefab/Water/Water4/Prefabs/Water4Simple.prefab using Guid(843740dbe549a4a6ba9556d1b80001f5) Importer(815301076,1909f56bfc062723c751e8b465ee728b)  -> (artifact id: '7d8dc1635643bd1fe5fd48604d2851dc') in 0.050158 seconds
  Import took 0.054548 seconds .

========================================================================
Received Prepare
Registering precompiled user dll's ...
Registered in 0.005554 seconds.
Begin MonoManager ReloadAssembly
Native extension for WindowsStandalone target not found
Refreshing native plugins compatible for Editor in 0.69 ms, found 0 plugins.
Preloading 0 native plugins for Editor in 0.00 ms.
Invoked RoslynAnalysisRunner static constructor.
RoslynAnalysisRunner will not be running.
RoslynAnalysisRunner has terminated.
Mono: successfully reloaded assembly
- Completed reload, in  1.370 seconds
Platform modules already initialized, skipping
Refreshing native plugins compatible for Editor in 0.69 ms, found 0 plugins.
Preloading 0 native plugins for Editor in 0.00 ms.
Unloading 1461 Unused Serialized files (Serialized files now loaded: 0)
System memory in use before: 74.6 MB.
System memory in use after: 74.7 MB.

Unloading 26 unused Assets to reduce memory usage. Loaded Objects now: 1989.
Total: 2.334800 ms (FindLiveObjects: 0.252800 ms CreateObjectMapping: 0.074700 ms MarkObjects: 1.970500 ms  DeleteObjects: 0.035100 ms)

========================================================================
Received Prepare
Registering precompiled user dll's ...
Registered in 0.005974 seconds.
Begin MonoManager ReloadAssembly
Native extension for WindowsStandalone target not found
Refreshing native plugins compatible for Editor in 0.83 ms, found 0 plugins.
Preloading 0 native plugins for Editor in 0.00 ms.
Invoked RoslynAnalysisRunner static constructor.
RoslynAnalysisRunner will not be running.
RoslynAnalysisRunner has terminated.
Mono: successfully reloaded assembly
- Completed reload, in  1.337 seconds
Platform modules already initialized, skipping
Refreshing native plugins compatible for Editor in 0.74 ms, found 0 plugins.
Preloading 0 native plugins for Editor in 0.00 ms.
Unloading 1472 Unused Serialized files (Serialized files now loaded: 0)
System memory in use before: 75.5 MB.
System memory in use after: 75.6 MB.

Unloading 26 unused Assets to reduce memory usage. Loaded Objects now: 2002.
Total: 2.703300 ms (FindLiveObjects: 0.383700 ms CreateObjectMapping: 0.087600 ms MarkObjects: 2.149200 ms  DeleteObjects: 0.080700 ms)

========================================================================
Received Import Request.
  Time since last request: 640.886559 seconds.
  path: Assets/Standard Assets/Environment/Water/Water4/Prefabs/Water4Advanced.prefab
  artifactKey: Guid(b544816461f324e56a39767fdeb5b114) Importer(815301076,1909f56bfc062723c751e8b465ee728b)
Start importing Assets/Standard Assets/Environment/Water/Water4/Prefabs/Water4Advanced.prefab using Guid(b544816461f324e56a39767fdeb5b114) Importer(815301076,1909f56bfc062723c751e8b465ee728b)  -> (artifact id: '030c3eb98c295d48063af463484bd293') in 0.131546 seconds
  Import took 0.137557 seconds .

========================================================================
Received Import Request.
  Time since last request: 0.000562 seconds.
  path: Assets/Standard Assets/Environment/Water/Water4/Prefabs/Water4Simple.prefab
  artifactKey: Guid(843740dbe549a4a6ba9556d1b80001f5) Importer(815301076,1909f56bfc062723c751e8b465ee728b)
Start importing Assets/Standard Assets/Environment/Water/Water4/Prefabs/Water4Simple.prefab using Guid(843740dbe549a4a6ba9556d1b80001f5) Importer(815301076,1909f56bfc062723c751e8b465ee728b)  -> (artifact id: 'b78c43f8453441596504b1d1ff921117') in 0.031448 seconds
  Import took 0.037492 seconds .

========================================================================
Received Prepare
Registering precompiled user dll's ...
Registered in 0.012847 seconds.
Begin MonoManager ReloadAssembly
Native extension for WindowsStandalone target not found
Refreshing native plugins compatible for Editor in 0.86 ms, found 0 plugins.
Preloading 0 native plugins for Editor in 0.00 ms.
Invoked RoslynAnalysisRunner static constructor.
RoslynAnalysisRunner will not be running.
RoslynAnalysisRunner has terminated.
Mono: successfully reloaded assembly
- Completed reload, in  1.775 seconds
Platform modules already initialized, skipping
Refreshing native plugins compatible for Editor in 1.05 ms, found 0 plugins.
Preloading 0 native plugins for Editor in 0.00 ms.
Unloading 1470 Unused Serialized files (Serialized files now loaded: 0)
System memory in use before: 75.4 MB.
System memory in use after: 75.5 MB.

Unloading 26 unused Assets to reduce memory usage. Loaded Objects now: 2006.
Total: 2.396600 ms (FindLiveObjects: 0.278800 ms CreateObjectMapping: 0.075600 ms MarkObjects: 1.967100 ms  DeleteObjects: 0.073300 ms)

========================================================================
Received Prepare
Registering precompiled user dll's ...
Registered in 0.008898 seconds.
Begin MonoManager ReloadAssembly
Native extension for WindowsStandalone target not found
Refreshing native plugins compatible for Editor in 0.71 ms, found 0 plugins.
Preloading 0 native plugins for Editor in 0.00 ms.
Invoked RoslynAnalysisRunner static constructor.
RoslynAnalysisRunner will not be running.
RoslynAnalysisRunner has terminated.
Mono: successfully reloaded assembly
- Completed reload, in  2.340 seconds
Platform modules already initialized, skipping
Refreshing native plugins compatible for Editor in 0.98 ms, found 0 plugins.
Preloading 0 native plugins for Editor in 0.00 ms.
Unloading 1470 Unused Serialized files (Serialized files now loaded: 0)
System memory in use before: 75.4 MB.
System memory in use after: 75.5 MB.

Unloading 26 unused Assets to reduce memory usage. Loaded Objects now: 2009.
Total: 5.758500 ms (FindLiveObjects: 0.425000 ms CreateObjectMapping: 0.083300 ms MarkObjects: 5.165000 ms  DeleteObjects: 0.083600 ms)

========================================================================
Received Prepare
Registering precompiled user dll's ...
Registered in 0.006463 seconds.
Begin MonoManager ReloadAssembly
Native extension for WindowsStandalone target not found
Refreshing native plugins compatible for Editor in 0.73 ms, found 0 plugins.
Preloading 0 native plugins for Editor in 0.00 ms.
Invoked RoslynAnalysisRunner static constructor.
RoslynAnalysisRunner will not be running.
RoslynAnalysisRunner has terminated.
Mono: successfully reloaded assembly
- Completed reload, in  1.462 seconds
Platform modules already initialized, skipping
Refreshing native plugins compatible for Editor in 1.78 ms, found 0 plugins.
Preloading 0 native plugins for Editor in 0.00 ms.
Unloading 1470 Unused Serialized files (Serialized files now loaded: 0)
System memory in use before: 75.4 MB.
System memory in use after: 75.5 MB.

Unloading 26 unused Assets to reduce memory usage. Loaded Objects now: 2012.
Total: 2.809700 ms (FindLiveObjects: 0.354600 ms CreateObjectMapping: 0.190900 ms MarkObjects: 2.182000 ms  DeleteObjects: 0.080800 ms)

========================================================================
Received Import Request.
  Time since last request: 2111.891038 seconds.
  path: Assets/Animation/Tree/New Animation.anim
  artifactKey: Guid(25bfe637ce9049846a761a51e25159db) Importer(815301076,1909f56bfc062723c751e8b465ee728b)
Start importing Assets/Animation/Tree/New Animation.anim using Guid(25bfe637ce9049846a761a51e25159db) Importer(815301076,1909f56bfc062723c751e8b465ee728b)  -> (artifact id: 'd2d2d531f79e588444609d36adcd2569') in 0.042290 seconds
  Import took 0.047883 seconds .

========================================================================
Received Import Request.
  Time since last request: 0.005307 seconds.
  path: Assets/Animation/Tree/New Animation.anim
  artifactKey: Guid(25bfe637ce9049846a761a51e25159db) Importer(815301076,1909f56bfc062723c751e8b465ee728b)
Start importing Assets/Animation/Tree/New Animation.anim using Guid(25bfe637ce9049846a761a51e25159db) Importer(815301076,1909f56bfc062723c751e8b465ee728b)  -> (artifact id: 'd2d2d531f79e588444609d36adcd2569') in 0.013058 seconds
  Import took 0.016997 seconds .

========================================================================
Received Import Request.
  Time since last request: 95.833472 seconds.
  path: Assets/Animation/Tree/New Animator Controller.controller
  artifactKey: Guid(d3eddc0cee0bf4d469a20eae57a475bc) Importer(815301076,1909f56bfc062723c751e8b465ee728b)
Start importing Assets/Animation/Tree/New Animator Controller.controller using Guid(d3eddc0cee0bf4d469a20eae57a475bc) Importer(815301076,1909f56bfc062723c751e8b465ee728b)  -> (artifact id: 'bb57bbdce952f5ed4d8c278987b4b4d7') in 0.017093 seconds
  Import took 0.021416 seconds .

========================================================================
Received Import Request.
  Time since last request: 173.738259 seconds.
  path: Assets/Animation/New Folder
  artifactKey: Guid(9719b0d807ba6794386003a8d5f75e4e) Importer(815301076,1909f56bfc062723c751e8b465ee728b)
Start importing Assets/Animation/New Folder using Guid(9719b0d807ba6794386003a8d5f75e4e) Importer(815301076,1909f56bfc062723c751e8b465ee728b)  -> (artifact id: 'e2d88f4bf1d8e80aae21d888f13aec6c') in 0.006616 seconds
  Import took 0.016724 seconds .

AssetImportWorkerClient::OnTransportError - code=2 error=End of file
