Using pre-set license
Built from '2020.2/staging' branch; Version is '2020.2.7f1 (c53830e277f1) revision 12924976'; Using compiler version '192528614'; Build Type 'Release'
OS: 'Windows 10 Pro; OS build 19042.985; Version 2009; 64bit' Language: 'ru' Physical Memory: 16264 MB
BatchMode: 1, IsHumanControllingUs: 0, StartBugReporterOnCrash: 0, Is64bit: 1, IsPro: 0

 COMMAND LINE ARGUMENTS:
C:\Program Files\Unity\Hub\Editor\2020.2.7f1\Editor\Unity.exe
-adb2
-batchMode
-noUpm
-name
AssetImportWorker0
-projectPath
C:/GitHub/GeekBrains/SecondCourse/MyShooter
-logFile
Logs/AssetImportWorker0.log
-srvPort
51647
Successfully changed project path to: C:/GitHub/GeekBrains/SecondCourse/MyShooter
C:/GitHub/GeekBrains/SecondCourse/MyShooter
Using Asset Import Pipeline V2.
Refreshing native plugins compatible for Editor in 60.70 ms, found 0 plugins.
Preloading 0 native plugins for Editor in 0.00 ms.
Initialize engine version: 2020.2.7f1 (c53830e277f1)
[Subsystems] Discovering subsystems at path C:/Program Files/Unity/Hub/Editor/2020.2.7f1/Editor/Data/Resources/UnitySubsystems
[Subsystems] Discovering subsystems at path C:/GitHub/GeekBrains/SecondCourse/MyShooter/Assets
GfxDevice: creating device client; threaded=0
Direct3D:
    Version:  Direct3D 11.0 [level 11.0]
    Renderer: NVIDIA Quadro M600M (ID=0x13b2)
    Vendor:   
    VRAM:     2007 MB
    Driver:   27.21.14.5296
Initialize mono
Mono path[0] = 'C:/Program Files/Unity/Hub/Editor/2020.2.7f1/Editor/Data/Managed'
Mono path[1] = 'C:/Program Files/Unity/Hub/Editor/2020.2.7f1/Editor/Data/MonoBleedingEdge/lib/mono/unityjit'
Mono config path = 'C:/Program Files/Unity/Hub/Editor/2020.2.7f1/Editor/Data/MonoBleedingEdge/etc'
Using monoOptions --debugger-agent=transport=dt_socket,embedding=1,server=y,suspend=n,address=127.0.0.1:56296
Begin MonoManager ReloadAssembly
Registering precompiled unity dll's ...
Register platform support module: C:/Program Files/Unity/Hub/Editor/2020.2.7f1/Editor/Data/PlaybackEngines/WindowsStandaloneSupport/UnityEditor.WindowsStandalone.Extensions.dll
Registered in 0.003196 seconds.
Native extension for WindowsStandalone target not found
Refreshing native plugins compatible for Editor in 47.90 ms, found 0 plugins.
Preloading 0 native plugins for Editor in 0.00 ms.
Invoked RoslynAnalysisRunner static constructor.
RoslynAnalysisRunner will not be running.
RoslynAnalysisRunner has terminated.
Mono: successfully reloaded assembly
- Completed reload, in  1.576 seconds
Platform modules already initialized, skipping
Registering precompiled user dll's ...
Registered in 0.005205 seconds.
Begin MonoManager ReloadAssembly
Native extension for WindowsStandalone target not found
Refreshing native plugins compatible for Editor in 0.59 ms, found 0 plugins.
Preloading 0 native plugins for Editor in 0.00 ms.
Invoked RoslynAnalysisRunner static constructor.
RoslynAnalysisRunner will not be running.
RoslynAnalysisRunner has terminated.
Mono: successfully reloaded assembly
- Completed reload, in  1.106 seconds
Platform modules already initialized, skipping
========================================================================
Worker process is ready to serve import requests
Launched and connected shader compiler UnityShaderCompiler.exe after 0.09 seconds
Refreshing native plugins compatible for Editor in 0.47 ms, found 0 plugins.
Preloading 0 native plugins for Editor in 0.00 ms.
Unloading 1511 Unused Serialized files (Serialized files now loaded: 0)
System memory in use before: 75.0 MB.
System memory in use after: 75.0 MB.

Unloading 34 unused Assets to reduce memory usage. Loaded Objects now: 1947.
Total: 2.091500 ms (FindLiveObjects: 0.176300 ms CreateObjectMapping: 0.052000 ms MarkObjects: 1.721900 ms  DeleteObjects: 0.140200 ms)

========================================================================
Received Import Request.
  path: Assets/Animation/HeartPlayer/HeartPlayer.controller
  artifactKey: Guid(0dcbfd2e9b0109d46b9bade78427e545) Importer(815301076,1909f56bfc062723c751e8b465ee728b)
Start importing Assets/Animation/HeartPlayer/HeartPlayer.controller using Guid(0dcbfd2e9b0109d46b9bade78427e545) Importer(815301076,1909f56bfc062723c751e8b465ee728b)  -> (artifact id: '814b24fb26128f78259ce46ef8a268af') in 0.058792 seconds
  Import took 0.061971 seconds .

========================================================================
Received Prepare
Registering precompiled user dll's ...
Registered in 0.004942 seconds.
Begin MonoManager ReloadAssembly
Native extension for WindowsStandalone target not found
Refreshing native plugins compatible for Editor in 0.44 ms, found 0 plugins.
Preloading 0 native plugins for Editor in 0.00 ms.
Invoked RoslynAnalysisRunner static constructor.
RoslynAnalysisRunner will not be running.
RoslynAnalysisRunner has terminated.
Mono: successfully reloaded assembly
- Completed reload, in  1.052 seconds
Platform modules already initialized, skipping
Refreshing native plugins compatible for Editor in 0.51 ms, found 0 plugins.
Preloading 0 native plugins for Editor in 0.00 ms.
Unloading 1474 Unused Serialized files (Serialized files now loaded: 0)
System memory in use before: 72.5 MB.
System memory in use after: 72.6 MB.

Unloading 25 unused Assets to reduce memory usage. Loaded Objects now: 1950.
Total: 3.383100 ms (FindLiveObjects: 1.023300 ms CreateObjectMapping: 0.151500 ms MarkObjects: 2.142900 ms  DeleteObjects: 0.063800 ms)

========================================================================
Received Prepare
Registering precompiled user dll's ...
Registered in 0.007487 seconds.
Begin MonoManager ReloadAssembly
Native extension for WindowsStandalone target not found
Refreshing native plugins compatible for Editor in 0.48 ms, found 0 plugins.
Preloading 0 native plugins for Editor in 0.00 ms.
Invoked RoslynAnalysisRunner static constructor.
RoslynAnalysisRunner will not be running.
RoslynAnalysisRunner has terminated.
Mono: successfully reloaded assembly
- Completed reload, in  1.081 seconds
Platform modules already initialized, skipping
Refreshing native plugins compatible for Editor in 0.50 ms, found 0 plugins.
Preloading 0 native plugins for Editor in 0.00 ms.
Unloading 1474 Unused Serialized files (Serialized files now loaded: 0)
System memory in use before: 72.5 MB.
System memory in use after: 72.6 MB.

Unloading 25 unused Assets to reduce memory usage. Loaded Objects now: 1953.
Total: 2.462900 ms (FindLiveObjects: 0.386700 ms CreateObjectMapping: 0.082400 ms MarkObjects: 1.887400 ms  DeleteObjects: 0.104600 ms)

========================================================================
Received Prepare
Registering precompiled user dll's ...
Registered in 0.004970 seconds.
Begin MonoManager ReloadAssembly
Native extension for WindowsStandalone target not found
Refreshing native plugins compatible for Editor in 0.46 ms, found 0 plugins.
Preloading 0 native plugins for Editor in 0.00 ms.
Invoked RoslynAnalysisRunner static constructor.
RoslynAnalysisRunner will not be running.
RoslynAnalysisRunner has terminated.
Mono: successfully reloaded assembly
- Completed reload, in  1.095 seconds
Platform modules already initialized, skipping
Refreshing native plugins compatible for Editor in 0.54 ms, found 0 plugins.
Preloading 0 native plugins for Editor in 0.00 ms.
Unloading 1474 Unused Serialized files (Serialized files now loaded: 0)
System memory in use before: 72.5 MB.
System memory in use after: 72.6 MB.

Unloading 25 unused Assets to reduce memory usage. Loaded Objects now: 1956.
Total: 2.875500 ms (FindLiveObjects: 0.290600 ms CreateObjectMapping: 0.094800 ms MarkObjects: 2.412600 ms  DeleteObjects: 0.075900 ms)

========================================================================
Received Prepare
Registering precompiled user dll's ...
Registered in 0.004568 seconds.
Begin MonoManager ReloadAssembly
Native extension for WindowsStandalone target not found
Refreshing native plugins compatible for Editor in 0.68 ms, found 0 plugins.
Preloading 0 native plugins for Editor in 0.00 ms.
Invoked RoslynAnalysisRunner static constructor.
RoslynAnalysisRunner will not be running.
RoslynAnalysisRunner has terminated.
Mono: successfully reloaded assembly
- Completed reload, in  1.080 seconds
Platform modules already initialized, skipping
Refreshing native plugins compatible for Editor in 0.49 ms, found 0 plugins.
Preloading 0 native plugins for Editor in 0.00 ms.
Unloading 1474 Unused Serialized files (Serialized files now loaded: 0)
System memory in use before: 72.5 MB.
System memory in use after: 72.6 MB.

Unloading 25 unused Assets to reduce memory usage. Loaded Objects now: 1959.
Total: 3.215300 ms (FindLiveObjects: 0.202600 ms CreateObjectMapping: 0.086200 ms MarkObjects: 2.840400 ms  DeleteObjects: 0.084900 ms)

========================================================================
Received Prepare
Registering precompiled user dll's ...
Registered in 0.006911 seconds.
Begin MonoManager ReloadAssembly
Native extension for WindowsStandalone target not found
Refreshing native plugins compatible for Editor in 0.43 ms, found 0 plugins.
Preloading 0 native plugins for Editor in 0.00 ms.
Invoked RoslynAnalysisRunner static constructor.
RoslynAnalysisRunner will not be running.
RoslynAnalysisRunner has terminated.
Mono: successfully reloaded assembly
- Completed reload, in  1.058 seconds
Platform modules already initialized, skipping
Refreshing native plugins compatible for Editor in 0.54 ms, found 0 plugins.
Preloading 0 native plugins for Editor in 0.00 ms.
Unloading 1473 Unused Serialized files (Serialized files now loaded: 0)
System memory in use before: 72.5 MB.
System memory in use after: 72.6 MB.

Unloading 26 unused Assets to reduce memory usage. Loaded Objects now: 1961.
Total: 2.641800 ms (FindLiveObjects: 0.771800 ms CreateObjectMapping: 0.059800 ms MarkObjects: 1.746600 ms  DeleteObjects: 0.061200 ms)

========================================================================
Received Prepare
Registering precompiled user dll's ...
Registered in 0.004609 seconds.
Begin MonoManager ReloadAssembly
Native extension for WindowsStandalone target not found
Refreshing native plugins compatible for Editor in 0.71 ms, found 0 plugins.
Preloading 0 native plugins for Editor in 0.00 ms.
Invoked RoslynAnalysisRunner static constructor.
RoslynAnalysisRunner will not be running.
RoslynAnalysisRunner has terminated.
Mono: successfully reloaded assembly
- Completed reload, in  1.126 seconds
Platform modules already initialized, skipping
Refreshing native plugins compatible for Editor in 0.52 ms, found 0 plugins.
Preloading 0 native plugins for Editor in 0.00 ms.
Unloading 1473 Unused Serialized files (Serialized files now loaded: 0)
System memory in use before: 72.5 MB.
System memory in use after: 72.6 MB.

Unloading 25 unused Assets to reduce memory usage. Loaded Objects now: 1964.
Total: 2.821400 ms (FindLiveObjects: 0.563900 ms CreateObjectMapping: 0.139100 ms MarkObjects: 2.071100 ms  DeleteObjects: 0.045600 ms)

========================================================================
Received Prepare
Registering precompiled user dll's ...
Registered in 0.007038 seconds.
Begin MonoManager ReloadAssembly
Native extension for WindowsStandalone target not found
Refreshing native plugins compatible for Editor in 0.53 ms, found 0 plugins.
Preloading 0 native plugins for Editor in 0.00 ms.
Invoked RoslynAnalysisRunner static constructor.
RoslynAnalysisRunner will not be running.
RoslynAnalysisRunner has terminated.
Mono: successfully reloaded assembly
- Completed reload, in  1.092 seconds
Platform modules already initialized, skipping
Refreshing native plugins compatible for Editor in 0.51 ms, found 0 plugins.
Preloading 0 native plugins for Editor in 0.00 ms.
Unloading 1473 Unused Serialized files (Serialized files now loaded: 0)
System memory in use before: 72.5 MB.
System memory in use after: 72.6 MB.

Unloading 25 unused Assets to reduce memory usage. Loaded Objects now: 1967.
Total: 2.868600 ms (FindLiveObjects: 0.291300 ms CreateObjectMapping: 0.099500 ms MarkObjects: 2.449100 ms  DeleteObjects: 0.027000 ms)

========================================================================
Received Prepare
Registering precompiled user dll's ...
Registered in 0.006525 seconds.
Begin MonoManager ReloadAssembly
Native extension for WindowsStandalone target not found
Refreshing native plugins compatible for Editor in 0.54 ms, found 0 plugins.
Preloading 0 native plugins for Editor in 0.00 ms.
Invoked RoslynAnalysisRunner static constructor.
RoslynAnalysisRunner will not be running.
RoslynAnalysisRunner has terminated.
Mono: successfully reloaded assembly
- Completed reload, in  1.395 seconds
Platform modules already initialized, skipping
Refreshing native plugins compatible for Editor in 0.53 ms, found 0 plugins.
Preloading 0 native plugins for Editor in 0.00 ms.
Unloading 1473 Unused Serialized files (Serialized files now loaded: 0)
System memory in use before: 72.5 MB.
System memory in use after: 72.7 MB.

Unloading 25 unused Assets to reduce memory usage. Loaded Objects now: 1970.
Total: 2.646200 ms (FindLiveObjects: 0.359300 ms CreateObjectMapping: 0.105500 ms MarkObjects: 2.152200 ms  DeleteObjects: 0.027200 ms)

========================================================================
Received Import Request.
  Time since last request: 1148.051436 seconds.
  path: Assets/Prefab/Boss.prefab
  artifactKey: Guid(63c05de9de0677345be1d352bdd657c1) Importer(815301076,1909f56bfc062723c751e8b465ee728b)
Start importing Assets/Prefab/Boss.prefab using Guid(63c05de9de0677345be1d352bdd657c1) Importer(815301076,1909f56bfc062723c751e8b465ee728b)  -> (artifact id: 'a9ca9783ac9870a445c45408580a0252') in 0.125090 seconds
  Import took 0.132589 seconds .

========================================================================
Received Import Request.
  Time since last request: 12.886045 seconds.
  path: Assets/Prefab/EnemyBomb.prefab
  artifactKey: Guid(d37ddfb843dd0d64cbdf2a40e461dce9) Importer(815301076,1909f56bfc062723c751e8b465ee728b)
Start importing Assets/Prefab/EnemyBomb.prefab using Guid(d37ddfb843dd0d64cbdf2a40e461dce9) Importer(815301076,1909f56bfc062723c751e8b465ee728b)  -> (artifact id: '7626654290b35ace8c163959bd14ac08') in 0.024444 seconds
  Import took 0.028638 seconds .

========================================================================
Received Import Request.
  Time since last request: 0.018925 seconds.
  path: Assets/Prefab/EnemyBomb.prefab
  artifactKey: Guid(d37ddfb843dd0d64cbdf2a40e461dce9) Importer(815301076,1909f56bfc062723c751e8b465ee728b)
Start importing Assets/Prefab/EnemyBomb.prefab using Guid(d37ddfb843dd0d64cbdf2a40e461dce9) Importer(815301076,1909f56bfc062723c751e8b465ee728b)  -> (artifact id: '7626654290b35ace8c163959bd14ac08') in 0.020409 seconds
  Import took 0.025322 seconds .

========================================================================
Received Prepare
Registering precompiled user dll's ...
Registered in 0.007915 seconds.
Begin MonoManager ReloadAssembly
Native extension for WindowsStandalone target not found
Refreshing native plugins compatible for Editor in 0.70 ms, found 0 plugins.
Preloading 0 native plugins for Editor in 0.00 ms.
Invoked RoslynAnalysisRunner static constructor.
RoslynAnalysisRunner will not be running.
RoslynAnalysisRunner has terminated.
Mono: successfully reloaded assembly
- Completed reload, in  1.095 seconds
Platform modules already initialized, skipping
Refreshing native plugins compatible for Editor in 1.03 ms, found 0 plugins.
Preloading 0 native plugins for Editor in 0.00 ms.
Unloading 1474 Unused Serialized files (Serialized files now loaded: 0)
System memory in use before: 75.8 MB.
System memory in use after: 75.9 MB.

Unloading 25 unused Assets to reduce memory usage. Loaded Objects now: 1983.
Total: 2.492300 ms (FindLiveObjects: 0.269600 ms CreateObjectMapping: 0.061600 ms MarkObjects: 2.112600 ms  DeleteObjects: 0.047500 ms)

========================================================================
Received Import Request.
  Time since last request: 1664.116185 seconds.
  path: Assets/Scripts/HealthBar.cs
  artifactKey: Guid(8e6d125dcdb2f434c99aecbaf2aa761e) Importer(815301076,1909f56bfc062723c751e8b465ee728b)
Start importing Assets/Scripts/HealthBar.cs using Guid(8e6d125dcdb2f434c99aecbaf2aa761e) Importer(815301076,1909f56bfc062723c751e8b465ee728b)  -> (artifact id: 'e8082a2e92825cb6315ee62d00c8c413') in 0.084845 seconds
  Import took 0.089079 seconds .

========================================================================
Received Prepare
Registering precompiled user dll's ...
Registered in 0.004787 seconds.
Begin MonoManager ReloadAssembly
Native extension for WindowsStandalone target not found
Refreshing native plugins compatible for Editor in 0.69 ms, found 0 plugins.
Preloading 0 native plugins for Editor in 0.00 ms.
Invoked RoslynAnalysisRunner static constructor.
RoslynAnalysisRunner will not be running.
RoslynAnalysisRunner has terminated.
Mono: successfully reloaded assembly
- Completed reload, in  1.085 seconds
Platform modules already initialized, skipping
Refreshing native plugins compatible for Editor in 0.52 ms, found 0 plugins.
Preloading 0 native plugins for Editor in 0.00 ms.
Unloading 1474 Unused Serialized files (Serialized files now loaded: 0)
System memory in use before: 75.8 MB.
System memory in use after: 75.9 MB.

Unloading 25 unused Assets to reduce memory usage. Loaded Objects now: 1986.
Total: 3.322300 ms (FindLiveObjects: 0.412700 ms CreateObjectMapping: 0.140000 ms MarkObjects: 2.705400 ms  DeleteObjects: 0.062600 ms)

========================================================================
Received Prepare
Registering precompiled user dll's ...
Registered in 0.005169 seconds.
Begin MonoManager ReloadAssembly
Native extension for WindowsStandalone target not found
Refreshing native plugins compatible for Editor in 0.49 ms, found 0 plugins.
Preloading 0 native plugins for Editor in 0.00 ms.
Invoked RoslynAnalysisRunner static constructor.
RoslynAnalysisRunner will not be running.
RoslynAnalysisRunner has terminated.
Mono: successfully reloaded assembly
- Completed reload, in  1.093 seconds
Platform modules already initialized, skipping
Refreshing native plugins compatible for Editor in 0.50 ms, found 0 plugins.
Preloading 0 native plugins for Editor in 0.00 ms.
Unloading 1474 Unused Serialized files (Serialized files now loaded: 0)
System memory in use before: 75.8 MB.
System memory in use after: 75.9 MB.

Unloading 25 unused Assets to reduce memory usage. Loaded Objects now: 1989.
Total: 2.514500 ms (FindLiveObjects: 0.354400 ms CreateObjectMapping: 0.141500 ms MarkObjects: 1.966500 ms  DeleteObjects: 0.050600 ms)

========================================================================
Received Import Request.
  Time since last request: 71.261738 seconds.
  path: Assets/Scripts/HealthBar.cs
  artifactKey: Guid(8e6d125dcdb2f434c99aecbaf2aa761e) Importer(815301076,1909f56bfc062723c751e8b465ee728b)
Start importing Assets/Scripts/HealthBar.cs using Guid(8e6d125dcdb2f434c99aecbaf2aa761e) Importer(815301076,1909f56bfc062723c751e8b465ee728b)  -> (artifact id: '7fc8247c04f3a3bd9ebea9739658aacb') in 0.006119 seconds
  Import took 0.012138 seconds .

========================================================================
Received Import Request.
  Time since last request: 0.003095 seconds.
  path: Assets/Scripts/HealthBar.cs
  artifactKey: Guid(8e6d125dcdb2f434c99aecbaf2aa761e) Importer(815301076,1909f56bfc062723c751e8b465ee728b)
Start importing Assets/Scripts/HealthBar.cs using Guid(8e6d125dcdb2f434c99aecbaf2aa761e) Importer(815301076,1909f56bfc062723c751e8b465ee728b)  -> (artifact id: '7fc8247c04f3a3bd9ebea9739658aacb') in 0.003359 seconds
  Import took 0.006835 seconds .

========================================================================
Received Prepare
Registering precompiled user dll's ...
Registered in 0.004744 seconds.
Begin MonoManager ReloadAssembly
Native extension for WindowsStandalone target not found
Refreshing native plugins compatible for Editor in 0.53 ms, found 0 plugins.
Preloading 0 native plugins for Editor in 0.00 ms.
Invoked RoslynAnalysisRunner static constructor.
RoslynAnalysisRunner will not be running.
RoslynAnalysisRunner has terminated.
Mono: successfully reloaded assembly
- Completed reload, in  1.077 seconds
Platform modules already initialized, skipping
Refreshing native plugins compatible for Editor in 0.51 ms, found 0 plugins.
Preloading 0 native plugins for Editor in 0.00 ms.
Unloading 1473 Unused Serialized files (Serialized files now loaded: 0)
System memory in use before: 75.8 MB.
System memory in use after: 75.9 MB.

Unloading 26 unused Assets to reduce memory usage. Loaded Objects now: 1991.
Total: 2.860200 ms (FindLiveObjects: 0.190400 ms CreateObjectMapping: 0.060200 ms MarkObjects: 2.565400 ms  DeleteObjects: 0.043200 ms)

========================================================================
Received Import Request.
  Time since last request: 8.231233 seconds.
  path: Assets/Scripts/OpenThirdDoor.cs
  artifactKey: Guid(1b78dc1360b382f4bb2e0652fc53ae5c) Importer(815301076,1909f56bfc062723c751e8b465ee728b)
Start importing Assets/Scripts/OpenThirdDoor.cs using Guid(1b78dc1360b382f4bb2e0652fc53ae5c) Importer(815301076,1909f56bfc062723c751e8b465ee728b)  -> (artifact id: '1640bbb7a018be4986dbfe8d3e9df6e3') in 0.016019 seconds
  Import took 0.020190 seconds .

========================================================================
Received Import Request.
  Time since last request: 0.000293 seconds.
  path: Assets/Scripts/OpenSecondDoor.cs
  artifactKey: Guid(c5ec011519e903e43b934ded3d2446ce) Importer(815301076,1909f56bfc062723c751e8b465ee728b)
Start importing Assets/Scripts/OpenSecondDoor.cs using Guid(c5ec011519e903e43b934ded3d2446ce) Importer(815301076,1909f56bfc062723c751e8b465ee728b)  -> (artifact id: 'b6df62b4c8e138cfcb49ffdf3862524e') in 0.009553 seconds
  Import took 0.016701 seconds .

========================================================================
Received Import Request.
  Time since last request: 0.000371 seconds.
  path: Assets/Scripts/OpenThirdDoor.cs
  artifactKey: Guid(1b78dc1360b382f4bb2e0652fc53ae5c) Importer(815301076,1909f56bfc062723c751e8b465ee728b)
Start importing Assets/Scripts/OpenThirdDoor.cs using Guid(1b78dc1360b382f4bb2e0652fc53ae5c) Importer(815301076,1909f56bfc062723c751e8b465ee728b)  -> (artifact id: '1640bbb7a018be4986dbfe8d3e9df6e3') in 0.003446 seconds
  Import took 0.007961 seconds .

========================================================================
Received Import Request.
  Time since last request: 0.626910 seconds.
  path: Assets/Scripts/PickSpawn.cs
  artifactKey: Guid(76fed0923211d1744a99c1fc718086a2) Importer(815301076,1909f56bfc062723c751e8b465ee728b)
Start importing Assets/Scripts/PickSpawn.cs using Guid(76fed0923211d1744a99c1fc718086a2) Importer(815301076,1909f56bfc062723c751e8b465ee728b)  -> (artifact id: '38d482198c622a1e2c2083a74fcee857') in 0.009484 seconds
  Import took 0.017470 seconds .

========================================================================
Received Import Request.
  Time since last request: 1.310321 seconds.
  path: Assets/Scripts/PickUp.cs
  artifactKey: Guid(4987627e83a51f445b6c029e25e058d8) Importer(815301076,1909f56bfc062723c751e8b465ee728b)
Start importing Assets/Scripts/PickUp.cs using Guid(4987627e83a51f445b6c029e25e058d8) Importer(815301076,1909f56bfc062723c751e8b465ee728b)  -> (artifact id: '74ffca7782a17b357c0ea70594e3cbc1') in 0.008605 seconds
  Import took 0.015429 seconds .

