Using pre-set license
Built from '2020.2/staging' branch; Version is '2020.2.7f1 (c53830e277f1) revision 12924976'; Using compiler version '192528614'; Build Type 'Release'
OS: 'Windows 10 Pro; OS build 19042.1348; Version 2009; 64bit' Language: 'ru' Physical Memory: 16264 MB
BatchMode: 1, IsHumanControllingUs: 0, StartBugReporterOnCrash: 0, Is64bit: 1, IsPro: 0

 COMMAND LINE ARGUMENTS:
C:\Program Files\Unity\Hub\Editor\2020.2.7f1\Editor\Unity.exe
-adb2
-batchMode
-noUpm
-name
AssetImportWorker0
-projectPath
C:/GitHub/GeekBrains/FiveCourse/AsteroidGB
-logFile
Logs/AssetImportWorker0.log
-srvPort
51786
Successfully changed project path to: C:/GitHub/GeekBrains/FiveCourse/AsteroidGB
C:/GitHub/GeekBrains/FiveCourse/AsteroidGB
Using Asset Import Pipeline V2.
Refreshing native plugins compatible for Editor in 51.24 ms, found 1 plugins.
Preloading 0 native plugins for Editor in 0.00 ms.
Initialize engine version: 2020.2.7f1 (c53830e277f1)
[Subsystems] Discovering subsystems at path C:/Program Files/Unity/Hub/Editor/2020.2.7f1/Editor/Data/Resources/UnitySubsystems
[Subsystems] Discovering subsystems at path C:/GitHub/GeekBrains/FiveCourse/AsteroidGB/Assets
GfxDevice: creating device client; threaded=0
Direct3D:
    Version:  Direct3D 11.0 [level 11.0]
    Renderer: NVIDIA Quadro M600M (ID=0x13b2)
    Vendor:   
    VRAM:     2007 MB
    Driver:   27.21.14.6294
Initialize mono
Mono path[0] = 'C:/Program Files/Unity/Hub/Editor/2020.2.7f1/Editor/Data/Managed'
Mono path[1] = 'C:/Program Files/Unity/Hub/Editor/2020.2.7f1/Editor/Data/MonoBleedingEdge/lib/mono/unityjit'
Mono config path = 'C:/Program Files/Unity/Hub/Editor/2020.2.7f1/Editor/Data/MonoBleedingEdge/etc'
Using monoOptions --debugger-agent=transport=dt_socket,embedding=1,server=y,suspend=n,address=127.0.0.1:56488
Begin MonoManager ReloadAssembly
Registering precompiled unity dll's ...
Register platform support module: C:/Program Files/Unity/Hub/Editor/2020.2.7f1/Editor/Data/PlaybackEngines/WindowsStandaloneSupport/UnityEditor.WindowsStandalone.Extensions.dll
Registered in 0.004304 seconds.
Native extension for WindowsStandalone target not found
Refreshing native plugins compatible for Editor in 47.32 ms, found 1 plugins.
Preloading 0 native plugins for Editor in 0.00 ms.
Invoked RoslynAnalysisRunner static constructor.
RoslynAnalysisRunner will not be running.
RoslynAnalysisRunner has terminated.
Mono: successfully reloaded assembly
- Completed reload, in  1.708 seconds
Platform modules already initialized, skipping
Registering precompiled user dll's ...
Registered in 0.001638 seconds.
Begin MonoManager ReloadAssembly
Native extension for WindowsStandalone target not found
Refreshing native plugins compatible for Editor in 44.39 ms, found 1 plugins.
Preloading 0 native plugins for Editor in 0.00 ms.
Invoked RoslynAnalysisRunner static constructor.
RoslynAnalysisRunner will not be running.
RoslynAnalysisRunner has terminated.
Mono: successfully reloaded assembly
- Completed reload, in  1.278 seconds
Platform modules already initialized, skipping
========================================================================
Worker process is ready to serve import requests
Launched and connected shader compiler UnityShaderCompiler.exe after 0.09 seconds
Refreshing native plugins compatible for Editor in 0.44 ms, found 1 plugins.
Preloading 0 native plugins for Editor in 0.00 ms.
Unloading 1892 Unused Serialized files (Serialized files now loaded: 0)
System memory in use before: 86.6 MB.
System memory in use after: 86.6 MB.

Unloading 22 unused Assets to reduce memory usage. Loaded Objects now: 2339.
Total: 2.362700 ms (FindLiveObjects: 0.202900 ms CreateObjectMapping: 0.111600 ms MarkObjects: 1.903500 ms  DeleteObjects: 0.143500 ms)

========================================================================
Received Import Request.
  path: Assets/MVVM Game/Capsule.asset
  artifactKey: Guid(19391522b4623c14d8e03143de38624e) Importer(815301076,1909f56bfc062723c751e8b465ee728b)
Start importing Assets/MVVM Game/Capsule.asset using Guid(19391522b4623c14d8e03143de38624e) Importer(815301076,1909f56bfc062723c751e8b465ee728b)  -> (artifact id: 'eecefb7a15b05b34956a731f4d2976d6') in 0.082092 seconds
  Import took 0.094600 seconds .

========================================================================
Received Import Request.
  Time since last request: 0.000926 seconds.
  path: Assets/MVVM Game/Ball.asset
  artifactKey: Guid(e0f83a932c9fdae419cd1dc7b51f634b) Importer(815301076,1909f56bfc062723c751e8b465ee728b)
Start importing Assets/MVVM Game/Ball.asset using Guid(e0f83a932c9fdae419cd1dc7b51f634b) Importer(815301076,1909f56bfc062723c751e8b465ee728b)  -> (artifact id: '99557421522317ad1b031b60c1592eaa') in 0.010714 seconds
  Import took 0.019962 seconds .

========================================================================
Received Prepare
Registering precompiled user dll's ...
Registered in 0.002565 seconds.
Begin MonoManager ReloadAssembly
Native extension for WindowsStandalone target not found
Refreshing native plugins compatible for Editor in 0.38 ms, found 1 plugins.
Preloading 0 native plugins for Editor in 0.00 ms.
Invoked RoslynAnalysisRunner static constructor.
RoslynAnalysisRunner will not be running.
RoslynAnalysisRunner has terminated.
Mono: successfully reloaded assembly
- Completed reload, in  1.210 seconds
Platform modules already initialized, skipping
Refreshing native plugins compatible for Editor in 0.43 ms, found 1 plugins.
Preloading 0 native plugins for Editor in 0.00 ms.
Unloading 1886 Unused Serialized files (Serialized files now loaded: 0)
System memory in use before: 86.6 MB.
System memory in use after: 86.6 MB.

Unloading 11 unused Assets to reduce memory usage. Loaded Objects now: 2345.
Total: 3.363300 ms (FindLiveObjects: 0.303100 ms CreateObjectMapping: 0.096800 ms MarkObjects: 2.804100 ms  DeleteObjects: 0.157600 ms)

========================================================================
Received Import Request.
  Time since last request: 145.051300 seconds.
  path: Assets/Code/AccelerationSpeed.cs
  artifactKey: Guid(75aa0a0cf2ea430bbedc773eb1123eab) Importer(815301076,1909f56bfc062723c751e8b465ee728b)
Start importing Assets/Code/AccelerationSpeed.cs using Guid(75aa0a0cf2ea430bbedc773eb1123eab) Importer(815301076,1909f56bfc062723c751e8b465ee728b)  -> (artifact id: 'fc25caaeb968d61401be951f9e3cef02') in 0.073242 seconds
  Import took 0.083488 seconds .

AssetImportWorkerClient::OnTransportError - code=2 error=End of file
